#
# There is insufficient memory for the Java Runtime Environment to continue.
# Native memory allocation (malloc) failed to allocate 1206896 bytes for Chunk::new
# Possible reasons:
#   The system is out of physical RAM or swap space
#   The process is running with CompressedOops enabled, and the Java Heap may be blocking the growth of the native heap
# Possible solutions:
#   Reduce memory load on the system
#   Increase physical memory or swap space
#   Check if swap backing store is full
#   Decrease Java heap size (-Xmx/-Xms)
#   Decrease number of Java threads
#   Decrease Java thread stack sizes (-Xss)
#   Set larger code cache with -XX:ReservedCodeCacheSize=
#   JVM is running with Unscaled Compressed Oops mode in which the Java heap is
#     placed in the first 4GB address space. The Java Heap base address is the
#     maximum limit for the native heap growth. Please use -XX:HeapBaseMinAddress
#     to set the Java Heap base and to place the Java Heap above 4GB virtual address.
# This output file may be truncated or incomplete.
#
#  Out of Memory Error (allocation.cpp:389), pid=8184, tid=0x0000000000003540
#
# JRE version: Java(TM) SE Runtime Environment (8.0_221-b11) (build 1.8.0_221-b11)
# Java VM: Java HotSpot(TM) 64-Bit Server VM (25.221-b11 mixed mode windows-amd64 compressed oops)
# Failed to write core dump. Minidumps are not enabled by default on client versions of Windows
#

---------------  T H R E A D  ---------------

Current thread (0x00000000177d4000):  JavaThread "C2 CompilerThread1" daemon [_thread_in_native, id=13632, stack(0x0000000019300000,0x0000000019400000)]

Stack: [0x0000000019300000,0x0000000019400000]
[error occurred during error reporting (printing stack bounds), id 0xc0000005]

Native frames: (J=compiled Java code, j=interpreted, Vv=VM code, C=native code)


Current CompileTask:
C2:   3851 2127       4       java.net.URLClassLoader$1::run (5 bytes)


---------------  P R O C E S S  ---------------

Java Threads: ( => current thread )
  0x000000001a462800 JavaThread "restartedMain" [_thread_in_native, id=2060, stack(0x000000001b0e0000,0x000000001b1e0000)]
  0x000000001a451000 JavaThread "Thread-0" [_thread_blocked, id=6812, stack(0x000000001afe0000,0x000000001b0e0000)]
  0x00000000177dd800 JavaThread "Service Thread" daemon [_thread_blocked, id=7824, stack(0x0000000019500000,0x0000000019600000)]
  0x0000000018f09000 JavaThread "C1 CompilerThread2" daemon [_thread_blocked, id=14020, stack(0x0000000019400000,0x0000000019500000)]
=>0x00000000177d4000 JavaThread "C2 CompilerThread1" daemon [_thread_in_native, id=13632, stack(0x0000000019300000,0x0000000019400000)]
  0x00000000177d2000 JavaThread "C2 CompilerThread0" daemon [_thread_in_native, id=14600, stack(0x0000000018e00000,0x0000000018f00000)]
  0x00000000177d0000 JavaThread "Attach Listener" daemon [_thread_blocked, id=13500, stack(0x0000000018d00000,0x0000000018e00000)]
  0x00000000177cf800 JavaThread "Signal Dispatcher" daemon [_thread_blocked, id=3056, stack(0x0000000018c00000,0x0000000018d00000)]
  0x000000001776c000 JavaThread "Finalizer" daemon [_thread_blocked, id=3068, stack(0x00000000189e0000,0x0000000018ae0000)]
  0x0000000002c24800 JavaThread "Reference Handler" daemon [_thread_blocked, id=8232, stack(0x00000000188e0000,0x00000000189e0000)]
  0x0000000002b35800 JavaThread "main" [_thread_blocked, id=14216, stack(0x0000000002a30000,0x0000000002b30000)]

Other Threads:
  0x0000000017748000 VMThread [stack: 0x00000000187e0000,0x00000000188e0000] [id=6972]
  0x0000000018fc7800 WatcherThread [stack: 0x0000000019600000,0x0000000019700000] [id=4284]

VM state:not at safepoint (normal execution)

VM Mutex/Monitor currently owned by a thread: None

heap address: 0x0000000081800000, size: 2024 MB, Compressed Oops mode: 32-bit
Narrow klass base: 0x0000000000000000, Narrow klass shift: 3
Compressed class space size: 1073741824 Address: 0x0000000100000000

Heap:
 PSYoungGen      total 138240K, used 45700K [0x00000000d5d80000, 0x00000000e2c00000, 0x0000000100000000)
  eden space 133120K, 30% used [0x00000000d5d80000,0x00000000d8522628,0x00000000ddf80000)
  from space 5120K, 99% used [0x00000000ddf80000,0x00000000de47ed70,0x00000000de480000)
  to   space 12288K, 0% used [0x00000000e2000000,0x00000000e2000000,0x00000000e2c00000)
 ParOldGen       total 71168K, used 13171K [0x0000000081800000, 0x0000000085d80000, 0x00000000d5d80000)
  object space 71168K, 18% used [0x0000000081800000,0x00000000824dcce8,0x0000000085d80000)
 Metaspace       used 22200K, capacity 22492K, committed 22704K, reserved 1069056K
  class space    used 2725K, capacity 2796K, committed 2816K, reserved 1048576K

Card table byte_map: [0x0000000011ff0000,0x00000000123f0000] byte_map_base: 0x0000000011be4000

Marking Bits: (ParMarkBitMap*) 0x00000000705b5ce0
 Begin Bits: [0x0000000012aa0000, 0x0000000014a40000)
 End Bits:   [0x0000000014a40000, 0x00000000169e0000)

Polling page: 0x0000000001180000

CodeCache: size=245760Kb used=8864Kb max_used=8864Kb free=236895Kb
 bounds [0x0000000002c30000, 0x00000000034e0000, 0x0000000011c30000]
 total_blobs=2731 nmethods=2365 adapters=278
 compilation: enabled

Compilation events (10 events):
Event: 3.805 Thread 0x0000000018f09000 2378       3       java.util.HashMap::isEmpty (13 bytes)
Event: 3.805 Thread 0x0000000018f09000 nmethod 2378 0x00000000034d6f50 code [0x00000000034d70a0, 0x00000000034d7250]
Event: 3.824 Thread 0x0000000018f09000 2381       3       org.springframework.util.ReflectionUtils::getDeclaredFields (52 bytes)
Event: 3.825 Thread 0x0000000018f09000 nmethod 2381 0x00000000034d72d0 code [0x00000000034d74c0, 0x00000000034d7b88]
Event: 3.829 Thread 0x0000000018f09000 2382   !   3       org.springframework.core.SerializableTypeWrapper$TypeProxyInvocationHandler::invoke (232 bytes)
Event: 3.831 Thread 0x0000000018f09000 nmethod 2382 0x00000000034d7e90 code [0x00000000034d8200, 0x00000000034da158]
Event: 3.838 Thread 0x0000000018f09000 2383   !   3       org.springframework.core.type.classreading.AbstractRecursiveAnnotationVisitor::getEnumValue (76 bytes)
Event: 3.839 Thread 0x0000000018f09000 nmethod 2383 0x00000000034dac90 code [0x00000000034daea0, 0x00000000034db818]
Event: 3.842 Thread 0x0000000018f09000 2384       3       java.util.LinkedList::unlink (91 bytes)
Event: 3.843 Thread 0x0000000018f09000 nmethod 2384 0x00000000034dbe50 code [0x00000000034dbfc0, 0x00000000034dc290]

GC Heap History (10 events):
Event: 0.854 GC heap before
{Heap before GC invocations=2 (full 0):
 PSYoungGen      total 38400K, used 37111K [0x00000000d5d80000, 0x00000000da880000, 0x0000000100000000)
  eden space 33280K, 100% used [0x00000000d5d80000,0x00000000d7e00000,0x00000000d7e00000)
  from space 5120K, 74% used [0x00000000d7e00000,0x00000000d81bdcf8,0x00000000d8300000)
  to   space 5120K, 0% used [0x00000000da380000,0x00000000da380000,0x00000000da880000)
 ParOldGen       total 87552K, used 8K [0x0000000081800000, 0x0000000086d80000, 0x00000000d5d80000)
  object space 87552K, 0% used [0x0000000081800000,0x0000000081802000,0x0000000086d80000)
 Metaspace       used 9251K, capacity 9392K, committed 9600K, reserved 1058816K
  class space    used 1059K, capacity 1081K, committed 1152K, reserved 1048576K
Event: 0.861 GC heap after
Heap after GC invocations=2 (full 0):
 PSYoungGen      total 71680K, used 5118K [0x00000000d5d80000, 0x00000000da880000, 0x0000000100000000)
  eden space 66560K, 0% used [0x00000000d5d80000,0x00000000d5d80000,0x00000000d9e80000)
  from space 5120K, 99% used [0x00000000da380000,0x00000000da87fba8,0x00000000da880000)
  to   space 5120K, 0% used [0x00000000d9e80000,0x00000000d9e80000,0x00000000da380000)
 ParOldGen       total 87552K, used 146K [0x0000000081800000, 0x0000000086d80000, 0x00000000d5d80000)
  object space 87552K, 0% used [0x0000000081800000,0x0000000081824990,0x0000000086d80000)
 Metaspace       used 9251K, capacity 9392K, committed 9600K, reserved 1058816K
  class space    used 1059K, capacity 1081K, committed 1152K, reserved 1048576K
}
Event: 1.705 GC heap before
{Heap before GC invocations=3 (full 0):
 PSYoungGen      total 71680K, used 71678K [0x00000000d5d80000, 0x00000000da880000, 0x0000000100000000)
  eden space 66560K, 100% used [0x00000000d5d80000,0x00000000d9e80000,0x00000000d9e80000)
  from space 5120K, 99% used [0x00000000da380000,0x00000000da87fba8,0x00000000da880000)
  to   space 5120K, 0% used [0x00000000d9e80000,0x00000000d9e80000,0x00000000da380000)
 ParOldGen       total 87552K, used 146K [0x0000000081800000, 0x0000000086d80000, 0x00000000d5d80000)
  object space 87552K, 0% used [0x0000000081800000,0x0000000081824990,0x0000000086d80000)
 Metaspace       used 18398K, capacity 18608K, committed 18816K, reserved 1064960K
  class space    used 2262K, capacity 2320K, committed 2432K, reserved 1048576K
Event: 1.718 GC heap after
Heap after GC invocations=3 (full 0):
 PSYoungGen      total 71680K, used 5100K [0x00000000d5d80000, 0x00000000de980000, 0x0000000100000000)
  eden space 66560K, 0% used [0x00000000d5d80000,0x00000000d5d80000,0x00000000d9e80000)
  from space 5120K, 99% used [0x00000000d9e80000,0x00000000da37b260,0x00000000da380000)
  to   space 5120K, 0% used [0x00000000de480000,0x00000000de480000,0x00000000de980000)
 ParOldGen       total 87552K, used 8286K [0x0000000081800000, 0x0000000086d80000, 0x00000000d5d80000)
  object space 87552K, 9% used [0x0000000081800000,0x00000000820179c0,0x0000000086d80000)
 Metaspace       used 18398K, capacity 18608K, committed 18816K, reserved 1064960K
  class space    used 2262K, capacity 2320K, committed 2432K, reserved 1048576K
}
Event: 2.230 GC heap before
{Heap before GC invocations=4 (full 0):
 PSYoungGen      total 71680K, used 46902K [0x00000000d5d80000, 0x00000000de980000, 0x0000000100000000)
  eden space 66560K, 62% used [0x00000000d5d80000,0x00000000d86525d8,0x00000000d9e80000)
  from space 5120K, 99% used [0x00000000d9e80000,0x00000000da37b260,0x00000000da380000)
  to   space 5120K, 0% used [0x00000000de480000,0x00000000de480000,0x00000000de980000)
 ParOldGen       total 87552K, used 8286K [0x0000000081800000, 0x0000000086d80000, 0x00000000d5d80000)
  object space 87552K, 9% used [0x0000000081800000,0x00000000820179c0,0x0000000086d80000)
 Metaspace       used 20914K, capacity 21154K, committed 21296K, reserved 1069056K
  class space    used 2558K, capacity 2633K, committed 2688K, reserved 1048576K
Event: 2.243 GC heap after
Heap after GC invocations=4 (full 0):
 PSYoungGen      total 138240K, used 5091K [0x00000000d5d80000, 0x00000000de980000, 0x0000000100000000)
  eden space 133120K, 0% used [0x00000000d5d80000,0x00000000d5d80000,0x00000000ddf80000)
  from space 5120K, 99% used [0x00000000de480000,0x00000000de978f10,0x00000000de980000)
  to   space 5120K, 0% used [0x00000000ddf80000,0x00000000ddf80000,0x00000000de480000)
 ParOldGen       total 87552K, used 11278K [0x0000000081800000, 0x0000000086d80000, 0x00000000d5d80000)
  object space 87552K, 12% used [0x0000000081800000,0x0000000082303888,0x0000000086d80000)
 Metaspace       used 20914K, capacity 21154K, committed 21296K, reserved 1069056K
  class space    used 2558K, capacity 2633K, committed 2688K, reserved 1048576K
}
Event: 2.243 GC heap before
{Heap before GC invocations=5 (full 1):
 PSYoungGen      total 138240K, used 5091K [0x00000000d5d80000, 0x00000000de980000, 0x0000000100000000)
  eden space 133120K, 0% used [0x00000000d5d80000,0x00000000d5d80000,0x00000000ddf80000)
  from space 5120K, 99% used [0x00000000de480000,0x00000000de978f10,0x00000000de980000)
  to   space 5120K, 0% used [0x00000000ddf80000,0x00000000ddf80000,0x00000000de480000)
 ParOldGen       total 87552K, used 11278K [0x0000000081800000, 0x0000000086d80000, 0x00000000d5d80000)
  object space 87552K, 12% used [0x0000000081800000,0x0000000082303888,0x0000000086d80000)
 Metaspace       used 20914K, capacity 21154K, committed 21296K, reserved 1069056K
  class space    used 2558K, capacity 2633K, committed 2688K, reserved 1048576K
Event: 2.298 GC heap after
Heap after GC invocations=5 (full 1):
 PSYoungGen      total 138240K, used 0K [0x00000000d5d80000, 0x00000000de980000, 0x0000000100000000)
  eden space 133120K, 0% used [0x00000000d5d80000,0x00000000d5d80000,0x00000000ddf80000)
  from space 5120K, 0% used [0x00000000de480000,0x00000000de480000,0x00000000de980000)
  to   space 5120K, 0% used [0x00000000ddf80000,0x00000000ddf80000,0x00000000de480000)
 ParOldGen       total 71168K, used 11669K [0x0000000081800000, 0x0000000085d80000, 0x00000000d5d80000)
  object space 71168K, 16% used [0x0000000081800000,0x00000000823656a0,0x0000000085d80000)
 Metaspace       used 20914K, capacity 21154K, committed 21296K, reserved 1069056K
  class space    used 2558K, capacity 2633K, committed 2688K, reserved 1048576K
}
Event: 3.469 GC heap before
{Heap before GC invocations=6 (full 1):
 PSYoungGen      total 138240K, used 133120K [0x00000000d5d80000, 0x00000000de980000, 0x0000000100000000)
  eden space 133120K, 100% used [0x00000000d5d80000,0x00000000ddf80000,0x00000000ddf80000)
  from space 5120K, 0% used [0x00000000de480000,0x00000000de480000,0x00000000de980000)
  to   space 5120K, 0% used [0x00000000ddf80000,0x00000000ddf80000,0x00000000de480000)
 ParOldGen       total 71168K, used 11669K [0x0000000081800000, 0x0000000085d80000, 0x00000000d5d80000)
  object space 71168K, 16% used [0x0000000081800000,0x00000000823656a0,0x0000000085d80000)
 Metaspace       used 22096K, capacity 22428K, committed 22704K, reserved 1069056K
  class space    used 2705K, capacity 2796K, committed 2816K, reserved 1048576K
Event: 3.481 GC heap after
Heap after GC invocations=6 (full 1):
 PSYoungGen      total 138240K, used 5115K [0x00000000d5d80000, 0x00000000e2c00000, 0x0000000100000000)
  eden space 133120K, 0% used [0x00000000d5d80000,0x00000000d5d80000,0x00000000ddf80000)
  from space 5120K, 99% used [0x00000000ddf80000,0x00000000de47ed70,0x00000000de480000)
  to   space 12288K, 0% used [0x00000000e2000000,0x00000000e2000000,0x00000000e2c00000)
 ParOldGen       total 71168K, used 13171K [0x0000000081800000, 0x0000000085d80000, 0x00000000d5d80000)
  object space 71168K, 18% used [0x0000000081800000,0x00000000824dcce8,0x0000000085d80000)
 Metaspace       used 22096K, capacity 22428K, committed 22704K, reserved 1069056K
  class space    used 2705K, capacity 2796K, committed 2816K, reserved 1048576K
}

Deoptimization events (10 events):
Event: 2.096 Thread 0x000000001a462800 Uncommon trap: reason=bimorphic action=maybe_recompile pc=0x0000000002f61e18 method=java.util.HashMap.putVal(ILjava/lang/Object;Ljava/lang/Object;ZZ)Ljava/lang/Object; @ 253
Event: 2.376 Thread 0x000000001a462800 Uncommon trap: reason=unstable_if action=reinterpret pc=0x000000000336ad50 method=java.util.AbstractCollection.isEmpty()Z @ 4
Event: 2.664 Thread 0x000000001a462800 Uncommon trap: reason=predicate action=maybe_recompile pc=0x00000000033d9338 method=org.springframework.core.type.classreading.AnnotationReadingVisitorUtils.convertClassValues(Ljava/lang/Object;Ljava/lang/ClassLoader;Lorg/springframework/core/annotation/A
Event: 3.396 Thread 0x000000001a462800 Uncommon trap: reason=unstable_if action=reinterpret pc=0x0000000003368398 method=org.springframework.asm.ClassReader.readUTF(II[C)Ljava/lang/String; @ 77
Event: 3.488 Thread 0x000000001a462800 Uncommon trap: reason=unstable_if action=reinterpret pc=0x000000000336b704 method=java.util.LinkedHashMap.afterNodeInsertion(Z)V @ 18
Event: 3.528 Thread 0x000000001a462800 Uncommon trap: reason=unstable_if action=reinterpret pc=0x00000000032954fc method=org.springframework.asm.ClassReader.readUTF(II[C)Ljava/lang/String; @ 77
Event: 3.775 Thread 0x000000001a462800 Uncommon trap: reason=array_check action=maybe_recompile pc=0x00000000034c65b0 method=org.springframework.core.type.classreading.AnnotationReadingVisitorUtils.convertClassValues(Ljava/lang/Object;Ljava/lang/ClassLoader;Lorg/springframework/core/annotation
Event: 3.776 Thread 0x000000001a462800 Uncommon trap: reason=array_check action=maybe_recompile pc=0x00000000034c65b0 method=org.springframework.core.type.classreading.AnnotationReadingVisitorUtils.convertClassValues(Ljava/lang/Object;Ljava/lang/ClassLoader;Lorg/springframework/core/annotation
Event: 3.777 Thread 0x000000001a462800 Uncommon trap: reason=array_check action=maybe_recompile pc=0x00000000034c65b0 method=org.springframework.core.type.classreading.AnnotationReadingVisitorUtils.convertClassValues(Ljava/lang/Object;Ljava/lang/ClassLoader;Lorg/springframework/core/annotation
Event: 3.778 Thread 0x000000001a462800 Uncommon trap: reason=array_check action=maybe_recompile pc=0x00000000034c65b0 method=org.springframework.core.type.classreading.AnnotationReadingVisitorUtils.convertClassValues(Ljava/lang/Object;Ljava/lang/ClassLoader;Lorg/springframework/core/annotation

Classes redefined (0 events):
No events

Internal exceptions (10 events):
Event: 1.810 Thread 0x000000001a462800 Exception <a 'java/lang/ClassNotFoundException': org/springframework/beans/factory/support/BeanDefinitionRegistryPostProcessorCustomizer> (0x00000000d64800a8) thrown at [C:\re\workspace\8-2-build-windows-amd64-cygwin\jdk8u221\13320\hotspot\src\share\vm\cl
Event: 1.810 Thread 0x000000001a462800 Exception <a 'java/lang/ClassNotFoundException': org/springframework/core/PriorityOrderedCustomizer> (0x00000000d6495168) thrown at [C:\re\workspace\8-2-build-windows-amd64-cygwin\jdk8u221\13320\hotspot\src\share\vm\classfile\systemDictionary.cpp, line 21
Event: 1.811 Thread 0x000000001a462800 Exception <a 'java/lang/ClassNotFoundException': org/springframework/context/ResourceLoaderAwareCustomizer> (0x00000000d64ab140) thrown at [C:\re\workspace\8-2-build-windows-amd64-cygwin\jdk8u221\13320\hotspot\src\share\vm\classfile\systemDictionary.cpp, 
Event: 1.812 Thread 0x000000001a462800 Exception <a 'java/lang/ClassNotFoundException': org/springframework/beans/factory/BeanClassLoaderAwareCustomizer> (0x00000000d64c41f0) thrown at [C:\re\workspace\8-2-build-windows-amd64-cygwin\jdk8u221\13320\hotspot\src\share\vm\classfile\systemDictionar
Event: 1.813 Thread 0x000000001a462800 Exception <a 'java/lang/ClassNotFoundException': org/springframework/context/EnvironmentAwareCustomizer> (0x00000000d64da8c8) thrown at [C:\re\workspace\8-2-build-windows-amd64-cygwin\jdk8u221\13320\hotspot\src\share\vm\classfile\systemDictionary.cpp, lin
Event: 2.619 Thread 0x000000001a462800 Exception <a 'java/lang/ClassNotFoundException': java/lang/ObjectCustomizer> (0x00000000d8830190) thrown at [C:\re\workspace\8-2-build-windows-amd64-cygwin\jdk8u221\13320\hotspot\src\share\vm\classfile\systemDictionary.cpp, line 210]
Event: 2.620 Thread 0x000000001a462800 Exception <a 'java/lang/ClassNotFoundException': org/springframework/boot/autoconfigure/web/ResourcePropertiesCustomizer> (0x00000000d884e0b8) thrown at [C:\re\workspace\8-2-build-windows-amd64-cygwin\jdk8u221\13320\hotspot\src\share\vm\classfile\systemDi
Event: 2.622 Thread 0x000000001a462800 Exception <a 'java/lang/ClassNotFoundException': org/springframework/context/ResourceLoaderAwareCustomizer> (0x00000000d8873630) thrown at [C:\re\workspace\8-2-build-windows-amd64-cygwin\jdk8u221\13320\hotspot\src\share\vm\classfile\systemDictionary.cpp, 
Event: 2.624 Thread 0x000000001a462800 Exception <a 'java/lang/ClassNotFoundException': java/lang/ObjectCustomizer> (0x00000000d8891230) thrown at [C:\re\workspace\8-2-build-windows-amd64-cygwin\jdk8u221\13320\hotspot\src\share\vm\classfile\systemDictionary.cpp, line 210]
Event: 2.626 Thread 0x000000001a462800 Exception <a 'java/lang/ClassNotFoundException': org/springframework/boot/autoconfigure/web/ResourceProperties$ChainCustomizer> (0x00000000d88affb0) thrown at [C:\re\workspace\8-2-build-windows-amd64-cygwin\jdk8u221\13320\hotspot\src\share\vm\classfile\sy

Events (10 events):
Event: 3.847 loading class org/springframework/jms/core$JmsTemplate
Event: 3.847 loading class org/springframework/jms/core$JmsTemplate done
Event: 3.848 loading class javax/jms/ConnectionFactory
Event: 3.848 loading class javax/jms/ConnectionFactory done
Event: 3.848 loading class javax/jms$ConnectionFactory
Event: 3.848 loading class javax/jms$ConnectionFactory done
Event: 3.849 loading class org/apache/activemq/artemis/jms/client/ActiveMQConnectionFactory
Event: 3.849 loading class org/apache/activemq/artemis/jms/client/ActiveMQConnectionFactory done
Event: 3.849 loading class org/apache/activemq/artemis/jms/client$ActiveMQConnectionFactory
Event: 3.849 loading class org/apache/activemq/artemis/jms/client$ActiveMQConnectionFactory done


Dynamic libraries:
0x00007ff69c4e0000 - 0x00007ff69c517000 	C:\Program Files\Java\jre1.8.0_221\bin\javaw.exe
0x00007ffa0d4b0000 - 0x00007ffa0d65d000 	C:\Windows\SYSTEM32\ntdll.dll
0x00007ffa0b430000 - 0x00007ffa0b56f000 	C:\Windows\system32\KERNEL32.DLL
0x00007ffa0aa20000 - 0x00007ffa0ab36000 	C:\Windows\system32\KERNELBASE.dll
0x00007ffa091a0000 - 0x00007ffa0922e000 	C:\Windows\system32\apphelp.dll
0x00007ff9f2500000 - 0x00007ff9f2555000 	C:\Windows\AppPatch\AppPatch64\AcGenral.DLL
0x00007ffa0aec0000 - 0x00007ffa0af6a000 	C:\Windows\system32\msvcrt.dll
0x00007ffa0a700000 - 0x00007ffa0a72e000 	C:\Windows\system32\SspiCli.dll
0x00007ffa0ba10000 - 0x00007ffa0ba64000 	C:\Windows\system32\SHLWAPI.dll
0x00007ffa0b2b0000 - 0x00007ffa0b427000 	C:\Windows\system32\USER32.dll
0x00007ffa0d250000 - 0x00007ffa0d3e4000 	C:\Windows\system32\ole32.dll
0x00007ffa0bc80000 - 0x00007ffa0d1ab000 	C:\Windows\system32\SHELL32.dll
0x00007ffa09ba0000 - 0x00007ffa09bc1000 	C:\Windows\SYSTEM32\USERENV.dll
0x00007ffa0ad20000 - 0x00007ffa0adca000 	C:\Windows\system32\ADVAPI32.dll
0x00007ffa02370000 - 0x00007ffa0238e000 	C:\Windows\SYSTEM32\MPR.dll
0x00007ffa0b570000 - 0x00007ffa0b6b0000 	C:\Windows\system32\RPCRT4.dll
0x00007ffa0b710000 - 0x00007ffa0b769000 	C:\Windows\SYSTEM32\sechost.dll
0x00007ffa0ba70000 - 0x00007ffa0bc80000 	C:\Windows\SYSTEM32\combase.dll
0x00007ffa0b8b0000 - 0x00007ffa0b9fc000 	C:\Windows\system32\GDI32.dll
0x00007ffa0a5e0000 - 0x00007ffa0a5f5000 	C:\Windows\SYSTEM32\profapi.dll
0x00007ffa08b70000 - 0x00007ffa08c22000 	C:\Windows\SYSTEM32\SHCORE.dll
0x00007ffa0d210000 - 0x00007ffa0d246000 	C:\Windows\system32\IMM32.DLL
0x00007ffa0b140000 - 0x00007ffa0b292000 	C:\Windows\system32\MSCTF.dll
0x00007ffa086f0000 - 0x00007ffa0896b000 	C:\Windows\WinSxS\amd64_microsoft.windows.common-controls_6595b64144ccf1df_6.0.9600.19394_none_62486577ecb635cf\COMCTL32.dll
0x000000006dd80000 - 0x000000006de52000 	C:\Program Files\Java\jre1.8.0_221\bin\msvcr100.dll
0x000000006fd90000 - 0x0000000070635000 	C:\Program Files\Java\jre1.8.0_221\bin\server\jvm.dll
0x00007ff9f45e0000 - 0x00007ff9f45e9000 	C:\Windows\SYSTEM32\WSOCK32.dll
0x00007ff9fc680000 - 0x00007ff9fc6a2000 	C:\Windows\SYSTEM32\WINMM.dll
0x00007ffa02aa0000 - 0x00007ffa02aaa000 	C:\Windows\SYSTEM32\VERSION.dll
0x00007ffa0aeb0000 - 0x00007ffa0aeb7000 	C:\Windows\system32\PSAPI.DLL
0x00007ffa0d1b0000 - 0x00007ffa0d20a000 	C:\Windows\system32\WS2_32.dll
0x00007ff9fc650000 - 0x00007ff9fc67a000 	C:\Windows\SYSTEM32\WINMMBASE.dll
0x00007ffa0af70000 - 0x00007ffa0af79000 	C:\Windows\system32\NSI.dll
0x00007ffa0a6b0000 - 0x00007ffa0a6ff000 	C:\Windows\SYSTEM32\cfgmgr32.dll
0x00007ffa09400000 - 0x00007ffa09428000 	C:\Windows\SYSTEM32\DEVOBJ.dll
0x00007ffa02730000 - 0x00007ffa0273f000 	C:\Program Files\Java\jre1.8.0_221\bin\verify.dll
0x00007ff9f2670000 - 0x00007ff9f2699000 	C:\Program Files\Java\jre1.8.0_221\bin\java.dll
0x00007ff9f47f0000 - 0x00007ff9f4806000 	C:\Program Files\Java\jre1.8.0_221\bin\zip.dll
0x00007ff9f24f0000 - 0x00007ff9f24fd000 	C:\Program Files\Java\jre1.8.0_221\bin\management.dll
0x00007ff9f2650000 - 0x00007ff9f266a000 	C:\Program Files\Java\jre1.8.0_221\bin\net.dll
0x00007ffa05bd0000 - 0x00007ffa05d5a000 	C:\Windows\SYSTEM32\urlmon.dll
0x00007ffa05840000 - 0x00007ffa05b0c000 	C:\Windows\SYSTEM32\iertutil.dll
0x00007ffa05390000 - 0x00007ffa0583c000 	C:\Windows\SYSTEM32\WININET.dll
0x00007ffa09e10000 - 0x00007ffa09e69000 	C:\Windows\system32\mswsock.dll
0x00007ff9f34d0000 - 0x00007ff9f34e5000 	C:\Windows\system32\napinsp.dll
0x00007ff9f34f0000 - 0x00007ff9f350a000 	C:\Windows\system32\pnrpnsp.dll
0x00007ffa07580000 - 0x00007ffa0759b000 	C:\Windows\system32\NLAapi.dll
0x00007ffa09c10000 - 0x00007ffa09cb4000 	C:\Windows\SYSTEM32\DNSAPI.dll
0x00007ff9f3510000 - 0x00007ff9f351d000 	C:\Windows\System32\winrnr.dll
0x00007ff9f3520000 - 0x00007ff9f3534000 	C:\Windows\system32\wshbth.dll
0x00007ff9f7760000 - 0x00007ff9f776a000 	C:\Windows\System32\rasadhlp.dll
0x00007ffa06380000 - 0x00007ffa063aa000 	C:\Windows\SYSTEM32\IPHLPAPI.DLL
0x00007ffa06360000 - 0x00007ffa0636a000 	C:\Windows\SYSTEM32\WINNSI.DLL
0x00007ffa06020000 - 0x00007ffa0608b000 	C:\Windows\System32\fwpuclnt.dll
0x00007ff9f25e0000 - 0x00007ff9f25f2000 	C:\Program Files\Java\jre1.8.0_221\bin\nio.dll

VM Arguments:
jvm_args: -Dfile.encoding=UTF-8 
java_command: org.opendevup.TpSpringMvcApplication
java_class_path (initial): C:\Program Files\Java\jre1.8.0_221\lib\resources.jar;C:\Program Files\Java\jre1.8.0_221\lib\rt.jar;C:\Program Files\Java\jre1.8.0_221\lib\jsse.jar;C:\Program Files\Java\jre1.8.0_221\lib\jce.jar;C:\Program Files\Java\jre1.8.0_221\lib\charsets.jar;C:\Program Files\Java\jre1.8.0_221\lib\jfr.jar;C:\Program Files\Java\jre1.8.0_221\lib\ext\access-bridge-64.jar;C:\Program Files\Java\jre1.8.0_221\lib\ext\cldrdata.jar;C:\Program Files\Java\jre1.8.0_221\lib\ext\dnsns.jar;C:\Program Files\Java\jre1.8.0_221\lib\ext\jaccess.jar;C:\Program Files\Java\jre1.8.0_221\lib\ext\jfxrt.jar;C:\Program Files\Java\jre1.8.0_221\lib\ext\localedata.jar;C:\Program Files\Java\jre1.8.0_221\lib\ext\nashorn.jar;C:\Program Files\Java\jre1.8.0_221\lib\ext\sunec.jar;C:\Program Files\Java\jre1.8.0_221\lib\ext\sunjce_provider.jar;C:\Program Files\Java\jre1.8.0_221\lib\ext\sunmscapi.jar;C:\Program Files\Java\jre1.8.0_221\lib\ext\sunpkcs11.jar;C:\Program Files\Java\jre1.8.0_221\lib\ext\zipfs.jar;C:\Users\HP NOTEBOOK\Documents\workspace-sts-3.9.4.RELEASE\tp-spring-mvc\target\classes;C:\Users\HP NOTEBOOK\.m2\repository\org\springframework\boot\spring-boot-starter-data-jpa\1.4.3.RELEASE\spring-boot-starter-data-jpa-1.4.3.RELEASE.jar;C:\Users\HP NOTEBOOK\.m2\repository\org\springframework\boot\spring-boot-starter\1.4.3.RELEASE\spring-boot-starter-1.4.3.RELEASE.jar;C:\Users\HP NOTEBOOK\.m2\repository\org\springframework\boot\spring-boot-starter-logging\1.4.3.RELEASE\spring-boot-starter-logging-1.4.3.RELEASE.jar;C:\Users\HP NOTEBOOK\.m2\repository\ch\qos\logback\logback-classic\1.1.8\logback-classic-1.1.8.jar;C:\Users\HP NOTEBOOK\.m2\repository\ch\qos\logback\logback-core\1.1.8\logback-core-1.1.8.jar;C:\Users\HP NOTEBOOK\.m2\repository\org\slf4j\jul-to-slf4j\1.7.22\jul-to-slf4j-1.7.22.jar;C:\Users\HP NOTEBOOK\.m2\repository\org\slf4j\log4j-over-slf4j\1.7.22\log4j-over-slf4j-1.7.22.jar;C:\Users\HP NOTEBOOK\.m2\repository\org\yaml\snakeyaml\1.17\snakeyaml-1.17.jar;C:\Users\HP NOTEBOOK\
Launcher Type: SUN_STANDARD

Environment Variables:
JAVA_HOME=C:\Program Files\Java\jdk-10.0.1
PATH=C:/Program Files/Java/jre1.8.0_221/bin/server;C:/Program Files/Java/jre1.8.0_221/bin;C:/Program Files/Java/jre1.8.0_221/lib/amd64;C:\Program Files (x86)\Common Files\Oracle\Java\javapath;C:\cygwin64\bin;C:\Program Files\Microsoft SQL Server\130\Tools\Binn\;C:\Program Files\Microsoft SQL Server\Client SDK\ODBC\130\Tools\Binn\;C:\Program Files\Microsoft SQL Server\130\DTS\Binn\;;C:\Program Files (x86)\Microsoft VS Code\bin;C:\Users\HP NOTEBOOK\AppData\Roaming\npm;C:\Users\HP NOTEBOOK\AppData\Local\Programs\Microsoft VS Code\bin;C:\Users\HP NOTEBOOK\Downloads\Compressed\spring-tool-suite-3.9.4.RELEASE-e4.7.3a-win32-x86_64_2\sts-bundle\sts-3.9.4.RELEASE;
USERNAME=HP NOTEBOOK
OS=Windows_NT
PROCESSOR_IDENTIFIER=Intel64 Family 6 Model 78 Stepping 3, GenuineIntel



---------------  S Y S T E M  ---------------

OS: Windows 8.1 , 64 bit Build 9600 (6.3.9600.19538)

CPU:total 4 (initial active 4) (2 cores per cpu, 2 threads per core) family 6 model 78 stepping 3, cmov, cx8, fxsr, mmx, sse, sse2, sse3, ssse3, sse4.1, sse4.2, popcnt, avx, avx2, aes, clmul, erms, 3dnowpref, lzcnt, ht, tsc, tscinvbit, bmi1, bmi2, adx

Memory: 4k page, physical 8285184k(1924936k free), swap 8809472k(6296k free)

vm_info: Java HotSpot(TM) 64-Bit Server VM (25.221-b11) for windows-amd64 JRE (1.8.0_221-b11), built on Jul  4 2019 04:39:29 by "java_re" with MS VC++ 10.0 (VS2010)

time: Fri Dec 06 10:08:22 2019
timezone: Paris, Madrid
elapsed time: 3 seconds (0d 0h 0m 3s)

