#
# There is insufficient memory for the Java Runtime Environment to continue.
# Native memory allocation (malloc) failed to allocate 932736 bytes for Chunk::new
# Possible reasons:
#   The system is out of physical RAM or swap space
#   In 32 bit mode, the process size limit was hit
# Possible solutions:
#   Reduce memory load on the system
#   Increase physical memory or swap space
#   Check if swap backing store is full
#   Use 64 bit Java on a 64 bit OS
#   Decrease Java heap size (-Xmx/-Xms)
#   Decrease number of Java threads
#   Decrease Java thread stack sizes (-Xss)
#   Set larger code cache with -XX:ReservedCodeCacheSize=
# This output file may be truncated or incomplete.
#
#  Out of Memory Error (allocation.cpp:390), pid=12992, tid=0x0000000000003310
#
# JRE version: Java(TM) SE Runtime Environment (8.0_144-b01) (build 1.8.0_144-b01)
# Java VM: Java HotSpot(TM) 64-Bit Server VM (25.144-b01 mixed mode windows-amd64 compressed oops)
# Failed to write core dump. Minidumps are not enabled by default on client versions of Windows
#

---------------  T H R E A D  ---------------

Current thread (0x0000000016e54000):  JavaThread "C2 CompilerThread1" daemon [_thread_in_native, id=13072, stack(0x0000000018550000,0x0000000018650000)]

Stack: [0x0000000018550000,0x0000000018650000]
[error occurred during error reporting (printing stack bounds), id 0xc0000005]

Native frames: (J=compiled Java code, j=interpreted, Vv=VM code, C=native code)


Current CompileTask:
C2:   7724 4048   !   4       java.net.URL::<init> (543 bytes)


---------------  P R O C E S S  ---------------

Java Threads: ( => current thread )
  0x0000000019d12800 JavaThread "Abandoned connection cleanup thread" daemon [_thread_blocked, id=13196, stack(0x00000000208f0000,0x00000000209f0000)]
  0x0000000019d11000 JavaThread "Tomcat JDBC Pool Cleaner[705927765:1535998250076]" daemon [_thread_blocked, id=13208, stack(0x00000000207f0000,0x00000000208f0000)]
  0x0000000019d11800 JavaThread "container-0" [_thread_blocked, id=13168, stack(0x00000000202f0000,0x00000000203f0000)]
  0x0000000019d0e000 JavaThread "ContainerBackgroundProcessor[StandardEngine[Tomcat]]" daemon [_thread_blocked, id=13180, stack(0x00000000200c0000,0x00000000201c0000)]
  0x0000000019d10000 JavaThread "localhost-startStop-1" daemon [_thread_blocked, id=13184, stack(0x00000000201f0000,0x00000000202f0000)]
  0x0000000019d0e800 JavaThread "Tomcat-startStop-1" daemon [_thread_blocked, id=13176, stack(0x000000001ad10000,0x000000001ae10000)]
  0x0000000019d0d000 JavaThread "restartedMain" [_thread_in_vm, id=13076, stack(0x000000001a730000,0x000000001a830000)]
  0x0000000019d0f800 JavaThread "Thread-0" [_thread_blocked, id=13068, stack(0x000000001a630000,0x000000001a730000)]
  0x00000000187bf800 JavaThread "Service Thread" daemon [_thread_blocked, id=13060, stack(0x0000000018b50000,0x0000000018c50000)]
  0x0000000016e5d000 JavaThread "C1 CompilerThread2" daemon [_thread_blocked, id=13080, stack(0x0000000018650000,0x0000000018750000)]
=>0x0000000016e54000 JavaThread "C2 CompilerThread1" daemon [_thread_in_native, id=13072, stack(0x0000000018550000,0x0000000018650000)]
  0x0000000016e52000 JavaThread "C2 CompilerThread0" daemon [_thread_in_native, id=13064, stack(0x0000000018450000,0x0000000018550000)]
  0x0000000016e4f800 JavaThread "Attach Listener" daemon [_thread_blocked, id=13056, stack(0x0000000018350000,0x0000000018450000)]
  0x0000000016e4e800 JavaThread "Signal Dispatcher" daemon [_thread_blocked, id=13052, stack(0x0000000018250000,0x0000000018350000)]
  0x0000000016dea000 JavaThread "Finalizer" daemon [_thread_blocked, id=13040, stack(0x0000000018050000,0x0000000018150000)]
  0x00000000022a4000 JavaThread "Reference Handler" daemon [_thread_blocked, id=13048, stack(0x0000000017f50000,0x0000000018050000)]
  0x00000000021b5000 JavaThread "main" [_thread_blocked, id=13012, stack(0x0000000001ff0000,0x00000000020f0000)]

Other Threads:
  0x0000000016dc7000 VMThread [stack: 0x0000000017e50000,0x0000000017f50000] [id=13024]
  0x00000000187fc000 WatcherThread [stack: 0x0000000018d60000,0x0000000018e60000] [id=13084]

VM state:not at safepoint (normal execution)

VM Mutex/Monitor currently owned by a thread: None

Heap:
 PSYoungGen      total 197120K, used 61304K [0x00000000d5d80000, 0x00000000e3000000, 0x0000000100000000)
  eden space 186880K, 32% used [0x00000000d5d80000,0x00000000d995e2c8,0x00000000e1400000)
  from space 10240K, 0% used [0x00000000e2600000,0x00000000e2600000,0x00000000e3000000)
  to   space 13312K, 0% used [0x00000000e1600000,0x00000000e1600000,0x00000000e2300000)
 ParOldGen       total 70144K, used 21957K [0x0000000081800000, 0x0000000085c80000, 0x00000000d5d80000)
  object space 70144K, 31% used [0x0000000081800000,0x0000000082d71780,0x0000000085c80000)
 Metaspace       used 42587K, capacity 43042K, committed 43520K, reserved 1089536K
  class space    used 5466K, capacity 5544K, committed 5632K, reserved 1048576K

Card table byte_map: [0x0000000011670000,0x0000000011a70000] byte_map_base: 0x0000000011264000

Marking Bits: (ParMarkBitMap*) 0x0000000051a9d850
 Begin Bits: [0x0000000012120000, 0x00000000140c0000)
 End Bits:   [0x00000000140c0000, 0x0000000016060000)

Polling page: 0x00000000007a0000

CodeCache: size=245760Kb used=13317Kb max_used=13345Kb free=232442Kb
 bounds [0x00000000022b0000, 0x0000000002fd0000, 0x00000000112b0000]
 total_blobs=4020 nmethods=3514 adapters=418
 compilation: enabled

Compilation events (10 events):
Event: 7.587 Thread 0x0000000016e5d000 4080       3       javassist.bytecode.ByteVector::add (19 bytes)
Event: 7.587 Thread 0x0000000016e5d000 nmethod 4080 0x0000000002d967d0 code [0x0000000002d96940, 0x0000000002d96ba8]
Event: 7.587 Thread 0x0000000016e5d000 4081       3       javassist.bytecode.Bytecode::addOpcode (15 bytes)
Event: 7.587 Thread 0x0000000016e5d000 nmethod 4081 0x0000000002d95e90 code [0x0000000002d96040, 0x0000000002d964a8]
Event: 7.587 Thread 0x0000000016e5d000 4079       1       javassist.bytecode.ClassInfo::hashCode (5 bytes)
Event: 7.587 Thread 0x0000000016e5d000 nmethod 4079 0x0000000002d95bd0 code [0x0000000002d95d20, 0x0000000002d95e30]
Event: 7.591 Thread 0x0000000016e52000 4083       4       java.lang.Character::isLetter (5 bytes)
Event: 7.592 Thread 0x0000000016e52000 nmethod 4083 0x0000000002d929d0 code [0x0000000002d92b00, 0x0000000002d92b98]
Event: 7.598 Thread 0x0000000016e5d000 4084       3       java.util.HashMap::getNode (148 bytes)
Event: 7.599 Thread 0x0000000016e5d000 nmethod 4084 0x0000000002d94650 code [0x0000000002d94840, 0x0000000002d954a8]

GC Heap History (10 events):
Event: 3.245 GC heap before
{Heap before GC invocations=6 (full 1):
 PSYoungGen      total 138240K, used 133120K [0x00000000d5d80000, 0x00000000de980000, 0x0000000100000000)
  eden space 133120K, 100% used [0x00000000d5d80000,0x00000000ddf80000,0x00000000ddf80000)
  from space 5120K, 0% used [0x00000000de480000,0x00000000de480000,0x00000000de980000)
  to   space 5120K, 0% used [0x00000000ddf80000,0x00000000ddf80000,0x00000000de480000)
 ParOldGen       total 70144K, used 11641K [0x0000000081800000, 0x0000000085c80000, 0x00000000d5d80000)
  object space 70144K, 16% used [0x0000000081800000,0x000000008235e688,0x0000000085c80000)
 Metaspace       used 22067K, capacity 22358K, committed 22448K, reserved 1069056K
  class space    used 2709K, capacity 2795K, committed 2816K, reserved 1048576K
Event: 3.265 GC heap after
Heap after GC invocations=6 (full 1):
 PSYoungGen      total 138240K, used 5089K [0x00000000d5d80000, 0x00000000e3280000, 0x0000000100000000)
  eden space 133120K, 0% used [0x00000000d5d80000,0x00000000d5d80000,0x00000000ddf80000)
  from space 5120K, 99% used [0x00000000ddf80000,0x00000000de4785c8,0x00000000de480000)
  to   space 12800K, 0% used [0x00000000e2600000,0x00000000e2600000,0x00000000e3280000)
 ParOldGen       total 70144K, used 15558K [0x0000000081800000, 0x0000000085c80000, 0x00000000d5d80000)
  object space 70144K, 22% used [0x0000000081800000,0x0000000082731958,0x0000000085c80000)
 Metaspace       used 22067K, capacity 22358K, committed 22448K, reserved 1069056K
  class space    used 2709K, capacity 2795K, committed 2816K, reserved 1048576K
}
Event: 4.675 GC heap before
{Heap before GC invocations=7 (full 1):
 PSYoungGen      total 138240K, used 138209K [0x00000000d5d80000, 0x00000000e3280000, 0x0000000100000000)
  eden space 133120K, 100% used [0x00000000d5d80000,0x00000000ddf80000,0x00000000ddf80000)
  from space 5120K, 99% used [0x00000000ddf80000,0x00000000de4785c8,0x00000000de480000)
  to   space 12800K, 0% used [0x00000000e2600000,0x00000000e2600000,0x00000000e3280000)
 ParOldGen       total 70144K, used 15558K [0x0000000081800000, 0x0000000085c80000, 0x00000000d5d80000)
  object space 70144K, 22% used [0x0000000081800000,0x0000000082731958,0x0000000085c80000)
 Metaspace       used 26209K, capacity 26600K, committed 27008K, reserved 1073152K
  class space    used 3272K, capacity 3359K, committed 3456K, reserved 1048576K
Event: 4.688 GC heap after
Heap after GC invocations=7 (full 1):
 PSYoungGen      total 197120K, used 9881K [0x00000000d5d80000, 0x00000000e3000000, 0x0000000100000000)
  eden space 186880K, 0% used [0x00000000d5d80000,0x00000000d5d80000,0x00000000e1400000)
  from space 10240K, 96% used [0x00000000e2600000,0x00000000e2fa6718,0x00000000e3000000)
  to   space 13312K, 0% used [0x00000000e1600000,0x00000000e1600000,0x00000000e2300000)
 ParOldGen       total 70144K, used 15566K [0x0000000081800000, 0x0000000085c80000, 0x00000000d5d80000)
  object space 70144K, 22% used [0x0000000081800000,0x0000000082733958,0x0000000085c80000)
 Metaspace       used 26209K, capacity 26600K, committed 27008K, reserved 1073152K
  class space    used 3272K, capacity 3359K, committed 3456K, reserved 1048576K
}
Event: 6.378 GC heap before
{Heap before GC invocations=8 (full 1):
 PSYoungGen      total 197120K, used 196761K [0x00000000d5d80000, 0x00000000e3000000, 0x0000000100000000)
  eden space 186880K, 100% used [0x00000000d5d80000,0x00000000e1400000,0x00000000e1400000)
  from space 10240K, 96% used [0x00000000e2600000,0x00000000e2fa6718,0x00000000e3000000)
  to   space 13312K, 0% used [0x00000000e1600000,0x00000000e1600000,0x00000000e2300000)
 ParOldGen       total 70144K, used 15566K [0x0000000081800000, 0x0000000085c80000, 0x00000000d5d80000)
  object space 70144K, 22% used [0x0000000081800000,0x0000000082733958,0x0000000085c80000)
 Metaspace       used 32325K, capacity 32678K, committed 33152K, reserved 1079296K
  class space    used 4030K, capacity 4100K, committed 4224K, reserved 1048576K
Event: 6.408 GC heap after
Heap after GC invocations=8 (full 1):
 PSYoungGen      total 200192K, used 13287K [0x00000000d5d80000, 0x00000000e3000000, 0x0000000100000000)
  eden space 186880K, 0% used [0x00000000d5d80000,0x00000000d5d80000,0x00000000e1400000)
  from space 13312K, 99% used [0x00000000e1600000,0x00000000e22f9d18,0x00000000e2300000)
  to   space 10240K, 0% used [0x00000000e2600000,0x00000000e2600000,0x00000000e3000000)
 ParOldGen       total 70144K, used 16161K [0x0000000081800000, 0x0000000085c80000, 0x00000000d5d80000)
  object space 70144K, 23% used [0x0000000081800000,0x00000000827c8498,0x0000000085c80000)
 Metaspace       used 32325K, capacity 32678K, committed 33152K, reserved 1079296K
  class space    used 4030K, capacity 4100K, committed 4224K, reserved 1048576K
}
Event: 6.673 GC heap before
{Heap before GC invocations=9 (full 1):
 PSYoungGen      total 200192K, used 37594K [0x00000000d5d80000, 0x00000000e3000000, 0x0000000100000000)
  eden space 186880K, 13% used [0x00000000d5d80000,0x00000000d753ce80,0x00000000e1400000)
  from space 13312K, 99% used [0x00000000e1600000,0x00000000e22f9d18,0x00000000e2300000)
  to   space 10240K, 0% used [0x00000000e2600000,0x00000000e2600000,0x00000000e3000000)
 ParOldGen       total 70144K, used 16161K [0x0000000081800000, 0x0000000085c80000, 0x00000000d5d80000)
  object space 70144K, 23% used [0x0000000081800000,0x00000000827c8498,0x0000000085c80000)
 Metaspace       used 34860K, capacity 35212K, committed 35496K, reserved 1081344K
  class space    used 4415K, capacity 4517K, committed 4608K, reserved 1048576K
Event: 6.685 GC heap after
Heap after GC invocations=9 (full 1):
 PSYoungGen      total 197120K, used 10234K [0x00000000d5d80000, 0x00000000e3000000, 0x0000000100000000)
  eden space 186880K, 0% used [0x00000000d5d80000,0x00000000d5d80000,0x00000000e1400000)
  from space 10240K, 99% used [0x00000000e2600000,0x00000000e2ffe810,0x00000000e3000000)
  to   space 13312K, 0% used [0x00000000e1600000,0x00000000e1600000,0x00000000e2300000)
 ParOldGen       total 70144K, used 18072K [0x0000000081800000, 0x0000000085c80000, 0x00000000d5d80000)
  object space 70144K, 25% used [0x0000000081800000,0x00000000829a6188,0x0000000085c80000)
 Metaspace       used 34860K, capacity 35212K, committed 35496K, reserved 1081344K
  class space    used 4415K, capacity 4517K, committed 4608K, reserved 1048576K
}
Event: 6.685 GC heap before
{Heap before GC invocations=10 (full 2):
 PSYoungGen      total 197120K, used 10234K [0x00000000d5d80000, 0x00000000e3000000, 0x0000000100000000)
  eden space 186880K, 0% used [0x00000000d5d80000,0x00000000d5d80000,0x00000000e1400000)
  from space 10240K, 99% used [0x00000000e2600000,0x00000000e2ffe810,0x00000000e3000000)
  to   space 13312K, 0% used [0x00000000e1600000,0x00000000e1600000,0x00000000e2300000)
 ParOldGen       total 70144K, used 18072K [0x0000000081800000, 0x0000000085c80000, 0x00000000d5d80000)
  object space 70144K, 25% used [0x0000000081800000,0x00000000829a6188,0x0000000085c80000)
 Metaspace       used 34860K, capacity 35212K, committed 35496K, reserved 1081344K
  class space    used 4415K, capacity 4517K, committed 4608K, reserved 1048576K
Event: 6.784 GC heap after
Heap after GC invocations=10 (full 2):
 PSYoungGen      total 197120K, used 0K [0x00000000d5d80000, 0x00000000e3000000, 0x0000000100000000)
  eden space 186880K, 0% used [0x00000000d5d80000,0x00000000d5d80000,0x00000000e1400000)
  from space 10240K, 0% used [0x00000000e2600000,0x00000000e2600000,0x00000000e3000000)
  to   space 13312K, 0% used [0x00000000e1600000,0x00000000e1600000,0x00000000e2300000)
 ParOldGen       total 70144K, used 21957K [0x0000000081800000, 0x0000000085c80000, 0x00000000d5d80000)
  object space 70144K, 31% used [0x0000000081800000,0x0000000082d71780,0x0000000085c80000)
 Metaspace       used 34860K, capacity 35212K, committed 35496K, reserved 1081344K
  class space    used 4415K, capacity 4517K, committed 4608K, reserved 1048576K
}

Deoptimization events (10 events):
Event: 7.216 Thread 0x0000000019d0d000 Uncommon trap: reason=bimorphic action=maybe_recompile pc=0x0000000002bf225c method=java.util.regex.Pattern$Curly.match0(Ljava/util/regex/Matcher;IILjava/lang/CharSequence;)Z @ 31
Event: 7.238 Thread 0x0000000019d0d000 Uncommon trap: reason=predicate action=maybe_recompile pc=0x0000000002e92dfc method=java.util.AbstractCollection.addAll(Ljava/util/Collection;)Z @ 18
Event: 7.281 Thread 0x0000000019d0d000 Uncommon trap: reason=class_check action=maybe_recompile pc=0x0000000002e6f0d4 method=java.util.AbstractList$Itr.hasNext()Z @ 8
Event: 7.281 Thread 0x0000000019d0d000 Uncommon trap: reason=class_check action=maybe_recompile pc=0x0000000002edb644 method=java.util.AbstractList$Itr.next()Ljava/lang/Object; @ 14
Event: 7.406 Thread 0x0000000019d0d000 Uncommon trap: reason=null_check action=make_not_entrant pc=0x0000000002dbc920 method=java.lang.Class.createAnnotationData(I)Ljava/lang/Class$AnnotationData; @ 14
Event: 7.508 Thread 0x0000000019d0d000 Uncommon trap: reason=unstable_if action=reinterpret pc=0x0000000002489b68 method=java.lang.reflect.Method.invoke(Ljava/lang/Object;[Ljava/lang/Object;)Ljava/lang/Object; @ 18
Event: 7.586 Thread 0x0000000019d0d000 Uncommon trap: reason=unstable_if action=reinterpret pc=0x000000000280a060 method=java.util.HashMap.putVal(ILjava/lang/Object;Ljava/lang/Object;ZZ)Ljava/lang/Object; @ 162
Event: 7.586 Thread 0x0000000019d0d000 Uncommon trap: reason=unstable_if action=reinterpret pc=0x00000000027b1bf4 method=java.util.HashMap.resize()[Ljava/util/HashMap$Node; @ 206
Event: 7.586 Thread 0x0000000019d0d000 Uncommon trap: reason=unstable_if action=reinterpret pc=0x0000000002762dac method=java.util.HashMap.getNode(ILjava/lang/Object;)Ljava/util/HashMap$Node; @ 84
Event: 7.586 Thread 0x0000000019d0d000 Uncommon trap: reason=unstable_if action=reinterpret pc=0x00000000024d59dc method=java.util.HashMap.getNode(ILjava/lang/Object;)Ljava/util/HashMap$Node; @ 84

Internal exceptions (10 events):
Event: 6.422 Thread 0x0000000019d0d000 Exception <a 'java/lang/ClassNotFoundException': org/springframework/context/weaving/LoadTimeWeaverAwareCustomizer> (0x00000000d5f21190) thrown at [C:\re\workspace\8-2-build-windows-amd64-cygwin\jdk8u144\9417\hotspot\src\share\vm\classfile\systemDictionar
Event: 6.423 Thread 0x0000000019d0d000 Exception <a 'java/lang/ClassNotFoundException': org/springframework/beans/factory/FactoryBeanCustomizer> (0x00000000d5f37ae8) thrown at [C:\re\workspace\8-2-build-windows-amd64-cygwin\jdk8u144\9417\hotspot\src\share\vm\classfile\systemDictionary.cpp, lin
Event: 6.423 Thread 0x0000000019d0d000 Exception <a 'java/lang/ClassNotFoundException': org/springframework/beans/factory/BeanClassLoaderAwareCustomizer> (0x00000000d5f53598) thrown at [C:\re\workspace\8-2-build-windows-amd64-cygwin\jdk8u144\9417\hotspot\src\share\vm\classfile\systemDictionary
Event: 6.423 Thread 0x0000000019d0d000 Exception <a 'java/lang/ClassNotFoundException': org/springframework/beans/factory/BeanFactoryAwareCustomizer> (0x00000000d5f6b1c0) thrown at [C:\re\workspace\8-2-build-windows-amd64-cygwin\jdk8u144\9417\hotspot\src\share\vm\classfile\systemDictionary.cpp
Event: 6.424 Thread 0x0000000019d0d000 Exception <a 'java/lang/ClassNotFoundException': org/springframework/beans/factory/BeanNameAwareCustomizer> (0x00000000d5f82440) thrown at [C:\re\workspace\8-2-build-windows-amd64-cygwin\jdk8u144\9417\hotspot\src\share\vm\classfile\systemDictionary.cpp, l
Event: 6.424 Thread 0x0000000019d0d000 Exception <a 'java/lang/ClassNotFoundException': org/springframework/beans/factory/InitializingBeanCustomizer> (0x00000000d5f99f88) thrown at [C:\re\workspace\8-2-build-windows-amd64-cygwin\jdk8u144\9417\hotspot\src\share\vm\classfile\systemDictionary.cpp
Event: 6.425 Thread 0x0000000019d0d000 Exception <a 'java/lang/ClassNotFoundException': org/springframework/beans/factory/DisposableBeanCustomizer> (0x00000000d5fb03e0) thrown at [C:\re\workspace\8-2-build-windows-amd64-cygwin\jdk8u144\9417\hotspot\src\share\vm\classfile\systemDictionary.cpp, 
Event: 6.425 Thread 0x0000000019d0d000 Exception <a 'java/lang/ClassNotFoundException': org/springframework/orm/jpa/EntityManagerFactoryInfoCustomizer> (0x00000000d5fc7ce0) thrown at [C:\re\workspace\8-2-build-windows-amd64-cygwin\jdk8u144\9417\hotspot\src\share\vm\classfile\systemDictionary.c
Event: 6.426 Thread 0x0000000019d0d000 Exception <a 'java/lang/ClassNotFoundException': org/springframework/dao/support/PersistenceExceptionTranslatorCustomizer> (0x00000000d5feb3a8) thrown at [C:\re\workspace\8-2-build-windows-amd64-cygwin\jdk8u144\9417\hotspot\src\share\vm\classfile\systemDi
Event: 6.426 Thread 0x0000000019d0d000 Exception <a 'java/lang/ClassNotFoundException': java/io/SerializableCustomizer> (0x00000000d5ff4688) thrown at [C:\re\workspace\8-2-build-windows-amd64-cygwin\jdk8u144\9417\hotspot\src\share\vm\classfile\systemDictionary.cpp, line 210]

Events (10 events):
Event: 7.599 loading class org/hibernate/internal/NamedQueryRepository
Event: 7.599 loading class org/hibernate/internal/NamedQueryRepository done
Event: 7.600 loading class org/hibernate/sql/Update
Event: 7.600 loading class org/hibernate/sql/Update done
Event: 7.601 loading class org/hibernate/sql/Delete
Event: 7.601 loading class org/hibernate/sql/Delete done
Event: 7.602 loading class org/hibernate/sql/Select
Event: 7.602 loading class org/hibernate/sql/Select done
Event: 7.602 loading class org/hibernate/persister/entity/AbstractEntityPersister$2
Event: 7.602 loading class org/hibernate/persister/entity/AbstractEntityPersister$2 done


Dynamic libraries:
0x00007ff7f4ed0000 - 0x00007ff7f4f07000 	C:\Program Files\Java\jre1.8.0_144\bin\javaw.exe
0x00007ff819d20000 - 0x00007ff819ecd000 	C:\Windows\SYSTEM32\ntdll.dll
0x00007ff8174c0000 - 0x00007ff8175fe000 	C:\Windows\system32\KERNEL32.DLL
0x00007ff816ee0000 - 0x00007ff816ff6000 	C:\Windows\system32\KERNELBASE.dll
0x00007ff8159d0000 - 0x00007ff815a5e000 	C:\Windows\system32\apphelp.dll
0x00007ff809e80000 - 0x00007ff809ed3000 	C:\Windows\AppPatch\AppPatch64\AcGenral.DLL
0x00007ff819880000 - 0x00007ff81992a000 	C:\Windows\system32\msvcrt.dll
0x00007ff817290000 - 0x00007ff8172be000 	C:\Windows\system32\SspiCli.dll
0x00007ff8193f0000 - 0x00007ff819444000 	C:\Windows\system32\SHLWAPI.dll
0x00007ff819b70000 - 0x00007ff819ce7000 	C:\Windows\system32\USER32.dll
0x00007ff819520000 - 0x00007ff8196b4000 	C:\Windows\system32\ole32.dll
0x00007ff817830000 - 0x00007ff818d5c000 	C:\Windows\system32\SHELL32.dll
0x00007ff8163d0000 - 0x00007ff8163f1000 	C:\Windows\SYSTEM32\USERENV.dll
0x00007ff8192e0000 - 0x00007ff81938a000 	C:\Windows\system32\ADVAPI32.dll
0x00007ff80cd10000 - 0x00007ff80cd2e000 	C:\Windows\SYSTEM32\MPR.dll
0x00007ff819190000 - 0x00007ff8192d0000 	C:\Windows\system32\RPCRT4.dll
0x00007ff819820000 - 0x00007ff819879000 	C:\Windows\SYSTEM32\sechost.dll
0x00007ff818d80000 - 0x00007ff818f92000 	C:\Windows\SYSTEM32\combase.dll
0x00007ff817370000 - 0x00007ff8174bb000 	C:\Windows\system32\GDI32.dll
0x00007ff816e10000 - 0x00007ff816e25000 	C:\Windows\SYSTEM32\profapi.dll
0x00007ff815470000 - 0x00007ff815522000 	C:\Windows\SYSTEM32\SHCORE.dll
0x00007ff819b10000 - 0x00007ff819b46000 	C:\Windows\system32\IMM32.DLL
0x00007ff8196c0000 - 0x00007ff819811000 	C:\Windows\system32\MSCTF.dll
0x00007ff8149d0000 - 0x00007ff814c4b000 	C:\Windows\WinSxS\amd64_microsoft.windows.common-controls_6595b64144ccf1df_6.0.9600.18006_none_623f33d3ecbe86e8\COMCTL32.dll
0x00000000529f0000 - 0x0000000052ac2000 	C:\Program Files\Java\jre1.8.0_144\bin\msvcr100.dll
0x0000000051280000 - 0x0000000051b1d000 	C:\Program Files\Java\jre1.8.0_144\bin\server\jvm.dll
0x00007ff80c6b0000 - 0x00007ff80c6b9000 	C:\Windows\SYSTEM32\WSOCK32.dll
0x00007ff80bb80000 - 0x00007ff80bba2000 	C:\Windows\SYSTEM32\WINMM.dll
0x00007ff80f320000 - 0x00007ff80f32a000 	C:\Windows\SYSTEM32\VERSION.dll
0x00007ff817600000 - 0x00007ff817607000 	C:\Windows\system32\PSAPI.DLL
0x00007ff819390000 - 0x00007ff8193ea000 	C:\Windows\system32\WS2_32.dll
0x00007ff80b260000 - 0x00007ff80b28a000 	C:\Windows\SYSTEM32\WINMMBASE.dll
0x00007ff818d70000 - 0x00007ff818d79000 	C:\Windows\system32\NSI.dll
0x00007ff817000000 - 0x00007ff81704f000 	C:\Windows\SYSTEM32\cfgmgr32.dll
0x00007ff815c50000 - 0x00007ff815c78000 	C:\Windows\SYSTEM32\DEVOBJ.dll
0x0000000051190000 - 0x000000005119f000 	C:\Program Files\Java\jre1.8.0_144\bin\verify.dll
0x0000000051160000 - 0x0000000051189000 	C:\Program Files\Java\jre1.8.0_144\bin\java.dll
0x0000000051140000 - 0x0000000051156000 	C:\Program Files\Java\jre1.8.0_144\bin\zip.dll
0x0000000052ad0000 - 0x0000000052add000 	C:\Program Files\Java\jre1.8.0_144\bin\management.dll
0x0000000051120000 - 0x000000005113a000 	C:\Program Files\Java\jre1.8.0_144\bin\net.dll
0x00007ff816640000 - 0x00007ff816699000 	C:\Windows\system32\mswsock.dll
0x00007ff808350000 - 0x00007ff808365000 	C:\Windows\system32\napinsp.dll
0x00007ff808370000 - 0x00007ff80838a000 	C:\Windows\system32\pnrpnsp.dll
0x00007ff814680000 - 0x00007ff81469b000 	C:\Windows\system32\NLAapi.dll
0x00007ff816440000 - 0x00007ff8164e4000 	C:\Windows\SYSTEM32\DNSAPI.dll
0x00007ff8084b0000 - 0x00007ff8084bd000 	C:\Windows\System32\winrnr.dll
0x00007ff808780000 - 0x00007ff808794000 	C:\Windows\system32\wshbth.dll
0x00007ff80e310000 - 0x00007ff80e31a000 	C:\Windows\System32\rasadhlp.dll
0x00007ff813b60000 - 0x00007ff813b8a000 	C:\Windows\SYSTEM32\IPHLPAPI.DLL
0x00007ff813b40000 - 0x00007ff813b4a000 	C:\Windows\SYSTEM32\WINNSI.DLL
0x00007ff8129c0000 - 0x00007ff812a2b000 	C:\Windows\System32\fwpuclnt.dll
0x0000000051100000 - 0x0000000051111000 	C:\Program Files\Java\jre1.8.0_144\bin\nio.dll
0x00007ff8166a0000 - 0x00007ff8166c0000 	C:\Windows\SYSTEM32\CRYPTSP.dll
0x00007ff8162c0000 - 0x00007ff8162f6000 	C:\Windows\system32\rsaenh.dll
0x00007ff816950000 - 0x00007ff816976000 	C:\Windows\SYSTEM32\bcrypt.dll
0x00007ff816ce0000 - 0x00007ff816d43000 	C:\Windows\system32\bcryptprimitives.dll
0x00007ff816d50000 - 0x00007ff816d5b000 	C:\Windows\SYSTEM32\CRYPTBASE.dll
0x00007ff812740000 - 0x00007ff812756000 	C:\Windows\SYSTEM32\dhcpcsvc6.DLL
0x00007ff812800000 - 0x00007ff81281a000 	C:\Windows\SYSTEM32\dhcpcsvc.DLL

VM Arguments:
jvm_args: -Dfile.encoding=UTF-8 
java_command: org.opendevup.TpSpringMvcApplication
java_class_path (initial): C:\Program Files\Java\jre1.8.0_144\lib\resources.jar;C:\Program Files\Java\jre1.8.0_144\lib\rt.jar;C:\Program Files\Java\jre1.8.0_144\lib\jsse.jar;C:\Program Files\Java\jre1.8.0_144\lib\jce.jar;C:\Program Files\Java\jre1.8.0_144\lib\charsets.jar;C:\Program Files\Java\jre1.8.0_144\lib\jfr.jar;C:\Program Files\Java\jre1.8.0_144\lib\ext\access-bridge-64.jar;C:\Program Files\Java\jre1.8.0_144\lib\ext\cldrdata.jar;C:\Program Files\Java\jre1.8.0_144\lib\ext\dnsns.jar;C:\Program Files\Java\jre1.8.0_144\lib\ext\jaccess.jar;C:\Program Files\Java\jre1.8.0_144\lib\ext\jfxrt.jar;C:\Program Files\Java\jre1.8.0_144\lib\ext\localedata.jar;C:\Program Files\Java\jre1.8.0_144\lib\ext\nashorn.jar;C:\Program Files\Java\jre1.8.0_144\lib\ext\sunec.jar;C:\Program Files\Java\jre1.8.0_144\lib\ext\sunjce_provider.jar;C:\Program Files\Java\jre1.8.0_144\lib\ext\sunmscapi.jar;C:\Program Files\Java\jre1.8.0_144\lib\ext\sunpkcs11.jar;C:\Program Files\Java\jre1.8.0_144\lib\ext\zipfs.jar;C:\Users\HP NOTEBOOK\Documents\workspace-sts-3.9.4.RELEASE\tp-spring-mvc\target\classes;C:\Users\HP NOTEBOOK\.m2\repository\org\springframework\boot\spring-boot-starter-data-jpa\1.4.3.RELEASE\spring-boot-starter-data-jpa-1.4.3.RELEASE.jar;C:\Users\HP NOTEBOOK\.m2\repository\org\springframework\boot\spring-boot-starter\1.4.3.RELEASE\spring-boot-starter-1.4.3.RELEASE.jar;C:\Users\HP NOTEBOOK\.m2\repository\org\springframework\boot\spring-boot-starter-logging\1.4.3.RELEASE\spring-boot-starter-logging-1.4.3.RELEASE.jar;C:\Users\HP NOTEBOOK\.m2\repository\ch\qos\logback\logback-classic\1.1.8\logback-classic-1.1.8.jar;C:\Users\HP NOTEBOOK\.m2\repository\ch\qos\logback\logback-core\1.1.8\logback-core-1.1.8.jar;C:\Users\HP NOTEBOOK\.m2\repository\org\slf4j\jul-to-slf4j\1.7.22\jul-to-slf4j-1.7.22.jar;C:\Users\HP NOTEBOOK\.m2\repository\org\slf4j\log4j-over-slf4j\1.7.22\log4j-over-slf4j-1.7.22.jar;C:\Users\HP NOTEBOOK\.m2\repository\org\yaml\snakeyaml\1.17\snakeyaml-1.17.jar;C:\Users\HP NOTEBOOK\
Launcher Type: SUN_STANDARD

Environment Variables:
JAVA_HOME=C:\Program Files\Java\jdk-10.0.1
PATH=C:/Program Files/Java/jre1.8.0_144/bin/server;C:/Program Files/Java/jre1.8.0_144/bin;C:/Program Files/Java/jre1.8.0_144/lib/amd64;C:\Program Files (x86)\Common Files\Oracle\Java\javapath;C:\ProgramData\Oracle\Java\javapath;C:\Program Files (x86)\Intel\iCLS Client\;C:\Program Files\Intel\iCLS Client\;C:\Windows\system32;C:\Windows;C:\Windows\System32\Wbem;C:\Windows\System32\WindowsPowerShell\v1.0\;C:\Program Files (x86)\Intel\Intel(R) Management Engine Components\DAL;C:\Program Files\Intel\Intel(R) Management Engine Components\DAL;C:\Program Files (x86)\Intel\Intel(R) Management Engine Components\IPT;C:\Program Files\Intel\Intel(R) Management Engine Components\IPT;C:\Program Files (x86)\ATI Technologies\ATI.ACE\Core-Static;C:\Program Files (x86)\Windows Live\Shared;C:\Program Files\Microsoft SQL Server\130\Tools\Binn\;C:\Program Files\dotnet\;C:\Program Files\nodejs\;;C:\Program Files (x86)\Microsoft VS Code\bin;C:\Users\HP NOTEBOOK\AppData\Roaming\npm;C:\Users\HP NOTEBOOK\Downloads\Compressed\spring-tool-suite-3.9.4.RELEASE-e4.7.3a-win32-x86_64_2\sts-bundle\sts-3.9.4.RELEASE;
USERNAME=HP NOTEBOOK
OS=Windows_NT
PROCESSOR_IDENTIFIER=Intel64 Family 6 Model 78 Stepping 3, GenuineIntel



---------------  S Y S T E M  ---------------

OS: Windows 8.1 , 64 bit Build 9600 (6.3.9600.17415)

CPU:total 4 (initial active 4) (2 cores per cpu, 2 threads per core) family 6 model 78 stepping 3, cmov, cx8, fxsr, mmx, sse, sse2, sse3, ssse3, sse4.1, sse4.2, popcnt, avx, avx2, aes, clmul, erms, 3dnowpref, lzcnt, ht, tsc, tscinvbit, bmi1, bmi2, adx

Memory: 4k page, physical 8285184k(1967676k free), swap 8809472k(4928k free)

vm_info: Java HotSpot(TM) 64-Bit Server VM (25.144-b01) for windows-amd64 JRE (1.8.0_144-b01), built on Jul 21 2017 21:57:33 by "java_re" with MS VC++ 10.0 (VS2010)

time: Mon Sep 03 19:10:50 2018
elapsed time: 7 seconds (0d 0h 0m 7s)

