#
# There is insufficient memory for the Java Runtime Environment to continue.
# Native memory allocation (malloc) failed to allocate 487216 bytes for Chunk::new
# Possible reasons:
#   The system is out of physical RAM or swap space
#   In 32 bit mode, the process size limit was hit
# Possible solutions:
#   Reduce memory load on the system
#   Increase physical memory or swap space
#   Check if swap backing store is full
#   Use 64 bit Java on a 64 bit OS
#   Decrease Java heap size (-Xmx/-Xms)
#   Decrease number of Java threads
#   Decrease Java thread stack sizes (-Xss)
#   Set larger code cache with -XX:ReservedCodeCacheSize=
# This output file may be truncated or incomplete.
#
#  Out of Memory Error (allocation.cpp:390), pid=10760, tid=0x00000000000033e8
#
# JRE version: Java(TM) SE Runtime Environment (8.0_144-b01) (build 1.8.0_144-b01)
# Java VM: Java HotSpot(TM) 64-Bit Server VM (25.144-b01 mixed mode windows-amd64 compressed oops)
# Failed to write core dump. Minidumps are not enabled by default on client versions of Windows
#

---------------  T H R E A D  ---------------

Current thread (0x0000000016a64800):  JavaThread "C2 CompilerThread1" daemon [_thread_in_native, id=13288, stack(0x0000000018180000,0x0000000018280000)]

Stack: [0x0000000018180000,0x0000000018280000]
[error occurred during error reporting (printing stack bounds), id 0xc0000005]

Native frames: (J=compiled Java code, j=interpreted, Vv=VM code, C=native code)


Current CompileTask:
C2:  14355 4108   !   4       java.net.URL::<init> (543 bytes)


---------------  P R O C E S S  ---------------

Java Threads: ( => current thread )
  0x000000001b678800 JavaThread "Abandoned connection cleanup thread" daemon [_thread_blocked, id=13184, stack(0x00000000204b0000,0x00000000205b0000)]
  0x000000001b677000 JavaThread "Tomcat JDBC Pool Cleaner[705927765:1536268068371]" daemon [_thread_blocked, id=13248, stack(0x0000000020190000,0x0000000020290000)]
  0x0000000018469000 JavaThread "container-0" [_thread_blocked, id=13212, stack(0x000000001fe90000,0x000000001ff90000)]
  0x0000000018468800 JavaThread "ContainerBackgroundProcessor[StandardEngine[Tomcat]]" daemon [_thread_blocked, id=13180, stack(0x000000001ddb0000,0x000000001deb0000)]
  0x0000000018467800 JavaThread "localhost-startStop-1" daemon [_thread_blocked, id=11824, stack(0x000000001dcb0000,0x000000001ddb0000)]
  0x0000000018464000 JavaThread "Tomcat-startStop-1" daemon [_thread_blocked, id=13276, stack(0x000000001a940000,0x000000001aa40000)]
  0x0000000018462800 JavaThread "restartedMain" [_thread_in_native, id=13596, stack(0x000000001a360000,0x000000001a460000)]
  0x0000000018465800 JavaThread "Thread-0" [_thread_blocked, id=14124, stack(0x000000001a260000,0x000000001a360000)]
  0x00000000183ee000 JavaThread "Service Thread" daemon [_thread_blocked, id=13136, stack(0x0000000018780000,0x0000000018880000)]
  0x0000000016a67000 JavaThread "C1 CompilerThread2" daemon [_thread_blocked, id=13864, stack(0x0000000018280000,0x0000000018380000)]
=>0x0000000016a64800 JavaThread "C2 CompilerThread1" daemon [_thread_in_native, id=13288, stack(0x0000000018180000,0x0000000018280000)]
  0x0000000016a62800 JavaThread "C2 CompilerThread0" daemon [_thread_blocked, id=13376, stack(0x0000000018080000,0x0000000018180000)]
  0x0000000016a60800 JavaThread "Attach Listener" daemon [_thread_blocked, id=12752, stack(0x0000000017f80000,0x0000000018080000)]
  0x0000000016a5f800 JavaThread "Signal Dispatcher" daemon [_thread_blocked, id=9816, stack(0x0000000017e80000,0x0000000017f80000)]
  0x0000000016a00000 JavaThread "Finalizer" daemon [_thread_blocked, id=9168, stack(0x0000000017c60000,0x0000000017d60000)]
  0x0000000001eb5000 JavaThread "Reference Handler" daemon [_thread_blocked, id=9312, stack(0x0000000017b60000,0x0000000017c60000)]
  0x0000000001dc5000 JavaThread "main" [_thread_blocked, id=6608, stack(0x0000000001c20000,0x0000000001d20000)]

Other Threads:
  0x00000000169d7800 VMThread [stack: 0x0000000017a60000,0x0000000017b60000] [id=13516]
  0x0000000018442800 WatcherThread [stack: 0x0000000018990000,0x0000000018a90000] [id=19316]

VM state:not at safepoint (normal execution)

VM Mutex/Monitor currently owned by a thread: None

Heap:
 PSYoungGen      total 276480K, used 48952K [0x00000000d5d80000, 0x00000000e8400000, 0x0000000100000000)
  eden space 261120K, 18% used [0x00000000d5d80000,0x00000000d8d4e250,0x00000000e5c80000)
  from space 15360K, 0% used [0x00000000e6c00000,0x00000000e6c00000,0x00000000e7b00000)
  to   space 15872K, 0% used [0x00000000e5c80000,0x00000000e5c80000,0x00000000e6c00000)
 ParOldGen       total 107520K, used 22069K [0x0000000081800000, 0x0000000088100000, 0x00000000d5d80000)
  object space 107520K, 20% used [0x0000000081800000,0x0000000082d8d518,0x0000000088100000)
 Metaspace       used 41315K, capacity 41666K, committed 42112K, reserved 1087488K
  class space    used 5280K, capacity 5384K, committed 5504K, reserved 1048576K

Card table byte_map: [0x0000000011280000,0x0000000011680000] byte_map_base: 0x0000000010e74000

Marking Bits: (ParMarkBitMap*) 0x00000000622ad850
 Begin Bits: [0x0000000011d30000, 0x0000000013cd0000)
 End Bits:   [0x0000000013cd0000, 0x0000000015c70000)

Polling page: 0x0000000001d20000

CodeCache: size=245760Kb used=13024Kb max_used=13050Kb free=232735Kb
 bounds [0x0000000001ec0000, 0x0000000002b90000, 0x0000000010ec0000]
 total_blobs=4055 nmethods=3561 adapters=406
 compilation: enabled

Compilation events (10 events):
Event: 11.261 Thread 0x0000000016a62800 nmethod 4105 0x0000000002644150 code [0x00000000026442a0, 0x0000000002644668]
Event: 11.387 Thread 0x0000000016a67000 4106       3       java.util.Collections$UnmodifiableMap$UnmodifiableEntrySet$UnmodifiableEntry::getKey (10 bytes)
Event: 11.387 Thread 0x0000000016a67000 nmethod 4106 0x0000000002643d10 code [0x0000000002643e80, 0x00000000026440a8]
Event: 11.669 Thread 0x0000000016a67000 4107       3       java.lang.reflect.Field::acquireFieldAccessor (59 bytes)
Event: 11.669 Thread 0x0000000016a67000 nmethod 4107 0x00000000026430d0 code [0x00000000026432a0, 0x00000000026439e8]
Event: 11.804 Thread 0x0000000016a64800 4108   !   4       java.net.URL::<init> (543 bytes)
Event: 11.862 Thread 0x0000000016a62800 4109       4       java.lang.ClassLoader::getClassLoadingLock (35 bytes)
Event: 11.863 Thread 0x0000000016a62800 nmethod 4109 0x000000000256bfd0 code [0x000000000256c120, 0x000000000256c248]
Event: 12.154 Thread 0x0000000016a67000 4110       3       org.hibernate.service.internal.ConcurrentServiceBinding$Node::get (72 bytes)
Event: 12.154 Thread 0x0000000016a67000 nmethod 4110 0x0000000002590cd0 code [0x0000000002590e60, 0x00000000025912b8]

GC Heap History (10 events):
Event: 3.351 GC heap before
{Heap before GC invocations=6 (full 1):
 PSYoungGen      total 138240K, used 133120K [0x00000000d5d80000, 0x00000000de980000, 0x0000000100000000)
  eden space 133120K, 100% used [0x00000000d5d80000,0x00000000ddf80000,0x00000000ddf80000)
  from space 5120K, 0% used [0x00000000de480000,0x00000000de480000,0x00000000de980000)
  to   space 5120K, 0% used [0x00000000ddf80000,0x00000000ddf80000,0x00000000de480000)
 ParOldGen       total 69632K, used 11713K [0x0000000081800000, 0x0000000085c00000, 0x00000000d5d80000)
  object space 69632K, 16% used [0x0000000081800000,0x00000000823707c8,0x0000000085c00000)
 Metaspace       used 22044K, capacity 22358K, committed 22448K, reserved 1069056K
  class space    used 2709K, capacity 2795K, committed 2816K, reserved 1048576K
Event: 3.365 GC heap after
Heap after GC invocations=6 (full 1):
 PSYoungGen      total 138240K, used 5089K [0x00000000d5d80000, 0x00000000e3380000, 0x0000000100000000)
  eden space 133120K, 0% used [0x00000000d5d80000,0x00000000d5d80000,0x00000000ddf80000)
  from space 5120K, 99% used [0x00000000ddf80000,0x00000000de4785c8,0x00000000de480000)
  to   space 12800K, 0% used [0x00000000e2700000,0x00000000e2700000,0x00000000e3380000)
 ParOldGen       total 69632K, used 15599K [0x0000000081800000, 0x0000000085c00000, 0x00000000d5d80000)
  object space 69632K, 22% used [0x0000000081800000,0x000000008273bf30,0x0000000085c00000)
 Metaspace       used 22044K, capacity 22358K, committed 22448K, reserved 1069056K
  class space    used 2709K, capacity 2795K, committed 2816K, reserved 1048576K
}
Event: 4.887 GC heap before
{Heap before GC invocations=7 (full 1):
 PSYoungGen      total 138240K, used 138209K [0x00000000d5d80000, 0x00000000e3380000, 0x0000000100000000)
  eden space 133120K, 100% used [0x00000000d5d80000,0x00000000ddf80000,0x00000000ddf80000)
  from space 5120K, 99% used [0x00000000ddf80000,0x00000000de4785c8,0x00000000de480000)
  to   space 12800K, 0% used [0x00000000e2700000,0x00000000e2700000,0x00000000e3380000)
 ParOldGen       total 69632K, used 15599K [0x0000000081800000, 0x0000000085c00000, 0x00000000d5d80000)
  object space 69632K, 22% used [0x0000000081800000,0x000000008273bf30,0x0000000085c00000)
 Metaspace       used 26111K, capacity 26408K, committed 26752K, reserved 1073152K
  class space    used 3256K, capacity 3359K, committed 3456K, reserved 1048576K
Event: 4.899 GC heap after
Heap after GC invocations=7 (full 1):
 PSYoungGen      total 198144K, used 9705K [0x00000000d5d80000, 0x00000000e3080000, 0x0000000100000000)
  eden space 188416K, 0% used [0x00000000d5d80000,0x00000000d5d80000,0x00000000e1580000)
  from space 9728K, 99% used [0x00000000e2700000,0x00000000e307a5f8,0x00000000e3080000)
  to   space 13312K, 0% used [0x00000000e1680000,0x00000000e1680000,0x00000000e2380000)
 ParOldGen       total 69632K, used 15607K [0x0000000081800000, 0x0000000085c00000, 0x00000000d5d80000)
  object space 69632K, 22% used [0x0000000081800000,0x000000008273df30,0x0000000085c00000)
 Metaspace       used 26111K, capacity 26408K, committed 26752K, reserved 1073152K
  class space    used 3256K, capacity 3359K, committed 3456K, reserved 1048576K
}
Event: 7.294 GC heap before
{Heap before GC invocations=8 (full 1):
 PSYoungGen      total 198144K, used 198121K [0x00000000d5d80000, 0x00000000e3080000, 0x0000000100000000)
  eden space 188416K, 100% used [0x00000000d5d80000,0x00000000e1580000,0x00000000e1580000)
  from space 9728K, 99% used [0x00000000e2700000,0x00000000e307a5f8,0x00000000e3080000)
  to   space 13312K, 0% used [0x00000000e1680000,0x00000000e1680000,0x00000000e2380000)
 ParOldGen       total 69632K, used 15607K [0x0000000081800000, 0x0000000085c00000, 0x00000000d5d80000)
  object space 69632K, 22% used [0x0000000081800000,0x000000008273df30,0x0000000085c00000)
 Metaspace       used 32237K, capacity 32646K, committed 32896K, reserved 1077248K
  class space    used 4016K, capacity 4132K, committed 4224K, reserved 1048576K
Event: 7.318 GC heap after
Heap after GC invocations=8 (full 1):
 PSYoungGen      total 202752K, used 13286K [0x00000000d5d80000, 0x00000000e7b00000, 0x0000000100000000)
  eden space 189440K, 0% used [0x00000000d5d80000,0x00000000d5d80000,0x00000000e1680000)
  from space 13312K, 99% used [0x00000000e1680000,0x00000000e2379b20,0x00000000e2380000)
  to   space 15360K, 0% used [0x00000000e6c00000,0x00000000e6c00000,0x00000000e7b00000)
 ParOldGen       total 69632K, used 16070K [0x0000000081800000, 0x0000000085c00000, 0x00000000d5d80000)
  object space 69632K, 23% used [0x0000000081800000,0x00000000827b1b50,0x0000000085c00000)
 Metaspace       used 32237K, capacity 32646K, committed 32896K, reserved 1077248K
  class space    used 4016K, capacity 4132K, committed 4224K, reserved 1048576K
}
Event: 8.002 GC heap before
{Heap before GC invocations=9 (full 1):
 PSYoungGen      total 202752K, used 39640K [0x00000000d5d80000, 0x00000000e7b00000, 0x0000000100000000)
  eden space 189440K, 13% used [0x00000000d5d80000,0x00000000d773c7a8,0x00000000e1680000)
  from space 13312K, 99% used [0x00000000e1680000,0x00000000e2379b20,0x00000000e2380000)
  to   space 15360K, 0% used [0x00000000e6c00000,0x00000000e6c00000,0x00000000e7b00000)
 ParOldGen       total 69632K, used 16070K [0x0000000081800000, 0x0000000085c00000, 0x00000000d5d80000)
  object space 69632K, 23% used [0x0000000081800000,0x00000000827b1b50,0x0000000085c00000)
 Metaspace       used 34872K, capacity 35212K, committed 35496K, reserved 1081344K
  class space    used 4418K, capacity 4517K, committed 4608K, reserved 1048576K
Event: 8.019 GC heap after
Heap after GC invocations=9 (full 1):
 PSYoungGen      total 276480K, used 12301K [0x00000000d5d80000, 0x00000000e8400000, 0x0000000100000000)
  eden space 261120K, 0% used [0x00000000d5d80000,0x00000000d5d80000,0x00000000e5c80000)
  from space 15360K, 80% used [0x00000000e6c00000,0x00000000e7803638,0x00000000e7b00000)
  to   space 15872K, 0% used [0x00000000e5c80000,0x00000000e5c80000,0x00000000e6c00000)
 ParOldGen       total 69632K, used 16078K [0x0000000081800000, 0x0000000085c00000, 0x00000000d5d80000)
  object space 69632K, 23% used [0x0000000081800000,0x00000000827b3b50,0x0000000085c00000)
 Metaspace       used 34872K, capacity 35212K, committed 35496K, reserved 1081344K
  class space    used 4418K, capacity 4517K, committed 4608K, reserved 1048576K
}
Event: 8.019 GC heap before
{Heap before GC invocations=10 (full 2):
 PSYoungGen      total 276480K, used 12301K [0x00000000d5d80000, 0x00000000e8400000, 0x0000000100000000)
  eden space 261120K, 0% used [0x00000000d5d80000,0x00000000d5d80000,0x00000000e5c80000)
  from space 15360K, 80% used [0x00000000e6c00000,0x00000000e7803638,0x00000000e7b00000)
  to   space 15872K, 0% used [0x00000000e5c80000,0x00000000e5c80000,0x00000000e6c00000)
 ParOldGen       total 69632K, used 16078K [0x0000000081800000, 0x0000000085c00000, 0x00000000d5d80000)
  object space 69632K, 23% used [0x0000000081800000,0x00000000827b3b50,0x0000000085c00000)
 Metaspace       used 34872K, capacity 35212K, committed 35496K, reserved 1081344K
  class space    used 4418K, capacity 4517K, committed 4608K, reserved 1048576K
Event: 8.117 GC heap after
Heap after GC invocations=10 (full 2):
 PSYoungGen      total 276480K, used 0K [0x00000000d5d80000, 0x00000000e8400000, 0x0000000100000000)
  eden space 261120K, 0% used [0x00000000d5d80000,0x00000000d5d80000,0x00000000e5c80000)
  from space 15360K, 0% used [0x00000000e6c00000,0x00000000e6c00000,0x00000000e7b00000)
  to   space 15872K, 0% used [0x00000000e5c80000,0x00000000e5c80000,0x00000000e6c00000)
 ParOldGen       total 107520K, used 22069K [0x0000000081800000, 0x0000000088100000, 0x00000000d5d80000)
  object space 107520K, 20% used [0x0000000081800000,0x0000000082d8d518,0x0000000088100000)
 Metaspace       used 34872K, capacity 35212K, committed 35496K, reserved 1081344K
  class space    used 4418K, capacity 4517K, committed 4608K, reserved 1048576K
}

Deoptimization events (10 events):
Event: 7.892 Thread 0x0000000018462800 Uncommon trap: reason=bimorphic action=maybe_recompile pc=0x0000000002b62110 method=java.lang.ClassLoader.loadClass(Ljava/lang/String;Z)Ljava/lang/Class; @ 2
Event: 7.893 Thread 0x0000000018462800 Uncommon trap: reason=bimorphic action=maybe_recompile pc=0x0000000002b62110 method=java.lang.ClassLoader.loadClass(Ljava/lang/String;Z)Ljava/lang/Class; @ 2
Event: 8.303 Thread 0x0000000018462800 Uncommon trap: reason=unstable_if action=reinterpret pc=0x000000000213b9c8 method=sun.nio.cs.UTF_8$Decoder.decode([BII[C)I @ 30
Event: 8.599 Thread 0x0000000018462800 Uncommon trap: reason=unstable_if action=reinterpret pc=0x0000000002145160 method=java.net.URI.match(CJJ)Z @ 45
Event: 9.119 Thread 0x0000000018462800 Uncommon trap: reason=bimorphic action=maybe_recompile pc=0x0000000002b62110 method=java.lang.ClassLoader.loadClass(Ljava/lang/String;Z)Ljava/lang/Class; @ 2
Event: 9.472 Thread 0x0000000018462800 Uncommon trap: reason=class_check action=maybe_recompile pc=0x00000000021027b8 method=java.util.TreeMap.put(Ljava/lang/Object;Ljava/lang/Object;)Ljava/lang/Object; @ 127
Event: 9.474 Thread 0x0000000018462800 Uncommon trap: reason=class_check action=maybe_recompile pc=0x00000000021027b8 method=java.util.TreeMap.put(Ljava/lang/Object;Ljava/lang/Object;)Ljava/lang/Object; @ 127
Event: 9.474 Thread 0x0000000018462800 Uncommon trap: reason=class_check action=maybe_recompile pc=0x00000000021027b8 method=java.util.TreeMap.put(Ljava/lang/Object;Ljava/lang/Object;)Ljava/lang/Object; @ 127
Event: 10.943 Thread 0x0000000018462800 Uncommon trap: reason=bimorphic action=maybe_recompile pc=0x0000000002b62110 method=java.lang.ClassLoader.loadClass(Ljava/lang/String;Z)Ljava/lang/Class; @ 2
Event: 11.249 Thread 0x0000000018462800 Uncommon trap: reason=null_check action=make_not_entrant pc=0x00000000029b86e0 method=java.lang.Class.createAnnotationData(I)Ljava/lang/Class$AnnotationData; @ 14

Internal exceptions (10 events):
Event: 7.493 Thread 0x0000000018462800 Exception <a 'java/lang/ClassNotFoundException': org/springframework/context/weaving/LoadTimeWeaverAwareCustomizer> (0x00000000d628c2d0) thrown at [C:\re\workspace\8-2-build-windows-amd64-cygwin\jdk8u144\9417\hotspot\src\share\vm\classfile\systemDictionar
Event: 7.494 Thread 0x0000000018462800 Exception <a 'java/lang/ClassNotFoundException': org/springframework/beans/factory/FactoryBeanCustomizer> (0x00000000d62a2c58) thrown at [C:\re\workspace\8-2-build-windows-amd64-cygwin\jdk8u144\9417\hotspot\src\share\vm\classfile\systemDictionary.cpp, lin
Event: 7.495 Thread 0x0000000018462800 Exception <a 'java/lang/ClassNotFoundException': org/springframework/beans/factory/BeanClassLoaderAwareCustomizer> (0x00000000d62be738) thrown at [C:\re\workspace\8-2-build-windows-amd64-cygwin\jdk8u144\9417\hotspot\src\share\vm\classfile\systemDictionary
Event: 7.495 Thread 0x0000000018462800 Exception <a 'java/lang/ClassNotFoundException': org/springframework/beans/factory/BeanFactoryAwareCustomizer> (0x00000000d62d6390) thrown at [C:\re\workspace\8-2-build-windows-amd64-cygwin\jdk8u144\9417\hotspot\src\share\vm\classfile\systemDictionary.cpp
Event: 7.496 Thread 0x0000000018462800 Exception <a 'java/lang/ClassNotFoundException': org/springframework/beans/factory/BeanNameAwareCustomizer> (0x00000000d62ed640) thrown at [C:\re\workspace\8-2-build-windows-amd64-cygwin\jdk8u144\9417\hotspot\src\share\vm\classfile\systemDictionary.cpp, l
Event: 7.497 Thread 0x0000000018462800 Exception <a 'java/lang/ClassNotFoundException': org/springframework/beans/factory/InitializingBeanCustomizer> (0x00000000d63051b8) thrown at [C:\re\workspace\8-2-build-windows-amd64-cygwin\jdk8u144\9417\hotspot\src\share\vm\classfile\systemDictionary.cpp
Event: 7.497 Thread 0x0000000018462800 Exception <a 'java/lang/ClassNotFoundException': org/springframework/beans/factory/DisposableBeanCustomizer> (0x00000000d631b640) thrown at [C:\re\workspace\8-2-build-windows-amd64-cygwin\jdk8u144\9417\hotspot\src\share\vm\classfile\systemDictionary.cpp, 
Event: 7.498 Thread 0x0000000018462800 Exception <a 'java/lang/ClassNotFoundException': org/springframework/orm/jpa/EntityManagerFactoryInfoCustomizer> (0x00000000d6332f70) thrown at [C:\re\workspace\8-2-build-windows-amd64-cygwin\jdk8u144\9417\hotspot\src\share\vm\classfile\systemDictionary.c
Event: 7.499 Thread 0x0000000018462800 Exception <a 'java/lang/ClassNotFoundException': org/springframework/dao/support/PersistenceExceptionTranslatorCustomizer> (0x00000000d6356668) thrown at [C:\re\workspace\8-2-build-windows-amd64-cygwin\jdk8u144\9417\hotspot\src\share\vm\classfile\systemDi
Event: 7.499 Thread 0x0000000018462800 Exception <a 'java/lang/ClassNotFoundException': java/io/SerializableCustomizer> (0x00000000d635f978) thrown at [C:\re\workspace\8-2-build-windows-amd64-cygwin\jdk8u144\9417\hotspot\src\share\vm\classfile\systemDictionary.cpp, line 210]

Events (10 events):
Event: 12.155 loading class org/hibernate/internal/CoreMessageLogger_$logger_fr_FR done
Event: 12.155 loading class org/hibernate/internal/CoreMessageLogger_$logger_fr
Event: 12.155 loading class org/hibernate/internal/CoreMessageLogger_$logger_fr done
Event: 12.156 loading class org/hibernate/cache/spi/UpdateTimestampsCache
Event: 12.156 loading class org/hibernate/cache/spi/UpdateTimestampsCache done
Event: 12.156 loading class org/hibernate/dialect/function/SQLFunctionRegistry
Event: 12.156 loading class org/hibernate/dialect/function/SQLFunctionRegistry done
Event: 12.157 loading class org/hibernate/internal/SessionFactoryRegistry$ObjectFactoryImpl
Event: 12.157 loading class org/hibernate/internal/SessionFactoryRegistry$ObjectFactoryImpl done
Event: 12.157 loading class javax/naming/spi/ObjectFactory


Dynamic libraries:
0x00007ff6e8d20000 - 0x00007ff6e8d57000 	C:\Program Files\Java\jre1.8.0_144\bin\javaw.exe
0x00007ffeb5830000 - 0x00007ffeb59dd000 	C:\Windows\SYSTEM32\ntdll.dll
0x00007ffeb46a0000 - 0x00007ffeb47de000 	C:\Windows\system32\KERNEL32.DLL
0x00007ffeb2d60000 - 0x00007ffeb2e76000 	C:\Windows\system32\KERNELBASE.dll
0x00007ffeb14e0000 - 0x00007ffeb156e000 	C:\Windows\system32\apphelp.dll
0x00007ffea8c30000 - 0x00007ffea8c83000 	C:\Windows\AppPatch\AppPatch64\AcGenral.DLL
0x00007ffeb4b00000 - 0x00007ffeb4baa000 	C:\Windows\system32\msvcrt.dll
0x00007ffeb2d30000 - 0x00007ffeb2d5e000 	C:\Windows\system32\SspiCli.dll
0x00007ffeb47e0000 - 0x00007ffeb4834000 	C:\Windows\system32\SHLWAPI.dll
0x00007ffeb52d0000 - 0x00007ffeb5447000 	C:\Windows\system32\USER32.dll
0x00007ffeb5450000 - 0x00007ffeb55e4000 	C:\Windows\system32\ole32.dll
0x00007ffeb2f50000 - 0x00007ffeb447c000 	C:\Windows\system32\SHELL32.dll
0x00007ffeb2280000 - 0x00007ffeb22a1000 	C:\Windows\SYSTEM32\USERENV.dll
0x00007ffeb4bb0000 - 0x00007ffeb4c5a000 	C:\Windows\system32\ADVAPI32.dll
0x00007ffea54b0000 - 0x00007ffea54ce000 	C:\Windows\SYSTEM32\MPR.dll
0x00007ffeb48d0000 - 0x00007ffeb4a10000 	C:\Windows\system32\RPCRT4.dll
0x00007ffeb4c70000 - 0x00007ffeb4cc9000 	C:\Windows\SYSTEM32\sechost.dll
0x00007ffeb4480000 - 0x00007ffeb4692000 	C:\Windows\SYSTEM32\combase.dll
0x00007ffeb5650000 - 0x00007ffeb579b000 	C:\Windows\system32\GDI32.dll
0x00007ffeb2920000 - 0x00007ffeb2935000 	C:\Windows\SYSTEM32\profapi.dll
0x00007ffeb0eb0000 - 0x00007ffeb0f62000 	C:\Windows\SYSTEM32\SHCORE.dll
0x00007ffeb5130000 - 0x00007ffeb5166000 	C:\Windows\system32\IMM32.DLL
0x00007ffeb5170000 - 0x00007ffeb52c1000 	C:\Windows\system32\MSCTF.dll
0x00007ffeafe20000 - 0x00007ffeb009b000 	C:\Windows\WinSxS\amd64_microsoft.windows.common-controls_6595b64144ccf1df_6.0.9600.18006_none_623f33d3ecbe86e8\COMCTL32.dll
0x0000000063200000 - 0x00000000632d2000 	C:\Program Files\Java\jre1.8.0_144\bin\msvcr100.dll
0x0000000061a90000 - 0x000000006232d000 	C:\Program Files\Java\jre1.8.0_144\bin\server\jvm.dll
0x00007ffea7f80000 - 0x00007ffea7f89000 	C:\Windows\SYSTEM32\WSOCK32.dll
0x00007ffea5410000 - 0x00007ffea5432000 	C:\Windows\SYSTEM32\WINMM.dll
0x00007ffeaae40000 - 0x00007ffeaae4a000 	C:\Windows\SYSTEM32\VERSION.dll
0x00007ffeb48b0000 - 0x00007ffeb48b7000 	C:\Windows\system32\PSAPI.DLL
0x00007ffeb55f0000 - 0x00007ffeb564a000 	C:\Windows\system32\WS2_32.dll
0x00007ffea4f90000 - 0x00007ffea4fba000 	C:\Windows\SYSTEM32\WINMMBASE.dll
0x00007ffeb4c60000 - 0x00007ffeb4c69000 	C:\Windows\system32\NSI.dll
0x00007ffeb2aa0000 - 0x00007ffeb2aef000 	C:\Windows\SYSTEM32\cfgmgr32.dll
0x00007ffeb1760000 - 0x00007ffeb1788000 	C:\Windows\SYSTEM32\DEVOBJ.dll
0x00000000619a0000 - 0x00000000619af000 	C:\Program Files\Java\jre1.8.0_144\bin\verify.dll
0x0000000061970000 - 0x0000000061999000 	C:\Program Files\Java\jre1.8.0_144\bin\java.dll
0x0000000061950000 - 0x0000000061966000 	C:\Program Files\Java\jre1.8.0_144\bin\zip.dll
0x00000000632e0000 - 0x00000000632ed000 	C:\Program Files\Java\jre1.8.0_144\bin\management.dll
0x0000000061850000 - 0x000000006186a000 	C:\Program Files\Java\jre1.8.0_144\bin\net.dll
0x00007ffeb1fc0000 - 0x00007ffeb2019000 	C:\Windows\system32\mswsock.dll
0x00007ffea97c0000 - 0x00007ffea97d5000 	C:\Windows\system32\napinsp.dll
0x00007ffea97e0000 - 0x00007ffea97fa000 	C:\Windows\system32\pnrpnsp.dll
0x00007ffeb0300000 - 0x00007ffeb031b000 	C:\Windows\system32\NLAapi.dll
0x00007ffeb1f10000 - 0x00007ffeb1fb4000 	C:\Windows\SYSTEM32\DNSAPI.dll
0x00007ffea9850000 - 0x00007ffea985d000 	C:\Windows\System32\winrnr.dll
0x00007ffea9800000 - 0x00007ffea9814000 	C:\Windows\system32\wshbth.dll
0x00007ffeaa0f0000 - 0x00007ffeaa0fa000 	C:\Windows\System32\rasadhlp.dll
0x00007ffeadc30000 - 0x00007ffeadc5a000 	C:\Windows\SYSTEM32\IPHLPAPI.DLL
0x00007ffeadc10000 - 0x00007ffeadc1a000 	C:\Windows\SYSTEM32\WINNSI.DLL
0x00007ffead880000 - 0x00007ffead8eb000 	C:\Windows\System32\fwpuclnt.dll
0x0000000061930000 - 0x0000000061941000 	C:\Program Files\Java\jre1.8.0_144\bin\nio.dll
0x00007ffeb2300000 - 0x00007ffeb2320000 	C:\Windows\SYSTEM32\CRYPTSP.dll
0x00007ffeb1e70000 - 0x00007ffeb1ea6000 	C:\Windows\system32\rsaenh.dll
0x00007ffeb2400000 - 0x00007ffeb2426000 	C:\Windows\SYSTEM32\bcrypt.dll
0x00007ffeb2720000 - 0x00007ffeb2783000 	C:\Windows\system32\bcryptprimitives.dll
0x00007ffeb2790000 - 0x00007ffeb279b000 	C:\Windows\SYSTEM32\CRYPTBASE.dll
0x00007ffead5c0000 - 0x00007ffead5d6000 	C:\Windows\SYSTEM32\dhcpcsvc6.DLL
0x00007ffead5a0000 - 0x00007ffead5ba000 	C:\Windows\SYSTEM32\dhcpcsvc.DLL

VM Arguments:
jvm_args: -Dfile.encoding=UTF-8 
java_command: org.opendevup.TpSpringMvcApplication
java_class_path (initial): C:\Program Files\Java\jre1.8.0_144\lib\resources.jar;C:\Program Files\Java\jre1.8.0_144\lib\rt.jar;C:\Program Files\Java\jre1.8.0_144\lib\jsse.jar;C:\Program Files\Java\jre1.8.0_144\lib\jce.jar;C:\Program Files\Java\jre1.8.0_144\lib\charsets.jar;C:\Program Files\Java\jre1.8.0_144\lib\jfr.jar;C:\Program Files\Java\jre1.8.0_144\lib\ext\access-bridge-64.jar;C:\Program Files\Java\jre1.8.0_144\lib\ext\cldrdata.jar;C:\Program Files\Java\jre1.8.0_144\lib\ext\dnsns.jar;C:\Program Files\Java\jre1.8.0_144\lib\ext\jaccess.jar;C:\Program Files\Java\jre1.8.0_144\lib\ext\jfxrt.jar;C:\Program Files\Java\jre1.8.0_144\lib\ext\localedata.jar;C:\Program Files\Java\jre1.8.0_144\lib\ext\nashorn.jar;C:\Program Files\Java\jre1.8.0_144\lib\ext\sunec.jar;C:\Program Files\Java\jre1.8.0_144\lib\ext\sunjce_provider.jar;C:\Program Files\Java\jre1.8.0_144\lib\ext\sunmscapi.jar;C:\Program Files\Java\jre1.8.0_144\lib\ext\sunpkcs11.jar;C:\Program Files\Java\jre1.8.0_144\lib\ext\zipfs.jar;C:\Users\HP NOTEBOOK\Documents\workspace-sts-3.9.4.RELEASE\tp-spring-mvc\target\classes;C:\Users\HP NOTEBOOK\.m2\repository\org\springframework\boot\spring-boot-starter-data-jpa\1.4.3.RELEASE\spring-boot-starter-data-jpa-1.4.3.RELEASE.jar;C:\Users\HP NOTEBOOK\.m2\repository\org\springframework\boot\spring-boot-starter\1.4.3.RELEASE\spring-boot-starter-1.4.3.RELEASE.jar;C:\Users\HP NOTEBOOK\.m2\repository\org\springframework\boot\spring-boot-starter-logging\1.4.3.RELEASE\spring-boot-starter-logging-1.4.3.RELEASE.jar;C:\Users\HP NOTEBOOK\.m2\repository\ch\qos\logback\logback-classic\1.1.8\logback-classic-1.1.8.jar;C:\Users\HP NOTEBOOK\.m2\repository\ch\qos\logback\logback-core\1.1.8\logback-core-1.1.8.jar;C:\Users\HP NOTEBOOK\.m2\repository\org\slf4j\jul-to-slf4j\1.7.22\jul-to-slf4j-1.7.22.jar;C:\Users\HP NOTEBOOK\.m2\repository\org\slf4j\log4j-over-slf4j\1.7.22\log4j-over-slf4j-1.7.22.jar;C:\Users\HP NOTEBOOK\.m2\repository\org\yaml\snakeyaml\1.17\snakeyaml-1.17.jar;C:\Users\HP NOTEBOOK\
Launcher Type: SUN_STANDARD

Environment Variables:
JAVA_HOME=C:\Program Files\Java\jdk-10.0.1
PATH=C:/Program Files/Java/jre1.8.0_144/bin/server;C:/Program Files/Java/jre1.8.0_144/bin;C:/Program Files/Java/jre1.8.0_144/lib/amd64;C:\Program Files (x86)\Common Files\Oracle\Java\javapath;C:\ProgramData\Oracle\Java\javapath;C:\Program Files (x86)\Intel\iCLS Client\;C:\Program Files\Intel\iCLS Client\;C:\Windows\system32;C:\Windows;C:\Windows\System32\Wbem;C:\Windows\System32\WindowsPowerShell\v1.0\;C:\Program Files (x86)\Intel\Intel(R) Management Engine Components\DAL;C:\Program Files\Intel\Intel(R) Management Engine Components\DAL;C:\Program Files (x86)\Intel\Intel(R) Management Engine Components\IPT;C:\Program Files\Intel\Intel(R) Management Engine Components\IPT;C:\Program Files (x86)\ATI Technologies\ATI.ACE\Core-Static;C:\Program Files (x86)\Windows Live\Shared;C:\Program Files\Microsoft SQL Server\130\Tools\Binn\;C:\Program Files\dotnet\;C:\Program Files\nodejs\;;C:\Program Files (x86)\Microsoft VS Code\bin;C:\Users\HP NOTEBOOK\AppData\Roaming\npm;C:\Users\HP NOTEBOOK\Downloads\Compressed\spring-tool-suite-3.9.4.RELEASE-e4.7.3a-win32-x86_64_2\sts-bundle\sts-3.9.4.RELEASE;
USERNAME=HP NOTEBOOK
OS=Windows_NT
PROCESSOR_IDENTIFIER=Intel64 Family 6 Model 78 Stepping 3, GenuineIntel



---------------  S Y S T E M  ---------------

OS: Windows 8.1 , 64 bit Build 9600 (6.3.9600.17415)

CPU:total 4 (initial active 4) (2 cores per cpu, 2 threads per core) family 6 model 78 stepping 3, cmov, cx8, fxsr, mmx, sse, sse2, sse3, ssse3, sse4.1, sse4.2, popcnt, avx, avx2, aes, clmul, erms, 3dnowpref, lzcnt, ht, tsc, tscinvbit, bmi1, bmi2, adx

Memory: 4k page, physical 8285184k(1971008k free), swap 8809472k(111120k free)

vm_info: Java HotSpot(TM) 64-Bit Server VM (25.144-b01) for windows-amd64 JRE (1.8.0_144-b01), built on Jul 21 2017 21:57:33 by "java_re" with MS VC++ 10.0 (VS2010)

time: Thu Sep 06 22:07:54 2018
elapsed time: 14 seconds (0d 0h 0m 14s)

