#
# There is insufficient memory for the Java Runtime Environment to continue.
# Native memory allocation (malloc) failed to allocate 1052096 bytes for Chunk::new
# Possible reasons:
#   The system is out of physical RAM or swap space
#   The process is running with CompressedOops enabled, and the Java Heap may be blocking the growth of the native heap
# Possible solutions:
#   Reduce memory load on the system
#   Increase physical memory or swap space
#   Check if swap backing store is full
#   Decrease Java heap size (-Xmx/-Xms)
#   Decrease number of Java threads
#   Decrease Java thread stack sizes (-Xss)
#   Set larger code cache with -XX:ReservedCodeCacheSize=
#   JVM is running with Unscaled Compressed Oops mode in which the Java heap is
#     placed in the first 4GB address space. The Java Heap base address is the
#     maximum limit for the native heap growth. Please use -XX:HeapBaseMinAddress
#     to set the Java Heap base and to place the Java Heap above 4GB virtual address.
# This output file may be truncated or incomplete.
#
#  Out of Memory Error (allocation.cpp:389), pid=1972, tid=0x0000000000001574
#
# JRE version: Java(TM) SE Runtime Environment (8.0_221-b11) (build 1.8.0_221-b11)
# Java VM: Java HotSpot(TM) 64-Bit Server VM (25.221-b11 mixed mode windows-amd64 compressed oops)
# Failed to write core dump. Minidumps are not enabled by default on client versions of Windows
#

---------------  T H R E A D  ---------------

Current thread (0x0000000017213800):  JavaThread "C2 CompilerThread0" daemon [_thread_in_native, id=5492, stack(0x0000000018810000,0x0000000018910000)]

Stack: [0x0000000018810000,0x0000000018910000]
[error occurred during error reporting (printing stack bounds), id 0xc0000005]

Native frames: (J=compiled Java code, j=interpreted, Vv=VM code, C=native code)


Current CompileTask:
C2:   4114 1987       4       org.springframework.core.type.classreading.AnnotationMetadataReadingVisitor::getAnnotationAttributes (50 bytes)


---------------  P R O C E S S  ---------------

Java Threads: ( => current thread )
  0x0000000019cd8000 JavaThread "restartedMain" [_thread_in_Java, id=1128, stack(0x000000001aaf0000,0x000000001abf0000)]
  0x0000000019855800 JavaThread "Thread-0" [_thread_blocked, id=8312, stack(0x000000001a9f0000,0x000000001aaf0000)]
  0x0000000018a94800 JavaThread "Service Thread" daemon [_thread_blocked, id=7576, stack(0x0000000018f10000,0x0000000019010000)]
  0x0000000018a12000 JavaThread "C1 CompilerThread2" daemon [_thread_blocked, id=7380, stack(0x0000000018e10000,0x0000000018f10000)]
  0x0000000017217800 JavaThread "C2 CompilerThread1" daemon [_thread_in_native, id=1188, stack(0x0000000018910000,0x0000000018a10000)]
=>0x0000000017213800 JavaThread "C2 CompilerThread0" daemon [_thread_in_native, id=5492, stack(0x0000000018810000,0x0000000018910000)]
  0x0000000017211800 JavaThread "Attach Listener" daemon [_thread_blocked, id=14508, stack(0x0000000018710000,0x0000000018810000)]
  0x0000000017210800 JavaThread "Signal Dispatcher" daemon [_thread_blocked, id=14628, stack(0x0000000018610000,0x0000000018710000)]
  0x000000000266d800 JavaThread "Finalizer" daemon [_thread_blocked, id=13188, stack(0x0000000018410000,0x0000000018510000)]
  0x0000000002664800 JavaThread "Reference Handler" daemon [_thread_blocked, id=7252, stack(0x0000000018310000,0x0000000018410000)]
  0x0000000002575800 JavaThread "main" [_thread_blocked, id=14176, stack(0x0000000002470000,0x0000000002570000)]

Other Threads:
  0x0000000017188000 VMThread [stack: 0x0000000018210000,0x0000000018310000] [id=14384]
  0x0000000018ad1000 WatcherThread [stack: 0x0000000019010000,0x0000000019110000] [id=2860]

VM state:not at safepoint (normal execution)

VM Mutex/Monitor currently owned by a thread: None

heap address: 0x0000000081800000, size: 2024 MB, Compressed Oops mode: 32-bit
Narrow klass base: 0x0000000000000000, Narrow klass shift: 3
Compressed class space size: 1073741824 Address: 0x0000000100000000

Heap:
 PSYoungGen      total 64512K, used 38499K [0x00000000d5d80000, 0x00000000da880000, 0x0000000100000000)
  eden space 52224K, 66% used [0x00000000d5d80000,0x00000000d7f41240,0x00000000d9080000)
  from space 12288K, 32% used [0x00000000d9080000,0x00000000d9457b40,0x00000000d9c80000)
  to   space 11264K, 0% used [0x00000000d9d80000,0x00000000d9d80000,0x00000000da880000)
 ParOldGen       total 61952K, used 11418K [0x0000000081800000, 0x0000000085480000, 0x00000000d5d80000)
  object space 61952K, 18% used [0x0000000081800000,0x0000000082326988,0x0000000085480000)
 Metaspace       used 22115K, capacity 22428K, committed 22704K, reserved 1069056K
  class space    used 2711K, capacity 2796K, committed 2816K, reserved 1048576K

Card table byte_map: [0x0000000011a30000,0x0000000011e30000] byte_map_base: 0x0000000011624000

Marking Bits: (ParMarkBitMap*) 0x00000000705b5ce0
 Begin Bits: [0x00000000124e0000, 0x0000000014480000)
 End Bits:   [0x0000000014480000, 0x0000000016420000)

Polling page: 0x0000000000b10000

CodeCache: size=245760Kb used=8720Kb max_used=8720Kb free=237039Kb
 bounds [0x0000000002670000, 0x0000000002f00000, 0x0000000011670000]
 total_blobs=2718 nmethods=2352 adapters=278
 compilation: enabled

Compilation events (10 events):
Event: 4.003 Thread 0x0000000018a12000 2366       3       org.springframework.asm.ClassReader::readUTF (194 bytes)
Event: 4.003 Thread 0x0000000018a12000 nmethod 2366 0x0000000002ef7350 code [0x0000000002ef74e0, 0x0000000002ef7988]
Event: 4.003 Thread 0x0000000018a12000 2367       2       java.util.LinkedHashMap::afterNodeRemoval (65 bytes)
Event: 4.003 Thread 0x0000000018a12000 nmethod 2367 0x0000000002ef7c90 code [0x0000000002ef7e00, 0x0000000002ef8050]
Event: 4.045 Thread 0x0000000018a12000 2369       2       org.springframework.asm.MethodVisitor::visitIntInsn (17 bytes)
Event: 4.046 Thread 0x0000000018a12000 nmethod 2369 0x0000000002ef8190 code [0x0000000002ef8300, 0x0000000002ef8488]
Event: 4.100 Thread 0x0000000018a12000 2371       2       org.springframework.asm.MethodVisitor::visitTryCatchBlock (20 bytes)
Event: 4.100 Thread 0x0000000018a12000 nmethod 2371 0x0000000002ef8510 code [0x0000000002ef8680, 0x0000000002ef8808]
Event: 4.110 Thread 0x0000000018a12000 2372   !   2       com.sun.proxy.$Proxy30::annotationType (29 bytes)
Event: 4.110 Thread 0x0000000018a12000 nmethod 2372 0x0000000002ef88d0 code [0x0000000002ef8a60, 0x0000000002ef8d18]

GC Heap History (10 events):
Event: 2.711 GC heap before
{Heap before GC invocations=6 (full 0):
 PSYoungGen      total 38400K, used 12664K [0x00000000d5d80000, 0x00000000d8800000, 0x0000000100000000)
  eden space 33280K, 22% used [0x00000000d5d80000,0x00000000d64e4ff0,0x00000000d7e00000)
  from space 5120K, 99% used [0x00000000d7e00000,0x00000000d82f9100,0x00000000d8300000)
  to   space 5120K, 0% used [0x00000000d8300000,0x00000000d8300000,0x00000000d8800000)
 ParOldGen       total 87552K, used 10856K [0x0000000081800000, 0x0000000086d80000, 0x00000000d5d80000)
  object space 87552K, 12% used [0x0000000081800000,0x000000008229a2c0,0x0000000086d80000)
 Metaspace       used 20909K, capacity 21154K, committed 21296K, reserved 1069056K
  class space    used 2554K, capacity 2633K, committed 2688K, reserved 1048576K
Event: 2.721 GC heap after
Heap after GC invocations=6 (full 0):
 PSYoungGen      total 38400K, used 5109K [0x00000000d5d80000, 0x00000000d8800000, 0x0000000100000000)
  eden space 33280K, 0% used [0x00000000d5d80000,0x00000000d5d80000,0x00000000d7e00000)
  from space 5120K, 99% used [0x00000000d8300000,0x00000000d87fd720,0x00000000d8800000)
  to   space 5120K, 0% used [0x00000000d7e00000,0x00000000d7e00000,0x00000000d8300000)
 ParOldGen       total 87552K, used 11324K [0x0000000081800000, 0x0000000086d80000, 0x00000000d5d80000)
  object space 87552K, 12% used [0x0000000081800000,0x000000008230f3f0,0x0000000086d80000)
 Metaspace       used 20909K, capacity 21154K, committed 21296K, reserved 1069056K
  class space    used 2554K, capacity 2633K, committed 2688K, reserved 1048576K
}
Event: 2.721 GC heap before
{Heap before GC invocations=7 (full 1):
 PSYoungGen      total 38400K, used 5109K [0x00000000d5d80000, 0x00000000d8800000, 0x0000000100000000)
  eden space 33280K, 0% used [0x00000000d5d80000,0x00000000d5d80000,0x00000000d7e00000)
  from space 5120K, 99% used [0x00000000d8300000,0x00000000d87fd720,0x00000000d8800000)
  to   space 5120K, 0% used [0x00000000d7e00000,0x00000000d7e00000,0x00000000d8300000)
 ParOldGen       total 87552K, used 11324K [0x0000000081800000, 0x0000000086d80000, 0x00000000d5d80000)
  object space 87552K, 12% used [0x0000000081800000,0x000000008230f3f0,0x0000000086d80000)
 Metaspace       used 20909K, capacity 21154K, committed 21296K, reserved 1069056K
  class space    used 2554K, capacity 2633K, committed 2688K, reserved 1048576K
Event: 2.774 GC heap after
Heap after GC invocations=7 (full 1):
 PSYoungGen      total 38400K, used 0K [0x00000000d5d80000, 0x00000000d8800000, 0x0000000100000000)
  eden space 33280K, 0% used [0x00000000d5d80000,0x00000000d5d80000,0x00000000d7e00000)
  from space 5120K, 0% used [0x00000000d8300000,0x00000000d8300000,0x00000000d8800000)
  to   space 5120K, 0% used [0x00000000d7e00000,0x00000000d7e00000,0x00000000d8300000)
 ParOldGen       total 61952K, used 11394K [0x0000000081800000, 0x0000000085480000, 0x00000000d5d80000)
  object space 61952K, 18% used [0x0000000081800000,0x0000000082320988,0x0000000085480000)
 Metaspace       used 20909K, capacity 21154K, committed 21296K, reserved 1069056K
  class space    used 2554K, capacity 2633K, committed 2688K, reserved 1048576K
}
Event: 2.970 GC heap before
{Heap before GC invocations=8 (full 1):
 PSYoungGen      total 38400K, used 33280K [0x00000000d5d80000, 0x00000000d8800000, 0x0000000100000000)
  eden space 33280K, 100% used [0x00000000d5d80000,0x00000000d7e00000,0x00000000d7e00000)
  from space 5120K, 0% used [0x00000000d8300000,0x00000000d8300000,0x00000000d8800000)
  to   space 5120K, 0% used [0x00000000d7e00000,0x00000000d7e00000,0x00000000d8300000)
 ParOldGen       total 61952K, used 11394K [0x0000000081800000, 0x0000000085480000, 0x00000000d5d80000)
  object space 61952K, 18% used [0x0000000081800000,0x0000000082320988,0x0000000085480000)
 Metaspace       used 21206K, capacity 21520K, committed 21808K, reserved 1069056K
  class space    used 2586K, capacity 2666K, committed 2688K, reserved 1048576K
Event: 2.972 GC heap after
Heap after GC invocations=8 (full 1):
 PSYoungGen      total 38400K, used 639K [0x00000000d5d80000, 0x00000000da900000, 0x0000000100000000)
  eden space 33280K, 0% used [0x00000000d5d80000,0x00000000d5d80000,0x00000000d7e00000)
  from space 5120K, 12% used [0x00000000d7e00000,0x00000000d7e9fcd8,0x00000000d8300000)
  to   space 11776K, 0% used [0x00000000d9d80000,0x00000000d9d80000,0x00000000da900000)
 ParOldGen       total 61952K, used 11402K [0x0000000081800000, 0x0000000085480000, 0x00000000d5d80000)
  object space 61952K, 18% used [0x0000000081800000,0x0000000082322988,0x0000000085480000)
 Metaspace       used 21206K, capacity 21520K, committed 21808K, reserved 1069056K
  class space    used 2586K, capacity 2666K, committed 2688K, reserved 1048576K
}
Event: 3.321 GC heap before
{Heap before GC invocations=9 (full 1):
 PSYoungGen      total 38400K, used 33919K [0x00000000d5d80000, 0x00000000da900000, 0x0000000100000000)
  eden space 33280K, 100% used [0x00000000d5d80000,0x00000000d7e00000,0x00000000d7e00000)
  from space 5120K, 12% used [0x00000000d7e00000,0x00000000d7e9fcd8,0x00000000d8300000)
  to   space 11776K, 0% used [0x00000000d9d80000,0x00000000d9d80000,0x00000000da900000)
 ParOldGen       total 61952K, used 11402K [0x0000000081800000, 0x0000000085480000, 0x00000000d5d80000)
  object space 61952K, 18% used [0x0000000081800000,0x0000000082322988,0x0000000085480000)
 Metaspace       used 21655K, capacity 21980K, committed 22192K, reserved 1069056K
  class space    used 2643K, capacity 2732K, committed 2816K, reserved 1048576K
Event: 3.324 GC heap after
Heap after GC invocations=9 (full 1):
 PSYoungGen      total 63488K, used 1394K [0x00000000d5d80000, 0x00000000da880000, 0x0000000100000000)
  eden space 52224K, 0% used [0x00000000d5d80000,0x00000000d5d80000,0x00000000d9080000)
  from space 11264K, 12% used [0x00000000d9d80000,0x00000000d9edcb28,0x00000000da880000)
  to   space 12288K, 0% used [0x00000000d9080000,0x00000000d9080000,0x00000000d9c80000)
 ParOldGen       total 61952K, used 11410K [0x0000000081800000, 0x0000000085480000, 0x00000000d5d80000)
  object space 61952K, 18% used [0x0000000081800000,0x0000000082324988,0x0000000085480000)
 Metaspace       used 21655K, capacity 21980K, committed 22192K, reserved 1069056K
  class space    used 2643K, capacity 2732K, committed 2816K, reserved 1048576K
}
Event: 3.833 GC heap before
{Heap before GC invocations=10 (full 1):
 PSYoungGen      total 63488K, used 53618K [0x00000000d5d80000, 0x00000000da880000, 0x0000000100000000)
  eden space 52224K, 100% used [0x00000000d5d80000,0x00000000d9080000,0x00000000d9080000)
  from space 11264K, 12% used [0x00000000d9d80000,0x00000000d9edcb28,0x00000000da880000)
  to   space 12288K, 0% used [0x00000000d9080000,0x00000000d9080000,0x00000000d9c80000)
 ParOldGen       total 61952K, used 11410K [0x0000000081800000, 0x0000000085480000, 0x00000000d5d80000)
  object space 61952K, 18% used [0x0000000081800000,0x0000000082324988,0x0000000085480000)
 Metaspace       used 22037K, capacity 22332K, committed 22448K, reserved 1069056K
  class space    used 2691K, capacity 2764K, committed 2816K, reserved 1048576K
Event: 3.841 GC heap after
Heap after GC invocations=10 (full 1):
 PSYoungGen      total 64512K, used 3934K [0x00000000d5d80000, 0x00000000da880000, 0x0000000100000000)
  eden space 52224K, 0% used [0x00000000d5d80000,0x00000000d5d80000,0x00000000d9080000)
  from space 12288K, 32% used [0x00000000d9080000,0x00000000d9457b40,0x00000000d9c80000)
  to   space 11264K, 0% used [0x00000000d9d80000,0x00000000d9d80000,0x00000000da880000)
 ParOldGen       total 61952K, used 11418K [0x0000000081800000, 0x0000000085480000, 0x00000000d5d80000)
  object space 61952K, 18% used [0x0000000081800000,0x0000000082326988,0x0000000085480000)
 Metaspace       used 22037K, capacity 22332K, committed 22448K, reserved 1069056K
  class space    used 2691K, capacity 2764K, committed 2816K, reserved 1048576K
}

Deoptimization events (10 events):
Event: 3.021 Thread 0x0000000019cd8000 Uncommon trap: reason=bimorphic action=maybe_recompile pc=0x0000000002970c0c method=java.util.HashMap.putVal(ILjava/lang/Object;Ljava/lang/Object;ZZ)Ljava/lang/Object; @ 203
Event: 3.231 Thread 0x0000000019cd8000 Uncommon trap: reason=bimorphic action=maybe_recompile pc=0x0000000002970c0c method=java.util.HashMap.putVal(ILjava/lang/Object;Ljava/lang/Object;ZZ)Ljava/lang/Object; @ 203
Event: 3.232 Thread 0x0000000019cd8000 Uncommon trap: reason=bimorphic action=maybe_recompile pc=0x0000000002970c0c method=java.util.HashMap.putVal(ILjava/lang/Object;Ljava/lang/Object;ZZ)Ljava/lang/Object; @ 203
Event: 3.290 Thread 0x0000000019cd8000 Uncommon trap: reason=unstable_if action=reinterpret pc=0x0000000002e42f50 method=org.springframework.core.type.classreading.AnnotationReadingVisitorUtils.getMergedAnnotationAttributes(Lorg/springframework/util/LinkedMultiValueMap;Ljava/util/Map;Ljava/lan
Event: 3.440 Thread 0x0000000019cd8000 Uncommon trap: reason=unstable_if action=reinterpret pc=0x0000000002e5b5ac method=org.springframework.core.type.classreading.AnnotationReadingVisitorUtils.getMergedAnnotationAttributes(Lorg/springframework/util/LinkedMultiValueMap;Ljava/util/Map;Ljava/lan
Event: 3.660 Thread 0x0000000019cd8000 Uncommon trap: reason=predicate action=maybe_recompile pc=0x0000000002e91d38 method=java.util.AbstractCollection.toArray([Ljava/lang/Object;)[Ljava/lang/Object; @ 49
Event: 3.761 Thread 0x0000000019cd8000 Uncommon trap: reason=predicate action=maybe_recompile pc=0x0000000002eabfec method=org.springframework.core.type.classreading.AnnotationReadingVisitorUtils.convertClassValues(Ljava/lang/Object;Ljava/lang/ClassLoader;Lorg/springframework/core/annotation/A
Event: 3.903 Thread 0x0000000019cd8000 Uncommon trap: reason=unstable_if action=reinterpret pc=0x0000000002d8c9d8 method=org.springframework.asm.ClassReader.readUTF(II[C)Ljava/lang/String; @ 77
Event: 3.964 Thread 0x0000000019cd8000 Uncommon trap: reason=unstable_if action=reinterpret pc=0x0000000002d3c8dc method=java.util.LinkedHashMap.afterNodeInsertion(Z)V @ 18
Event: 3.996 Thread 0x0000000019cd8000 Uncommon trap: reason=unstable_if action=reinterpret pc=0x0000000002cda1fc method=org.springframework.asm.ClassReader.readUTF(II[C)Ljava/lang/String; @ 77

Classes redefined (0 events):
No events

Internal exceptions (10 events):
Event: 2.274 Thread 0x0000000019cd8000 Exception <a 'java/lang/ClassNotFoundException': org/springframework/beans/factory/support/BeanDefinitionRegistryPostProcessorCustomizer> (0x00000000d654ee78) thrown at [C:\re\workspace\8-2-build-windows-amd64-cygwin\jdk8u221\13320\hotspot\src\share\vm\cl
Event: 2.274 Thread 0x0000000019cd8000 Exception <a 'java/lang/ClassNotFoundException': org/springframework/core/PriorityOrderedCustomizer> (0x00000000d6563f38) thrown at [C:\re\workspace\8-2-build-windows-amd64-cygwin\jdk8u221\13320\hotspot\src\share\vm\classfile\systemDictionary.cpp, line 21
Event: 2.275 Thread 0x0000000019cd8000 Exception <a 'java/lang/ClassNotFoundException': org/springframework/context/ResourceLoaderAwareCustomizer> (0x00000000d6579f10) thrown at [C:\re\workspace\8-2-build-windows-amd64-cygwin\jdk8u221\13320\hotspot\src\share\vm\classfile\systemDictionary.cpp, 
Event: 2.276 Thread 0x0000000019cd8000 Exception <a 'java/lang/ClassNotFoundException': org/springframework/beans/factory/BeanClassLoaderAwareCustomizer> (0x00000000d6593028) thrown at [C:\re\workspace\8-2-build-windows-amd64-cygwin\jdk8u221\13320\hotspot\src\share\vm\classfile\systemDictionar
Event: 2.276 Thread 0x0000000019cd8000 Exception <a 'java/lang/ClassNotFoundException': org/springframework/context/EnvironmentAwareCustomizer> (0x00000000d65a9700) thrown at [C:\re\workspace\8-2-build-windows-amd64-cygwin\jdk8u221\13320\hotspot\src\share\vm\classfile\systemDictionary.cpp, lin
Event: 3.070 Thread 0x0000000019cd8000 Exception <a 'java/lang/ClassNotFoundException': java/lang/ObjectCustomizer> (0x00000000d67c3578) thrown at [C:\re\workspace\8-2-build-windows-amd64-cygwin\jdk8u221\13320\hotspot\src\share\vm\classfile\systemDictionary.cpp, line 210]
Event: 3.075 Thread 0x0000000019cd8000 Exception <a 'java/lang/ClassNotFoundException': org/springframework/boot/autoconfigure/web/ResourcePropertiesCustomizer> (0x00000000d67e14a0) thrown at [C:\re\workspace\8-2-build-windows-amd64-cygwin\jdk8u221\13320\hotspot\src\share\vm\classfile\systemDi
Event: 3.077 Thread 0x0000000019cd8000 Exception <a 'java/lang/ClassNotFoundException': org/springframework/context/ResourceLoaderAwareCustomizer> (0x00000000d6806a18) thrown at [C:\re\workspace\8-2-build-windows-amd64-cygwin\jdk8u221\13320\hotspot\src\share\vm\classfile\systemDictionary.cpp, 
Event: 3.079 Thread 0x0000000019cd8000 Exception <a 'java/lang/ClassNotFoundException': java/lang/ObjectCustomizer> (0x00000000d6824658) thrown at [C:\re\workspace\8-2-build-windows-amd64-cygwin\jdk8u221\13320\hotspot\src\share\vm\classfile\systemDictionary.cpp, line 210]
Event: 3.079 Thread 0x0000000019cd8000 Exception <a 'java/lang/ClassNotFoundException': org/springframework/boot/autoconfigure/web/ResourceProperties$ChainCustomizer> (0x00000000d68433d8) thrown at [C:\re\workspace\8-2-build-windows-amd64-cygwin\jdk8u221\13320\hotspot\src\share\vm\classfile\sy

Events (10 events):
Event: 3.984 loading class com/fasterxml/jackson/annotation/JsonIgnoreProperties done
Event: 3.996 Thread 0x0000000019cd8000 Uncommon trap: trap_request=0xffffff65 fr.pc=0x0000000002cda1fc
Event: 3.996 Thread 0x0000000019cd8000 DEOPT PACKING pc=0x0000000002cda1fc sp=0x000000001abedb80
Event: 3.996 Thread 0x0000000019cd8000 DEOPT UNPACKING pc=0x00000000026b583b sp=0x000000001abedb10 mode 2
Event: 4.003 Thread 0x0000000019cd8000 DEOPT PACKING pc=0x0000000002ef653f sp=0x000000001abede60
Event: 4.003 Thread 0x0000000019cd8000 DEOPT UNPACKING pc=0x00000000026b7890 sp=0x000000001abedb50 mode 0
Event: 4.009 loading class java/lang/FunctionalInterface
Event: 4.009 loading class java/lang/FunctionalInterface done
Event: 4.031 loading class org/springframework/beans/factory/annotation/Required
Event: 4.031 loading class org/springframework/beans/factory/annotation/Required done


Dynamic libraries:
0x00007ff69c4e0000 - 0x00007ff69c517000 	C:\Program Files\Java\jre1.8.0_221\bin\javaw.exe
0x00007ffa0d4b0000 - 0x00007ffa0d65d000 	C:\Windows\SYSTEM32\ntdll.dll
0x00007ffa0b430000 - 0x00007ffa0b56f000 	C:\Windows\system32\KERNEL32.DLL
0x00007ffa0aa20000 - 0x00007ffa0ab36000 	C:\Windows\system32\KERNELBASE.dll
0x00007ffa091a0000 - 0x00007ffa0922e000 	C:\Windows\system32\apphelp.dll
0x00007ff9f2540000 - 0x00007ff9f2595000 	C:\Windows\AppPatch\AppPatch64\AcGenral.DLL
0x00007ffa0aec0000 - 0x00007ffa0af6a000 	C:\Windows\system32\msvcrt.dll
0x00007ffa0a700000 - 0x00007ffa0a72e000 	C:\Windows\system32\SspiCli.dll
0x00007ffa0ba10000 - 0x00007ffa0ba64000 	C:\Windows\system32\SHLWAPI.dll
0x00007ffa0b2b0000 - 0x00007ffa0b427000 	C:\Windows\system32\USER32.dll
0x00007ffa0d250000 - 0x00007ffa0d3e4000 	C:\Windows\system32\ole32.dll
0x00007ffa0bc80000 - 0x00007ffa0d1ab000 	C:\Windows\system32\SHELL32.dll
0x00007ffa09ba0000 - 0x00007ffa09bc1000 	C:\Windows\SYSTEM32\USERENV.dll
0x00007ffa0ad20000 - 0x00007ffa0adca000 	C:\Windows\system32\ADVAPI32.dll
0x00007ffa02370000 - 0x00007ffa0238e000 	C:\Windows\SYSTEM32\MPR.dll
0x00007ffa0b570000 - 0x00007ffa0b6b0000 	C:\Windows\system32\RPCRT4.dll
0x00007ffa0b710000 - 0x00007ffa0b769000 	C:\Windows\SYSTEM32\sechost.dll
0x00007ffa0ba70000 - 0x00007ffa0bc80000 	C:\Windows\SYSTEM32\combase.dll
0x00007ffa0b8b0000 - 0x00007ffa0b9fc000 	C:\Windows\system32\GDI32.dll
0x00007ffa0a5e0000 - 0x00007ffa0a5f5000 	C:\Windows\SYSTEM32\profapi.dll
0x00007ffa08b70000 - 0x00007ffa08c22000 	C:\Windows\SYSTEM32\SHCORE.dll
0x00007ffa0d210000 - 0x00007ffa0d246000 	C:\Windows\system32\IMM32.DLL
0x00007ffa0b140000 - 0x00007ffa0b292000 	C:\Windows\system32\MSCTF.dll
0x00007ffa086f0000 - 0x00007ffa0896b000 	C:\Windows\WinSxS\amd64_microsoft.windows.common-controls_6595b64144ccf1df_6.0.9600.19394_none_62486577ecb635cf\COMCTL32.dll
0x000000006dd80000 - 0x000000006de52000 	C:\Program Files\Java\jre1.8.0_221\bin\msvcr100.dll
0x000000006fd90000 - 0x0000000070635000 	C:\Program Files\Java\jre1.8.0_221\bin\server\jvm.dll
0x00007ff9f45e0000 - 0x00007ff9f45e9000 	C:\Windows\SYSTEM32\WSOCK32.dll
0x00007ff9fc680000 - 0x00007ff9fc6a2000 	C:\Windows\SYSTEM32\WINMM.dll
0x00007ffa02aa0000 - 0x00007ffa02aaa000 	C:\Windows\SYSTEM32\VERSION.dll
0x00007ffa0aeb0000 - 0x00007ffa0aeb7000 	C:\Windows\system32\PSAPI.DLL
0x00007ffa0d1b0000 - 0x00007ffa0d20a000 	C:\Windows\system32\WS2_32.dll
0x00007ff9fc650000 - 0x00007ff9fc67a000 	C:\Windows\SYSTEM32\WINMMBASE.dll
0x00007ffa0af70000 - 0x00007ffa0af79000 	C:\Windows\system32\NSI.dll
0x00007ffa0a6b0000 - 0x00007ffa0a6ff000 	C:\Windows\SYSTEM32\cfgmgr32.dll
0x00007ffa09400000 - 0x00007ffa09428000 	C:\Windows\SYSTEM32\DEVOBJ.dll
0x00007ff9f4800000 - 0x00007ff9f480f000 	C:\Program Files\Java\jre1.8.0_221\bin\verify.dll
0x00007ff9f2500000 - 0x00007ff9f2529000 	C:\Program Files\Java\jre1.8.0_221\bin\java.dll
0x00007ff9f24e0000 - 0x00007ff9f24f6000 	C:\Program Files\Java\jre1.8.0_221\bin\zip.dll
0x00007ff9f2530000 - 0x00007ff9f253d000 	C:\Program Files\Java\jre1.8.0_221\bin\management.dll
0x00007ff9ead90000 - 0x00007ff9eadaa000 	C:\Program Files\Java\jre1.8.0_221\bin\net.dll
0x00007ffa05bd0000 - 0x00007ffa05d5a000 	C:\Windows\SYSTEM32\urlmon.dll
0x00007ffa05840000 - 0x00007ffa05b0c000 	C:\Windows\SYSTEM32\iertutil.dll
0x00007ffa05390000 - 0x00007ffa0583c000 	C:\Windows\SYSTEM32\WININET.dll
0x00007ffa09e10000 - 0x00007ffa09e69000 	C:\Windows\system32\mswsock.dll
0x00007ff9f34d0000 - 0x00007ff9f34e5000 	C:\Windows\system32\napinsp.dll
0x00007ff9f34f0000 - 0x00007ff9f350a000 	C:\Windows\system32\pnrpnsp.dll
0x00007ffa07580000 - 0x00007ffa0759b000 	C:\Windows\system32\NLAapi.dll
0x00007ffa09c10000 - 0x00007ffa09cb4000 	C:\Windows\SYSTEM32\DNSAPI.dll
0x00007ff9f3510000 - 0x00007ff9f351d000 	C:\Windows\System32\winrnr.dll
0x00007ff9f3520000 - 0x00007ff9f3534000 	C:\Windows\system32\wshbth.dll
0x00007ff9f7760000 - 0x00007ff9f776a000 	C:\Windows\System32\rasadhlp.dll
0x00007ffa06380000 - 0x00007ffa063aa000 	C:\Windows\SYSTEM32\IPHLPAPI.DLL
0x00007ffa06360000 - 0x00007ffa0636a000 	C:\Windows\SYSTEM32\WINNSI.DLL
0x00007ffa06020000 - 0x00007ffa0608b000 	C:\Windows\System32\fwpuclnt.dll
0x00007ff9e9850000 - 0x00007ff9e9862000 	C:\Program Files\Java\jre1.8.0_221\bin\nio.dll

VM Arguments:
jvm_args: -Dfile.encoding=UTF-8 
java_command: org.opendevup.TpSpringMvcApplication
java_class_path (initial): C:\Program Files\Java\jre1.8.0_221\lib\resources.jar;C:\Program Files\Java\jre1.8.0_221\lib\rt.jar;C:\Program Files\Java\jre1.8.0_221\lib\jsse.jar;C:\Program Files\Java\jre1.8.0_221\lib\jce.jar;C:\Program Files\Java\jre1.8.0_221\lib\charsets.jar;C:\Program Files\Java\jre1.8.0_221\lib\jfr.jar;C:\Program Files\Java\jre1.8.0_221\lib\ext\access-bridge-64.jar;C:\Program Files\Java\jre1.8.0_221\lib\ext\cldrdata.jar;C:\Program Files\Java\jre1.8.0_221\lib\ext\dnsns.jar;C:\Program Files\Java\jre1.8.0_221\lib\ext\jaccess.jar;C:\Program Files\Java\jre1.8.0_221\lib\ext\jfxrt.jar;C:\Program Files\Java\jre1.8.0_221\lib\ext\localedata.jar;C:\Program Files\Java\jre1.8.0_221\lib\ext\nashorn.jar;C:\Program Files\Java\jre1.8.0_221\lib\ext\sunec.jar;C:\Program Files\Java\jre1.8.0_221\lib\ext\sunjce_provider.jar;C:\Program Files\Java\jre1.8.0_221\lib\ext\sunmscapi.jar;C:\Program Files\Java\jre1.8.0_221\lib\ext\sunpkcs11.jar;C:\Program Files\Java\jre1.8.0_221\lib\ext\zipfs.jar;C:\Users\HP NOTEBOOK\Documents\workspace-sts-3.9.4.RELEASE\tp-spring-mvc\target\classes;C:\Users\HP NOTEBOOK\.m2\repository\org\springframework\boot\spring-boot-starter-data-jpa\1.4.3.RELEASE\spring-boot-starter-data-jpa-1.4.3.RELEASE.jar;C:\Users\HP NOTEBOOK\.m2\repository\org\springframework\boot\spring-boot-starter\1.4.3.RELEASE\spring-boot-starter-1.4.3.RELEASE.jar;C:\Users\HP NOTEBOOK\.m2\repository\org\springframework\boot\spring-boot-starter-logging\1.4.3.RELEASE\spring-boot-starter-logging-1.4.3.RELEASE.jar;C:\Users\HP NOTEBOOK\.m2\repository\ch\qos\logback\logback-classic\1.1.8\logback-classic-1.1.8.jar;C:\Users\HP NOTEBOOK\.m2\repository\ch\qos\logback\logback-core\1.1.8\logback-core-1.1.8.jar;C:\Users\HP NOTEBOOK\.m2\repository\org\slf4j\jul-to-slf4j\1.7.22\jul-to-slf4j-1.7.22.jar;C:\Users\HP NOTEBOOK\.m2\repository\org\slf4j\log4j-over-slf4j\1.7.22\log4j-over-slf4j-1.7.22.jar;C:\Users\HP NOTEBOOK\.m2\repository\org\yaml\snakeyaml\1.17\snakeyaml-1.17.jar;C:\Users\HP NOTEBOOK\
Launcher Type: SUN_STANDARD

Environment Variables:
JAVA_HOME=C:\Program Files\Java\jdk-10.0.1
PATH=C:/Program Files/Java/jre1.8.0_221/bin/server;C:/Program Files/Java/jre1.8.0_221/bin;C:/Program Files/Java/jre1.8.0_221/lib/amd64;C:\Program Files (x86)\Common Files\Oracle\Java\javapath;C:\cygwin64\bin;C:\Program Files\Microsoft SQL Server\130\Tools\Binn\;C:\Program Files\Microsoft SQL Server\Client SDK\ODBC\130\Tools\Binn\;C:\Program Files\Microsoft SQL Server\130\DTS\Binn\;;C:\Program Files (x86)\Microsoft VS Code\bin;C:\Users\HP NOTEBOOK\AppData\Roaming\npm;C:\Users\HP NOTEBOOK\AppData\Local\Programs\Microsoft VS Code\bin;C:\Users\HP NOTEBOOK\Downloads\Compressed\spring-tool-suite-3.9.4.RELEASE-e4.7.3a-win32-x86_64_2\sts-bundle\sts-3.9.4.RELEASE;
USERNAME=HP NOTEBOOK
OS=Windows_NT
PROCESSOR_IDENTIFIER=Intel64 Family 6 Model 78 Stepping 3, GenuineIntel



---------------  S Y S T E M  ---------------

OS: Windows 8.1 , 64 bit Build 9600 (6.3.9600.19538)

CPU:total 4 (initial active 4) (2 cores per cpu, 2 threads per core) family 6 model 78 stepping 3, cmov, cx8, fxsr, mmx, sse, sse2, sse3, ssse3, sse4.1, sse4.2, popcnt, avx, avx2, aes, clmul, erms, 3dnowpref, lzcnt, ht, tsc, tscinvbit, bmi1, bmi2, adx

Memory: 4k page, physical 8285184k(1828432k free), swap 8809472k(5320k free)

vm_info: Java HotSpot(TM) 64-Bit Server VM (25.221-b11) for windows-amd64 JRE (1.8.0_221-b11), built on Jul  4 2019 04:39:29 by "java_re" with MS VC++ 10.0 (VS2010)

time: Fri Dec 06 10:00:20 2019
timezone: Paris, Madrid
elapsed time: 4 seconds (0d 0h 0m 4s)

