#
# There is insufficient memory for the Java Runtime Environment to continue.
# Native memory allocation (malloc) failed to allocate 1639584 bytes for Chunk::new
# Possible reasons:
#   The system is out of physical RAM or swap space
#   The process is running with CompressedOops enabled, and the Java Heap may be blocking the growth of the native heap
# Possible solutions:
#   Reduce memory load on the system
#   Increase physical memory or swap space
#   Check if swap backing store is full
#   Decrease Java heap size (-Xmx/-Xms)
#   Decrease number of Java threads
#   Decrease Java thread stack sizes (-Xss)
#   Set larger code cache with -XX:ReservedCodeCacheSize=
#   JVM is running with Unscaled Compressed Oops mode in which the Java heap is
#     placed in the first 4GB address space. The Java Heap base address is the
#     maximum limit for the native heap growth. Please use -XX:HeapBaseMinAddress
#     to set the Java Heap base and to place the Java Heap above 4GB virtual address.
# This output file may be truncated or incomplete.
#
#  Out of Memory Error (allocation.cpp:389), pid=15536, tid=0x0000000000003d08
#
# JRE version: Java(TM) SE Runtime Environment (8.0_211-b12) (build 1.8.0_211-b12)
# Java VM: Java HotSpot(TM) 64-Bit Server VM (25.211-b12 mixed mode windows-amd64 compressed oops)
# Failed to write core dump. Minidumps are not enabled by default on client versions of Windows
#

---------------  T H R E A D  ---------------

Current thread (0x0000000016ea0800):  JavaThread "C2 CompilerThread0" daemon [_thread_in_native, id=15624, stack(0x00000000184e0000,0x00000000185e0000)]

Stack: [0x00000000184e0000,0x00000000185e0000]
[error occurred during error reporting (printing stack bounds), id 0xc0000005]

Native frames: (J=compiled Java code, j=interpreted, Vv=VM code, C=native code)


Current CompileTask:
C2:   5192 2291       4       org.springframework.asm.ClassReader::readCode (3343 bytes)


---------------  P R O C E S S  ---------------

Java Threads: ( => current thread )
  0x000000001955e800 JavaThread "restartedMain" [_thread_in_native, id=18564, stack(0x000000001a7c0000,0x000000001a8c0000)]
  0x0000000019a09000 JavaThread "Thread-0" [_thread_blocked, id=18984, stack(0x000000001a6c0000,0x000000001a7c0000)]
  0x000000001875a000 JavaThread "Service Thread" daemon [_thread_blocked, id=18664, stack(0x0000000018be0000,0x0000000018ce0000)]
  0x00000000186e0800 JavaThread "C1 CompilerThread2" daemon [_thread_blocked, id=9056, stack(0x0000000018ae0000,0x0000000018be0000)]
  0x0000000016eea000 JavaThread "C2 CompilerThread1" daemon [_thread_in_vm, id=9692, stack(0x00000000185e0000,0x00000000186e0000)]
=>0x0000000016ea0800 JavaThread "C2 CompilerThread0" daemon [_thread_in_native, id=15624, stack(0x00000000184e0000,0x00000000185e0000)]
  0x0000000016e9f000 JavaThread "Attach Listener" daemon [_thread_blocked, id=15784, stack(0x00000000183e0000,0x00000000184e0000)]
  0x0000000016ee9800 JavaThread "Signal Dispatcher" daemon [_thread_blocked, id=4696, stack(0x00000000182e0000,0x00000000183e0000)]
  0x0000000016e7c800 JavaThread "Finalizer" daemon [_thread_blocked, id=9392, stack(0x00000000180e0000,0x00000000181e0000)]
  0x0000000002286000 JavaThread "Reference Handler" daemon [_thread_blocked, id=11960, stack(0x0000000017fe0000,0x00000000180e0000)]
  0x0000000002195800 JavaThread "main" [_thread_blocked, id=10668, stack(0x0000000002030000,0x0000000002130000)]

Other Threads:
  0x0000000016e58800 VMThread [stack: 0x0000000017ee0000,0x0000000017fe0000] [id=1780]
  0x0000000018791800 WatcherThread [stack: 0x0000000018ce0000,0x0000000018de0000] [id=8644]

VM state:not at safepoint (normal execution)

VM Mutex/Monitor currently owned by a thread: None

heap address: 0x0000000081800000, size: 2024 MB, Compressed Oops mode: 32-bit
Narrow klass base: 0x0000000000000000, Narrow klass shift: 3
Compressed class space size: 1073741824 Address: 0x0000000100000000

Heap:
 PSYoungGen      total 77824K, used 60247K [0x00000000d5d80000, 0x00000000db480000, 0x0000000100000000)
  eden space 66560K, 78% used [0x00000000d5d80000,0x00000000d90bea28,0x00000000d9e80000)
  from space 11264K, 69% used [0x00000000da980000,0x00000000db117338,0x00000000db480000)
  to   space 11264K, 0% used [0x00000000d9e80000,0x00000000d9e80000,0x00000000da980000)
 ParOldGen       total 63488K, used 10238K [0x0000000081800000, 0x0000000085600000, 0x00000000d5d80000)
  object space 63488K, 16% used [0x0000000081800000,0x00000000821ff8f8,0x0000000085600000)
 Metaspace       used 23058K, capacity 23350K, committed 23424K, reserved 1069056K
  class space    used 2844K, capacity 2929K, committed 2944K, reserved 1048576K

Card table byte_map: [0x0000000011700000,0x0000000011b00000] byte_map_base: 0x00000000112f4000

Marking Bits: (ParMarkBitMap*) 0x000000005f2c5ce0
 Begin Bits: [0x00000000121b0000, 0x0000000014150000)
 End Bits:   [0x0000000014150000, 0x00000000160f0000)

Polling page: 0x00000000007c0000

CodeCache: size=245760Kb used=9195Kb max_used=9195Kb free=236565Kb
 bounds [0x0000000002340000, 0x0000000002c50000, 0x0000000011340000]
 total_blobs=2832 nmethods=2465 adapters=279
 compilation: enabled

Compilation events (10 events):
Event: 5.083 Thread 0x00000000186e0800 2418       1       org.springframework.beans.factory.support.AbstractBeanDefinition::isAbstract (5 bytes)
Event: 5.083 Thread 0x00000000186e0800 nmethod 2418 0x0000000002bf5bd0 code [0x0000000002bf5d20, 0x0000000002bf5e30]
Event: 5.083 Thread 0x00000000186e0800 2419       2       java.util.LinkedHashSet::<init> (9 bytes)
Event: 5.083 Thread 0x00000000186e0800 nmethod 2419 0x0000000002bf5e90 code [0x0000000002bf6020, 0x0000000002bf6248]
Event: 5.085 Thread 0x00000000186e0800 2420       2       org.springframework.core.type.classreading.MethodMetadataReadingVisitor::isAnnotated (9 bytes)
Event: 5.086 Thread 0x00000000186e0800 nmethod 2420 0x0000000002bf6350 code [0x0000000002bf64c0, 0x0000000002bf6648]
Event: 5.086 Thread 0x00000000186e0800 2421       2       org.springframework.beans.factory.support.AbstractBeanFactory::getMergedLocalBeanDefinition (31 bytes)
Event: 5.087 Thread 0x00000000186e0800 nmethod 2421 0x0000000002bf6710 code [0x0000000002bf68a0, 0x0000000002bf6ae8]
Event: 5.089 Thread 0x00000000186e0800 2422       2       java.lang.Thread::interrupted (8 bytes)
Event: 5.089 Thread 0x00000000186e0800 nmethod 2422 0x0000000002bf6c10 code [0x0000000002bf6d80, 0x0000000002bf6ee8]

GC Heap History (10 events):
Event: 3.227 GC heap before
{Heap before GC invocations=5 (full 0):
 PSYoungGen      total 38400K, used 38396K [0x00000000d5d80000, 0x00000000da880000, 0x0000000100000000)
  eden space 33280K, 100% used [0x00000000d5d80000,0x00000000d7e00000,0x00000000d7e00000)
  from space 5120K, 99% used [0x00000000d8300000,0x00000000d87ff180,0x00000000d8800000)
  to   space 5120K, 0% used [0x00000000d7e00000,0x00000000d7e00000,0x00000000d8300000)
 ParOldGen       total 87552K, used 8184K [0x0000000081800000, 0x0000000086d80000, 0x00000000d5d80000)
  object space 87552K, 9% used [0x0000000081800000,0x0000000081ffe000,0x0000000086d80000)
 Metaspace       used 20810K, capacity 21090K, committed 21296K, reserved 1069056K
  class space    used 2550K, capacity 2633K, committed 2688K, reserved 1048576K
Event: 3.239 GC heap after
Heap after GC invocations=5 (full 0):
 PSYoungGen      total 38400K, used 5107K [0x00000000d5d80000, 0x00000000db480000, 0x0000000100000000)
  eden space 33280K, 0% used [0x00000000d5d80000,0x00000000d5d80000,0x00000000d7e00000)
  from space 5120K, 99% used [0x00000000d7e00000,0x00000000d82fce50,0x00000000d8300000)
  to   space 11264K, 0% used [0x00000000da980000,0x00000000da980000,0x00000000db480000)
 ParOldGen       total 87552K, used 10801K [0x0000000081800000, 0x0000000086d80000, 0x00000000d5d80000)
  object space 87552K, 12% used [0x0000000081800000,0x000000008228c4e0,0x0000000086d80000)
 Metaspace       used 20810K, capacity 21090K, committed 21296K, reserved 1069056K
  class space    used 2550K, capacity 2633K, committed 2688K, reserved 1048576K
}
Event: 3.391 GC heap before
{Heap before GC invocations=6 (full 0):
 PSYoungGen      total 38400K, used 31575K [0x00000000d5d80000, 0x00000000db480000, 0x0000000100000000)
  eden space 33280K, 79% used [0x00000000d5d80000,0x00000000d7758e28,0x00000000d7e00000)
  from space 5120K, 99% used [0x00000000d7e00000,0x00000000d82fce50,0x00000000d8300000)
  to   space 11264K, 0% used [0x00000000da980000,0x00000000da980000,0x00000000db480000)
 ParOldGen       total 87552K, used 10801K [0x0000000081800000, 0x0000000086d80000, 0x00000000d5d80000)
  object space 87552K, 12% used [0x0000000081800000,0x000000008228c4e0,0x0000000086d80000)
 Metaspace       used 20905K, capacity 21154K, committed 21296K, reserved 1069056K
  class space    used 2554K, capacity 2633K, committed 2688K, reserved 1048576K
Event: 3.407 GC heap after
Heap after GC invocations=6 (full 0):
 PSYoungGen      total 77824K, used 5570K [0x00000000d5d80000, 0x00000000db480000, 0x0000000100000000)
  eden space 66560K, 0% used [0x00000000d5d80000,0x00000000d5d80000,0x00000000d9e80000)
  from space 11264K, 49% used [0x00000000da980000,0x00000000daef0900,0x00000000db480000)
  to   space 11264K, 0% used [0x00000000d9e80000,0x00000000d9e80000,0x00000000da980000)
 ParOldGen       total 87552K, used 10809K [0x0000000081800000, 0x0000000086d80000, 0x00000000d5d80000)
  object space 87552K, 12% used [0x0000000081800000,0x000000008228e4e0,0x0000000086d80000)
 Metaspace       used 20905K, capacity 21154K, committed 21296K, reserved 1069056K
  class space    used 2554K, capacity 2633K, committed 2688K, reserved 1048576K
}
Event: 3.407 GC heap before
{Heap before GC invocations=7 (full 1):
 PSYoungGen      total 77824K, used 5570K [0x00000000d5d80000, 0x00000000db480000, 0x0000000100000000)
  eden space 66560K, 0% used [0x00000000d5d80000,0x00000000d5d80000,0x00000000d9e80000)
  from space 11264K, 49% used [0x00000000da980000,0x00000000daef0900,0x00000000db480000)
  to   space 11264K, 0% used [0x00000000d9e80000,0x00000000d9e80000,0x00000000da980000)
 ParOldGen       total 87552K, used 10809K [0x0000000081800000, 0x0000000086d80000, 0x00000000d5d80000)
  object space 87552K, 12% used [0x0000000081800000,0x000000008228e4e0,0x0000000086d80000)
 Metaspace       used 20905K, capacity 21154K, committed 21296K, reserved 1069056K
  class space    used 2554K, capacity 2633K, committed 2688K, reserved 1048576K
Event: 3.493 GC heap after
Heap after GC invocations=7 (full 1):
 PSYoungGen      total 77824K, used 0K [0x00000000d5d80000, 0x00000000db480000, 0x0000000100000000)
  eden space 66560K, 0% used [0x00000000d5d80000,0x00000000d5d80000,0x00000000d9e80000)
  from space 11264K, 0% used [0x00000000da980000,0x00000000da980000,0x00000000db480000)
  to   space 11264K, 0% used [0x00000000d9e80000,0x00000000d9e80000,0x00000000da980000)
 ParOldGen       total 63488K, used 10222K [0x0000000081800000, 0x0000000085600000, 0x00000000d5d80000)
  object space 63488K, 16% used [0x0000000081800000,0x00000000821fb8f8,0x0000000085600000)
 Metaspace       used 20905K, capacity 21154K, committed 21296K, reserved 1069056K
  class space    used 2554K, capacity 2633K, committed 2688K, reserved 1048576K
}
Event: 4.112 GC heap before
{Heap before GC invocations=8 (full 1):
 PSYoungGen      total 77824K, used 66560K [0x00000000d5d80000, 0x00000000db480000, 0x0000000100000000)
  eden space 66560K, 100% used [0x00000000d5d80000,0x00000000d9e80000,0x00000000d9e80000)
  from space 11264K, 0% used [0x00000000da980000,0x00000000da980000,0x00000000db480000)
  to   space 11264K, 0% used [0x00000000d9e80000,0x00000000d9e80000,0x00000000da980000)
 ParOldGen       total 63488K, used 10222K [0x0000000081800000, 0x0000000085600000, 0x00000000d5d80000)
  object space 63488K, 16% used [0x0000000081800000,0x00000000821fb8f8,0x0000000085600000)
 Metaspace       used 21769K, capacity 22072K, committed 22192K, reserved 1069056K
  class space    used 2668K, capacity 2764K, committed 2816K, reserved 1048576K
Event: 4.116 GC heap after
Heap after GC invocations=8 (full 1):
 PSYoungGen      total 77824K, used 2313K [0x00000000d5d80000, 0x00000000db480000, 0x0000000100000000)
  eden space 66560K, 0% used [0x00000000d5d80000,0x00000000d5d80000,0x00000000d9e80000)
  from space 11264K, 20% used [0x00000000d9e80000,0x00000000da0c2588,0x00000000da980000)
  to   space 11264K, 0% used [0x00000000da980000,0x00000000da980000,0x00000000db480000)
 ParOldGen       total 63488K, used 10230K [0x0000000081800000, 0x0000000085600000, 0x00000000d5d80000)
  object space 63488K, 16% used [0x0000000081800000,0x00000000821fd8f8,0x0000000085600000)
 Metaspace       used 21769K, capacity 22072K, committed 22192K, reserved 1069056K
  class space    used 2668K, capacity 2764K, committed 2816K, reserved 1048576K
}
Event: 4.671 GC heap before
{Heap before GC invocations=9 (full 1):
 PSYoungGen      total 77824K, used 68873K [0x00000000d5d80000, 0x00000000db480000, 0x0000000100000000)
  eden space 66560K, 100% used [0x00000000d5d80000,0x00000000d9e80000,0x00000000d9e80000)
  from space 11264K, 20% used [0x00000000d9e80000,0x00000000da0c2588,0x00000000da980000)
  to   space 11264K, 0% used [0x00000000da980000,0x00000000da980000,0x00000000db480000)
 ParOldGen       total 63488K, used 10230K [0x0000000081800000, 0x0000000085600000, 0x00000000d5d80000)
  object space 63488K, 16% used [0x0000000081800000,0x00000000821fd8f8,0x0000000085600000)
 Metaspace       used 22041K, capacity 22360K, committed 22448K, reserved 1069056K
  class space    used 2707K, capacity 2796K, committed 2816K, reserved 1048576K
Event: 4.680 GC heap after
Heap after GC invocations=9 (full 1):
 PSYoungGen      total 77824K, used 7772K [0x00000000d5d80000, 0x00000000db480000, 0x0000000100000000)
  eden space 66560K, 0% used [0x00000000d5d80000,0x00000000d5d80000,0x00000000d9e80000)
  from space 11264K, 69% used [0x00000000da980000,0x00000000db117338,0x00000000db480000)
  to   space 11264K, 0% used [0x00000000d9e80000,0x00000000d9e80000,0x00000000da980000)
 ParOldGen       total 63488K, used 10238K [0x0000000081800000, 0x0000000085600000, 0x00000000d5d80000)
  object space 63488K, 16% used [0x0000000081800000,0x00000000821ff8f8,0x0000000085600000)
 Metaspace       used 22041K, capacity 22360K, committed 22448K, reserved 1069056K
  class space    used 2707K, capacity 2796K, committed 2816K, reserved 1048576K
}

Deoptimization events (10 events):
Event: 3.633 Thread 0x000000001955e800 Uncommon trap: reason=bimorphic action=maybe_recompile pc=0x0000000002a723d0 method=java.util.AbstractCollection.isEmpty()Z @ 1
Event: 3.635 Thread 0x000000001955e800 Uncommon trap: reason=bimorphic action=maybe_recompile pc=0x0000000002635894 method=java.util.HashMap.putVal(ILjava/lang/Object;Ljava/lang/Object;ZZ)Ljava/lang/Object; @ 203
Event: 3.639 Thread 0x000000001955e800 Uncommon trap: reason=bimorphic action=maybe_recompile pc=0x0000000002a723d0 method=java.util.AbstractCollection.isEmpty()Z @ 1
Event: 3.676 Thread 0x000000001955e800 Uncommon trap: reason=bimorphic action=maybe_recompile pc=0x0000000002635894 method=java.util.HashMap.putVal(ILjava/lang/Object;Ljava/lang/Object;ZZ)Ljava/lang/Object; @ 203
Event: 3.842 Thread 0x000000001955e800 Uncommon trap: reason=bimorphic action=maybe_recompile pc=0x0000000002635894 method=java.util.HashMap.putVal(ILjava/lang/Object;Ljava/lang/Object;ZZ)Ljava/lang/Object; @ 203
Event: 3.843 Thread 0x000000001955e800 Uncommon trap: reason=bimorphic action=maybe_recompile pc=0x0000000002635894 method=java.util.HashMap.putVal(ILjava/lang/Object;Ljava/lang/Object;ZZ)Ljava/lang/Object; @ 203
Event: 4.091 Thread 0x000000001955e800 Uncommon trap: reason=predicate action=maybe_recompile pc=0x0000000002b38c94 method=org.springframework.core.type.classreading.AnnotationReadingVisitorUtils.convertClassValues(Ljava/lang/Object;Ljava/lang/ClassLoader;Lorg/springframework/core/annotation/A
Event: 4.450 Thread 0x000000001955e800 Uncommon trap: reason=unstable_if action=reinterpret pc=0x0000000002a75440 method=org.springframework.asm.ClassReader.readUTF(II[C)Ljava/lang/String; @ 77
Event: 4.507 Thread 0x000000001955e800 Uncommon trap: reason=unstable_if action=reinterpret pc=0x0000000002981c9c method=java.util.LinkedHashMap.afterNodeInsertion(Z)V @ 18
Event: 4.537 Thread 0x000000001955e800 Uncommon trap: reason=unstable_if action=reinterpret pc=0x000000000299f27c method=org.springframework.asm.ClassReader.readUTF(II[C)Ljava/lang/String; @ 77

Classes redefined (0 events):
No events

Internal exceptions (10 events):
Event: 2.712 Thread 0x000000001955e800 Exception <a 'java/lang/ClassNotFoundException': org/springframework/core/PriorityOrderedCustomizer> (0x00000000d6406570) thrown at [C:\re\workspace\8-2-build-windows-amd64-cygwin\jdk8u211\12973\hotspot\src\share\vm\classfile\systemDictionary.cpp, line 21
Event: 2.713 Thread 0x000000001955e800 Exception <a 'java/lang/ClassNotFoundException': org/springframework/context/ResourceLoaderAwareCustomizer> (0x00000000d641c1e8) thrown at [C:\re\workspace\8-2-build-windows-amd64-cygwin\jdk8u211\12973\hotspot\src\share\vm\classfile\systemDictionary.cpp, 
Event: 2.714 Thread 0x000000001955e800 Exception <a 'java/lang/ClassNotFoundException': org/springframework/beans/factory/BeanClassLoaderAwareCustomizer> (0x00000000d6434ed8) thrown at [C:\re\workspace\8-2-build-windows-amd64-cygwin\jdk8u211\12973\hotspot\src\share\vm\classfile\systemDictionar
Event: 2.714 Thread 0x000000001955e800 Exception <a 'java/lang/ClassNotFoundException': org/springframework/context/EnvironmentAwareCustomizer> (0x00000000d644b270) thrown at [C:\re\workspace\8-2-build-windows-amd64-cygwin\jdk8u211\12973\hotspot\src\share\vm\classfile\systemDictionary.cpp, lin
Event: 2.734 Thread 0x0000000019a06000 Implicit null exception at 0x000000000264075b to 0x0000000002641015
Event: 3.714 Thread 0x000000001955e800 Exception <a 'java/lang/ClassNotFoundException': java/lang/ObjectCustomizer> (0x00000000d74c0a10) thrown at [C:\re\workspace\8-2-build-windows-amd64-cygwin\jdk8u211\12973\hotspot\src\share\vm\classfile\systemDictionary.cpp, line 210]
Event: 3.715 Thread 0x000000001955e800 Exception <a 'java/lang/ClassNotFoundException': org/springframework/boot/autoconfigure/web/ResourcePropertiesCustomizer> (0x00000000d74de498) thrown at [C:\re\workspace\8-2-build-windows-amd64-cygwin\jdk8u211\12973\hotspot\src\share\vm\classfile\systemDi
Event: 3.726 Thread 0x000000001955e800 Exception <a 'java/lang/ClassNotFoundException': org/springframework/context/ResourceLoaderAwareCustomizer> (0x00000000d7503620) thrown at [C:\re\workspace\8-2-build-windows-amd64-cygwin\jdk8u211\12973\hotspot\src\share\vm\classfile\systemDictionary.cpp, 
Event: 3.728 Thread 0x000000001955e800 Exception <a 'java/lang/ClassNotFoundException': java/lang/ObjectCustomizer> (0x00000000d7520f30) thrown at [C:\re\workspace\8-2-build-windows-amd64-cygwin\jdk8u211\12973\hotspot\src\share\vm\classfile\systemDictionary.cpp, line 210]
Event: 3.729 Thread 0x000000001955e800 Exception <a 'java/lang/ClassNotFoundException': org/springframework/boot/autoconfigure/web/ResourceProperties$ChainCustomizer> (0x00000000d753f7c0) thrown at [C:\re\workspace\8-2-build-windows-amd64-cygwin\jdk8u211\12973\hotspot\src\share\vm\classfile\sy

Events (10 events):
Event: 5.089 loading class org/springframework/boot/autoconfigure/web/EmbeddedServletContainerAutoConfiguration
Event: 5.089 loading class org/springframework/boot/autoconfigure/web/EmbeddedServletContainerAutoConfiguration done
Event: 5.090 loading class org/springframework/boot/context/embedded/EmbeddedServletContainerFactory
Event: 5.090 loading class org/springframework/boot/context/embedded/EmbeddedServletContainerFactory done
Event: 5.091 loading class org/springframework/boot/autoconfigure/jackson/JacksonAutoConfiguration
Event: 5.091 loading class org/springframework/boot/autoconfigure/jackson/JacksonAutoConfiguration done
Event: 5.092 loading class org/springframework/boot/jackson/JsonComponentModule
Event: 5.092 loading class org/springframework/boot/jackson/JsonComponentModule done
Event: 5.092 loading class org/springframework/boot/autoconfigure/websocket/WebSocketAutoConfiguration$TomcatWebSocketConfiguration
Event: 5.092 loading class org/springframework/boot/autoconfigure/websocket/WebSocketAutoConfiguration$TomcatWebSocketConfiguration done


Dynamic libraries:
0x00007ff748550000 - 0x00007ff748587000 	C:\Program Files\Java\jre1.8.0_211\bin\javaw.exe
0x00007ff913e10000 - 0x00007ff913fbd000 	C:\Windows\SYSTEM32\ntdll.dll
0x00007ff911470000 - 0x00007ff9115af000 	C:\Windows\system32\KERNEL32.DLL
0x00007ff911090000 - 0x00007ff9111a6000 	C:\Windows\system32\KERNELBASE.dll
0x00007ff90fad0000 - 0x00007ff90fb5e000 	C:\Windows\system32\apphelp.dll
0x00007ff8ed700000 - 0x00007ff8ed754000 	C:\Windows\AppPatch\AppPatch64\AcGenral.DLL
0x00007ff9134e0000 - 0x00007ff91358a000 	C:\Windows\system32\msvcrt.dll
0x00007ff9111b0000 - 0x00007ff9111de000 	C:\Windows\system32\SspiCli.dll
0x00007ff912fb0000 - 0x00007ff913004000 	C:\Windows\system32\SHLWAPI.dll
0x00007ff913770000 - 0x00007ff9138e7000 	C:\Windows\system32\USER32.dll
0x00007ff913b80000 - 0x00007ff913d14000 	C:\Windows\system32\ole32.dll
0x00007ff9115b0000 - 0x00007ff912adb000 	C:\Windows\system32\SHELL32.dll
0x00007ff9108e0000 - 0x00007ff910901000 	C:\Windows\SYSTEM32\USERENV.dll
0x00007ff913240000 - 0x00007ff9132ea000 	C:\Windows\system32\ADVAPI32.dll
0x00007ff908da0000 - 0x00007ff908dbe000 	C:\Windows\SYSTEM32\MPR.dll
0x00007ff912c40000 - 0x00007ff912d80000 	C:\Windows\system32\RPCRT4.dll
0x00007ff913470000 - 0x00007ff9134c9000 	C:\Windows\SYSTEM32\sechost.dll
0x00007ff913010000 - 0x00007ff913220000 	C:\Windows\SYSTEM32\combase.dll
0x00007ff912d90000 - 0x00007ff912edc000 	C:\Windows\system32\GDI32.dll
0x00007ff910f10000 - 0x00007ff910f25000 	C:\Windows\SYSTEM32\profapi.dll
0x00007ff90f4a0000 - 0x00007ff90f552000 	C:\Windows\SYSTEM32\SHCORE.dll
0x00007ff9133c0000 - 0x00007ff9133f6000 	C:\Windows\system32\IMM32.DLL
0x00007ff912ae0000 - 0x00007ff912c31000 	C:\Windows\system32\MSCTF.dll
0x00007ff90f020000 - 0x00007ff90f29b000 	C:\Windows\WinSxS\amd64_microsoft.windows.common-controls_6595b64144ccf1df_6.0.9600.19291_none_6248a9f3ecb5e89b\COMCTL32.dll
0x000000005cf40000 - 0x000000005d012000 	C:\Program Files\Java\jre1.8.0_211\bin\msvcr100.dll
0x000000005eaa0000 - 0x000000005f345000 	C:\Program Files\Java\jre1.8.0_211\bin\server\jvm.dll
0x00007ff8facc0000 - 0x00007ff8facc9000 	C:\Windows\SYSTEM32\WSOCK32.dll
0x00007ff902f60000 - 0x00007ff902f82000 	C:\Windows\SYSTEM32\WINMM.dll
0x00007ff909350000 - 0x00007ff90935a000 	C:\Windows\SYSTEM32\VERSION.dll
0x00007ff912fa0000 - 0x00007ff912fa7000 	C:\Windows\system32\PSAPI.DLL
0x00007ff913d20000 - 0x00007ff913d7a000 	C:\Windows\system32\WS2_32.dll
0x00007ff902f30000 - 0x00007ff902f5a000 	C:\Windows\SYSTEM32\WINMMBASE.dll
0x00007ff9134d0000 - 0x00007ff9134d9000 	C:\Windows\system32\NSI.dll
0x00007ff911240000 - 0x00007ff91128f000 	C:\Windows\SYSTEM32\cfgmgr32.dll
0x00007ff90fd30000 - 0x00007ff90fd58000 	C:\Windows\SYSTEM32\DEVOBJ.dll
0x00007ff8f89e0000 - 0x00007ff8f89ef000 	C:\Program Files\Java\jre1.8.0_211\bin\verify.dll
0x00007ff8edd80000 - 0x00007ff8edda9000 	C:\Program Files\Java\jre1.8.0_211\bin\java.dll
0x00007ff8f88d0000 - 0x00007ff8f88e6000 	C:\Program Files\Java\jre1.8.0_211\bin\zip.dll
0x00007ff90e800000 - 0x00007ff90e80d000 	C:\Program Files\Java\jre1.8.0_211\bin\management.dll
0x00007ff8ed780000 - 0x00007ff8ed79a000 	C:\Program Files\Java\jre1.8.0_211\bin\net.dll
0x00007ff90b0b0000 - 0x00007ff90b238000 	C:\Windows\SYSTEM32\urlmon.dll
0x00007ff90ade0000 - 0x00007ff90b0aa000 	C:\Windows\SYSTEM32\iertutil.dll
0x00007ff90a930000 - 0x00007ff90addc000 	C:\Windows\SYSTEM32\WININET.dll
0x00007ff910700000 - 0x00007ff910759000 	C:\Windows\system32\mswsock.dll
0x00007ff8fcbd0000 - 0x00007ff8fcbe5000 	C:\Windows\system32\napinsp.dll
0x00007ff8fcbf0000 - 0x00007ff8fcc0a000 	C:\Windows\system32\pnrpnsp.dll
0x00007ff90e2e0000 - 0x00007ff90e2fb000 	C:\Windows\system32\NLAapi.dll
0x00007ff910500000 - 0x00007ff9105a4000 	C:\Windows\SYSTEM32\DNSAPI.dll
0x00007ff8fce30000 - 0x00007ff8fce3d000 	C:\Windows\System32\winrnr.dll
0x00007ff8fcc10000 - 0x00007ff8fcc24000 	C:\Windows\system32\wshbth.dll
0x00007ff8fd920000 - 0x00007ff8fd92a000 	C:\Windows\System32\rasadhlp.dll
0x00007ff90bb60000 - 0x00007ff90bb8a000 	C:\Windows\SYSTEM32\IPHLPAPI.DLL
0x00007ff90bb40000 - 0x00007ff90bb4a000 	C:\Windows\SYSTEM32\WINNSI.DLL
0x00007ff90b730000 - 0x00007ff90b79b000 	C:\Windows\System32\fwpuclnt.dll
0x00007ff8ed760000 - 0x00007ff8ed772000 	C:\Program Files\Java\jre1.8.0_211\bin\nio.dll

VM Arguments:
jvm_args: -Dfile.encoding=UTF-8 
java_command: org.opendevup.TpSpringMvcApplication
java_class_path (initial): C:\Program Files\Java\jre1.8.0_211\lib\resources.jar;C:\Program Files\Java\jre1.8.0_211\lib\rt.jar;C:\Program Files\Java\jre1.8.0_211\lib\jsse.jar;C:\Program Files\Java\jre1.8.0_211\lib\jce.jar;C:\Program Files\Java\jre1.8.0_211\lib\charsets.jar;C:\Program Files\Java\jre1.8.0_211\lib\jfr.jar;C:\Program Files\Java\jre1.8.0_211\lib\ext\access-bridge-64.jar;C:\Program Files\Java\jre1.8.0_211\lib\ext\cldrdata.jar;C:\Program Files\Java\jre1.8.0_211\lib\ext\dnsns.jar;C:\Program Files\Java\jre1.8.0_211\lib\ext\jaccess.jar;C:\Program Files\Java\jre1.8.0_211\lib\ext\jfxrt.jar;C:\Program Files\Java\jre1.8.0_211\lib\ext\localedata.jar;C:\Program Files\Java\jre1.8.0_211\lib\ext\nashorn.jar;C:\Program Files\Java\jre1.8.0_211\lib\ext\sunec.jar;C:\Program Files\Java\jre1.8.0_211\lib\ext\sunjce_provider.jar;C:\Program Files\Java\jre1.8.0_211\lib\ext\sunmscapi.jar;C:\Program Files\Java\jre1.8.0_211\lib\ext\sunpkcs11.jar;C:\Program Files\Java\jre1.8.0_211\lib\ext\zipfs.jar;C:\Users\HP NOTEBOOK\Documents\workspace-sts-3.9.4.RELEASE\tp-spring-mvc\target\classes;C:\Users\HP NOTEBOOK\.m2\repository\org\springframework\boot\spring-boot-starter-data-jpa\1.4.3.RELEASE\spring-boot-starter-data-jpa-1.4.3.RELEASE.jar;C:\Users\HP NOTEBOOK\.m2\repository\org\springframework\boot\spring-boot-starter\1.4.3.RELEASE\spring-boot-starter-1.4.3.RELEASE.jar;C:\Users\HP NOTEBOOK\.m2\repository\org\springframework\boot\spring-boot-starter-logging\1.4.3.RELEASE\spring-boot-starter-logging-1.4.3.RELEASE.jar;C:\Users\HP NOTEBOOK\.m2\repository\ch\qos\logback\logback-classic\1.1.8\logback-classic-1.1.8.jar;C:\Users\HP NOTEBOOK\.m2\repository\ch\qos\logback\logback-core\1.1.8\logback-core-1.1.8.jar;C:\Users\HP NOTEBOOK\.m2\repository\org\slf4j\jul-to-slf4j\1.7.22\jul-to-slf4j-1.7.22.jar;C:\Users\HP NOTEBOOK\.m2\repository\org\slf4j\log4j-over-slf4j\1.7.22\log4j-over-slf4j-1.7.22.jar;C:\Users\HP NOTEBOOK\.m2\repository\org\yaml\snakeyaml\1.17\snakeyaml-1.17.jar;C:\Users\HP NOTEBOOK\
Launcher Type: SUN_STANDARD

Environment Variables:
JAVA_HOME=C:\Program Files\Java\jdk-10.0.1
PATH=C:/Program Files/Java/jre1.8.0_211/bin/server;C:/Program Files/Java/jre1.8.0_211/bin;C:/Program Files/Java/jre1.8.0_211/lib/amd64;C:\Program Files (x86)\Common Files\Oracle\Java\javapath;C:\ProgramData\Oracle\Java\javapath;C:\Program Files (x86)\Intel\iCLS Client\;C:\Program Files\Intel\iCLS Client\;C:\Windows\system32;C:\Windows;C:\Windows\System32\Wbem;C:\Windows\System32\WindowsPowerShell\v1.0\;C:\Program Files (x86)\Intel\Intel(R) Management Engine Components\DAL;C:\Program Files\Intel\Intel(R) Management Engine Components\DAL;C:\Program Files (x86)\Intel\Intel(R) Management Engine Components\IPT;C:\Program Files\Intel\Intel(R) Management Engine Components\IPT;C:\Program Files (x86)\ATI Technologies\ATI.ACE\Core-Static;C:\Program Files (x86)\Windows Live\Shared;C:\Program Files\Microsoft SQL Server\130\Tools\Binn\;C:\Program Files\dotnet\;C:\Program Files\nodejs\;C:\Program Files\Microsoft SQL Server\Client SDK\ODBC\130\Tools\Binn\;C:\Program Files (x86)\Microsoft SQL Server\130\Tools\Binn\;C:\Program Files\Microsoft SQL Server\130\DTS\Binn\;;C:\Program Files (x86)\Microsoft VS Code\bin;C:\Users\HP NOTEBOOK\AppData\Roaming\npm;C:\Users\HP NOTEBOOK\AppData\Local\Programs\Microsoft VS Code\bin;C:\Users\HP NOTEBOOK\Downloads\Compressed\spring-tool-suite-3.9.4.RELEASE-e4.7.3a-win32-x86_64_2\sts-bundle\sts-3.9.4.RELEASE;
USERNAME=HP NOTEBOOK
OS=Windows_NT
PROCESSOR_IDENTIFIER=Intel64 Family 6 Model 78 Stepping 3, GenuineIntel



---------------  S Y S T E M  ---------------

OS: Windows 8.1 , 64 bit Build 9600 (6.3.9600.19326)

CPU:total 4 (initial active 4) (2 cores per cpu, 2 threads per core) family 6 model 78 stepping 3, cmov, cx8, fxsr, mmx, sse, sse2, sse3, ssse3, sse4.1, sse4.2, popcnt, avx, avx2, aes, clmul, erms, 3dnowpref, lzcnt, ht, tsc, tscinvbit, bmi1, bmi2, adx

Memory: 4k page, physical 8285184k(2258216k free), swap 8809472k(12488k free)

vm_info: Java HotSpot(TM) 64-Bit Server VM (25.211-b12) for windows-amd64 JRE (1.8.0_211-b12), built on Apr  1 2019 20:53:26 by "java_re" with MS VC++ 10.0 (VS2010)

time: Wed May 08 23:41:14 2019
timezone: Paris, Madrid
elapsed time: 5 seconds (0d 0h 0m 5s)

