#
# There is insufficient memory for the Java Runtime Environment to continue.
# Native memory allocation (malloc) failed to allocate 1770960 bytes for Chunk::new
# Possible reasons:
#   The system is out of physical RAM or swap space
#   The process is running with CompressedOops enabled, and the Java Heap may be blocking the growth of the native heap
# Possible solutions:
#   Reduce memory load on the system
#   Increase physical memory or swap space
#   Check if swap backing store is full
#   Decrease Java heap size (-Xmx/-Xms)
#   Decrease number of Java threads
#   Decrease Java thread stack sizes (-Xss)
#   Set larger code cache with -XX:ReservedCodeCacheSize=
#   JVM is running with Unscaled Compressed Oops mode in which the Java heap is
#     placed in the first 4GB address space. The Java Heap base address is the
#     maximum limit for the native heap growth. Please use -XX:HeapBaseMinAddress
#     to set the Java Heap base and to place the Java Heap above 4GB virtual address.
# This output file may be truncated or incomplete.
#
#  Out of Memory Error (allocation.cpp:389), pid=16912, tid=0x0000000000001120
#
# JRE version: Java(TM) SE Runtime Environment (8.0_211-b12) (build 1.8.0_211-b12)
# Java VM: Java HotSpot(TM) 64-Bit Server VM (25.211-b12 mixed mode windows-amd64 compressed oops)
# Failed to write core dump. Minidumps are not enabled by default on client versions of Windows
#

---------------  T H R E A D  ---------------

Current thread (0x0000000016c24000):  JavaThread "C2 CompilerThread0" daemon [_thread_in_native, id=4384, stack(0x0000000018230000,0x0000000018330000)]

Stack: [0x0000000018230000,0x0000000018330000]
[error occurred during error reporting (printing stack bounds), id 0xc0000005]

Native frames: (J=compiled Java code, j=interpreted, Vv=VM code, C=native code)


Current CompileTask:
C2:   7029 3670       4       org.springframework.asm.ClassReader::readCode (3343 bytes)


---------------  P R O C E S S  ---------------

Java Threads: ( => current thread )
  0x0000000018da5000 JavaThread "container-0" [_thread_blocked, id=13836, stack(0x000000001f020000,0x000000001f120000)]
  0x0000000018e16000 JavaThread "ContainerBackgroundProcessor[StandardEngine[Tomcat]]" daemon [_thread_blocked, id=6016, stack(0x000000001ef20000,0x000000001f020000)]
  0x000000001cab1000 JavaThread "localhost-startStop-1" daemon [_thread_blocked, id=5368, stack(0x000000001c5c0000,0x000000001c6c0000)]
  0x0000000018c6d000 JavaThread "Tomcat-startStop-1" daemon [_thread_blocked, id=12364, stack(0x000000001aaf0000,0x000000001abf0000)]
  0x0000000019a49800 JavaThread "restartedMain" [_thread_in_native, id=19364, stack(0x000000001a510000,0x000000001a610000)]
  0x0000000019a49000 JavaThread "Thread-0" [_thread_blocked, id=16884, stack(0x000000001a410000,0x000000001a510000)]
  0x0000000016c2d800 JavaThread "Service Thread" daemon [_thread_blocked, id=11336, stack(0x0000000018930000,0x0000000018a30000)]
  0x0000000016c29000 JavaThread "C1 CompilerThread2" daemon [_thread_blocked, id=3952, stack(0x0000000018830000,0x0000000018930000)]
  0x0000000018338800 JavaThread "C2 CompilerThread1" daemon [_thread_in_native, id=16460, stack(0x0000000018730000,0x0000000018830000)]
=>0x0000000016c24000 JavaThread "C2 CompilerThread0" daemon [_thread_in_native, id=4384, stack(0x0000000018230000,0x0000000018330000)]
  0x0000000016c22000 JavaThread "Attach Listener" daemon [_thread_blocked, id=18860, stack(0x0000000018130000,0x0000000018230000)]
  0x0000000016c20800 JavaThread "Signal Dispatcher" daemon [_thread_blocked, id=17032, stack(0x0000000018030000,0x0000000018130000)]
  0x0000000016bc0000 JavaThread "Finalizer" daemon [_thread_blocked, id=16976, stack(0x0000000017e30000,0x0000000017f30000)]
  0x0000000002075000 JavaThread "Reference Handler" daemon [_thread_blocked, id=10936, stack(0x0000000017d30000,0x0000000017e30000)]
  0x0000000001f85800 JavaThread "main" [_thread_blocked, id=14256, stack(0x0000000001e80000,0x0000000001f80000)]

Other Threads:
  0x0000000016b97800 VMThread [stack: 0x0000000017c30000,0x0000000017d30000] [id=16648]
  0x000000001840f800 WatcherThread [stack: 0x0000000018a30000,0x0000000018b30000] [id=10072]

VM state:not at safepoint (normal execution)

VM Mutex/Monitor currently owned by a thread: None

heap address: 0x0000000081800000, size: 2024 MB, Compressed Oops mode: 32-bit
Narrow klass base: 0x0000000000000000, Narrow klass shift: 3
Compressed class space size: 1073741824 Address: 0x0000000100000000

Heap:
 PSYoungGen      total 111104K, used 27855K [0x00000000d5d80000, 0x00000000dd600000, 0x0000000100000000)
  eden space 98816K, 17% used [0x00000000d5d80000,0x00000000d6e1a868,0x00000000dbe00000)
  from space 12288K, 88% used [0x00000000dbe00000,0x00000000dc8993d0,0x00000000dca00000)
  to   space 11264K, 0% used [0x00000000dca00000,0x00000000dca00000,0x00000000dd500000)
 ParOldGen       total 70656K, used 11394K [0x0000000081800000, 0x0000000085d00000, 0x00000000d5d80000)
  object space 70656K, 16% used [0x0000000081800000,0x0000000082320840,0x0000000085d00000)
 Metaspace       used 34078K, capacity 34476K, committed 34688K, reserved 1079296K
  class space    used 4299K, capacity 4421K, committed 4480K, reserved 1048576K

Card table byte_map: [0x0000000011440000,0x0000000011840000] byte_map_base: 0x0000000011034000

Marking Bits: (ParMarkBitMap*) 0x000000005f2c5ce0
 Begin Bits: [0x0000000011ef0000, 0x0000000013e90000)
 End Bits:   [0x0000000013e90000, 0x0000000015e30000)

Polling page: 0x0000000001d80000

CodeCache: size=245760Kb used=12062Kb max_used=13084Kb free=233697Kb
 bounds [0x0000000002080000, 0x0000000002d60000, 0x0000000011080000]
 total_blobs=3635 nmethods=3227 adapters=320
 compilation: enabled

Compilation events (10 events):
Event: 7.011 Thread 0x0000000016c29000 3792       3       org.hibernate.service.internal.ConcurrentServiceBinding::treeFromRange (75 bytes)
Event: 7.011 Thread 0x0000000016c29000 nmethod 3792 0x0000000002baa590 code [0x0000000002baa740, 0x0000000002baacb8]
Event: 7.011 Thread 0x0000000016c29000 3793       3       org.hibernate.service.internal.ConcurrentServiceBinding$Node::collectAllEntriesInto (62 bytes)
Event: 7.012 Thread 0x0000000016c29000 nmethod 3793 0x0000000002671790 code [0x0000000002671920, 0x0000000002671de8]
Event: 7.020 Thread 0x0000000018338800 nmethod 3683 0x000000000278c750 code [0x000000000278c8c0, 0x000000000278d028]
Event: 7.020 Thread 0x0000000018338800 3768       4       java.lang.Character::isUpperCase (5 bytes)
Event: 7.021 Thread 0x0000000018338800 nmethod 3768 0x0000000002c25550 code [0x0000000002c256a0, 0x0000000002c25778]
Event: 7.021 Thread 0x0000000018338800 3671       4       org.springframework.asm.MethodVisitor::<init> (35 bytes)
Event: 7.021 Thread 0x0000000018338800 nmethod 3671 0x0000000002bc9dd0 code [0x0000000002bc9f00, 0x0000000002bc9fb8]
Event: 7.021 Thread 0x0000000018338800 3668       4       java.lang.reflect.Method::getGenericParameterTypes (5 bytes)

GC Heap History (10 events):
Event: 3.171 GC heap before
{Heap before GC invocations=8 (full 1):
 PSYoungGen      total 64512K, used 61632K [0x00000000d5d80000, 0x00000000dcf00000, 0x0000000100000000)
  eden space 59392K, 100% used [0x00000000d5d80000,0x00000000d9780000,0x00000000d9780000)
  from space 5120K, 43% used [0x00000000da380000,0x00000000da5b0308,0x00000000da880000)
  to   space 12288K, 0% used [0x00000000d9780000,0x00000000d9780000,0x00000000da380000)
 ParOldGen       total 70656K, used 11362K [0x0000000081800000, 0x0000000085d00000, 0x00000000d5d80000)
  object space 70656K, 16% used [0x0000000081800000,0x0000000082318840,0x0000000085d00000)
 Metaspace       used 22029K, capacity 22360K, committed 22448K, reserved 1069056K
  class space    used 2709K, capacity 2796K, committed 2816K, reserved 1048576K
Event: 3.182 GC heap after
Heap after GC invocations=8 (full 1):
 PSYoungGen      total 71680K, used 6787K [0x00000000d5d80000, 0x00000000dc600000, 0x0000000100000000)
  eden space 59392K, 0% used [0x00000000d5d80000,0x00000000d5d80000,0x00000000d9780000)
  from space 12288K, 55% used [0x00000000d9780000,0x00000000d9e20e08,0x00000000da380000)
  to   space 11776K, 0% used [0x00000000dba80000,0x00000000dba80000,0x00000000dc600000)
 ParOldGen       total 70656K, used 11362K [0x0000000081800000, 0x0000000085d00000, 0x00000000d5d80000)
  object space 70656K, 16% used [0x0000000081800000,0x0000000082318840,0x0000000085d00000)
 Metaspace       used 22029K, capacity 22360K, committed 22448K, reserved 1069056K
  class space    used 2709K, capacity 2796K, committed 2816K, reserved 1048576K
}
Event: 3.749 GC heap before
{Heap before GC invocations=9 (full 1):
 PSYoungGen      total 71680K, used 66179K [0x00000000d5d80000, 0x00000000dc600000, 0x0000000100000000)
  eden space 59392K, 100% used [0x00000000d5d80000,0x00000000d9780000,0x00000000d9780000)
  from space 12288K, 55% used [0x00000000d9780000,0x00000000d9e20e08,0x00000000da380000)
  to   space 11776K, 0% used [0x00000000dba80000,0x00000000dba80000,0x00000000dc600000)
 ParOldGen       total 70656K, used 11362K [0x0000000081800000, 0x0000000085d00000, 0x00000000d5d80000)
  object space 70656K, 16% used [0x0000000081800000,0x0000000082318840,0x0000000085d00000)
 Metaspace       used 23085K, capacity 23414K, committed 23680K, reserved 1071104K
  class space    used 2853K, capacity 2929K, committed 2944K, reserved 1048576K
Event: 3.756 GC heap after
Heap after GC invocations=9 (full 1):
 PSYoungGen      total 91136K, used 5457K [0x00000000d5d80000, 0x00000000dc380000, 0x0000000100000000)
  eden space 81920K, 0% used [0x00000000d5d80000,0x00000000d5d80000,0x00000000dad80000)
  from space 9216K, 59% used [0x00000000dba80000,0x00000000dbfd46b0,0x00000000dc380000)
  to   space 11264K, 0% used [0x00000000dad80000,0x00000000dad80000,0x00000000db880000)
 ParOldGen       total 70656K, used 11370K [0x0000000081800000, 0x0000000085d00000, 0x00000000d5d80000)
  object space 70656K, 16% used [0x0000000081800000,0x000000008231a840,0x0000000085d00000)
 Metaspace       used 23085K, capacity 23414K, committed 23680K, reserved 1071104K
  class space    used 2853K, capacity 2929K, committed 2944K, reserved 1048576K
}
Event: 4.818 GC heap before
{Heap before GC invocations=10 (full 1):
 PSYoungGen      total 91136K, used 87377K [0x00000000d5d80000, 0x00000000dc380000, 0x0000000100000000)
  eden space 81920K, 100% used [0x00000000d5d80000,0x00000000dad80000,0x00000000dad80000)
  from space 9216K, 59% used [0x00000000dba80000,0x00000000dbfd46b0,0x00000000dc380000)
  to   space 11264K, 0% used [0x00000000dad80000,0x00000000dad80000,0x00000000db880000)
 ParOldGen       total 70656K, used 11370K [0x0000000081800000, 0x0000000085d00000, 0x00000000d5d80000)
  object space 70656K, 16% used [0x0000000081800000,0x000000008231a840,0x0000000085d00000)
 Metaspace       used 26196K, capacity 26574K, committed 26752K, reserved 1073152K
  class space    used 3279K, capacity 3392K, committed 3456K, reserved 1048576K
Event: 4.830 GC heap after
Heap after GC invocations=10 (full 1):
 PSYoungGen      total 93184K, used 7480K [0x00000000d5d80000, 0x00000000dd500000, 0x0000000100000000)
  eden space 81920K, 0% used [0x00000000d5d80000,0x00000000d5d80000,0x00000000dad80000)
  from space 11264K, 66% used [0x00000000dad80000,0x00000000db4ce220,0x00000000db880000)
  to   space 11264K, 0% used [0x00000000dca00000,0x00000000dca00000,0x00000000dd500000)
 ParOldGen       total 70656K, used 11378K [0x0000000081800000, 0x0000000085d00000, 0x00000000d5d80000)
  object space 70656K, 16% used [0x0000000081800000,0x000000008231c840,0x0000000085d00000)
 Metaspace       used 26196K, capacity 26574K, committed 26752K, reserved 1073152K
  class space    used 3279K, capacity 3392K, committed 3456K, reserved 1048576K
}
Event: 5.827 GC heap before
{Heap before GC invocations=11 (full 1):
 PSYoungGen      total 93184K, used 89400K [0x00000000d5d80000, 0x00000000dd500000, 0x0000000100000000)
  eden space 81920K, 100% used [0x00000000d5d80000,0x00000000dad80000,0x00000000dad80000)
  from space 11264K, 66% used [0x00000000dad80000,0x00000000db4ce220,0x00000000db880000)
  to   space 11264K, 0% used [0x00000000dca00000,0x00000000dca00000,0x00000000dd500000)
 ParOldGen       total 70656K, used 11378K [0x0000000081800000, 0x0000000085d00000, 0x00000000d5d80000)
  object space 70656K, 16% used [0x0000000081800000,0x000000008231c840,0x0000000085d00000)
 Metaspace       used 30583K, capacity 30964K, committed 31104K, reserved 1077248K
  class space    used 3815K, capacity 3937K, committed 3968K, reserved 1048576K
Event: 5.838 GC heap after
Heap after GC invocations=11 (full 1):
 PSYoungGen      total 110080K, used 10018K [0x00000000d5d80000, 0x00000000dd600000, 0x0000000100000000)
  eden space 98816K, 0% used [0x00000000d5d80000,0x00000000d5d80000,0x00000000dbe00000)
  from space 11264K, 88% used [0x00000000dca00000,0x00000000dd3c8930,0x00000000dd500000)
  to   space 12288K, 0% used [0x00000000dbe00000,0x00000000dbe00000,0x00000000dca00000)
 ParOldGen       total 70656K, used 11386K [0x0000000081800000, 0x0000000085d00000, 0x00000000d5d80000)
  object space 70656K, 16% used [0x0000000081800000,0x000000008231e840,0x0000000085d00000)
 Metaspace       used 30583K, capacity 30964K, committed 31104K, reserved 1077248K
  class space    used 3815K, capacity 3937K, committed 3968K, reserved 1048576K
}
Event: 6.690 GC heap before
{Heap before GC invocations=12 (full 1):
 PSYoungGen      total 110080K, used 108834K [0x00000000d5d80000, 0x00000000dd600000, 0x0000000100000000)
  eden space 98816K, 100% used [0x00000000d5d80000,0x00000000dbe00000,0x00000000dbe00000)
  from space 11264K, 88% used [0x00000000dca00000,0x00000000dd3c8930,0x00000000dd500000)
  to   space 12288K, 0% used [0x00000000dbe00000,0x00000000dbe00000,0x00000000dca00000)
 ParOldGen       total 70656K, used 11386K [0x0000000081800000, 0x0000000085d00000, 0x00000000d5d80000)
  object space 70656K, 16% used [0x0000000081800000,0x000000008231e840,0x0000000085d00000)
 Metaspace       used 32210K, capacity 32556K, committed 32896K, reserved 1077248K
  class space    used 4004K, capacity 4101K, committed 4224K, reserved 1048576K
Event: 6.714 GC heap after
Heap after GC invocations=12 (full 1):
 PSYoungGen      total 111104K, used 10852K [0x00000000d5d80000, 0x00000000dd600000, 0x0000000100000000)
  eden space 98816K, 0% used [0x00000000d5d80000,0x00000000d5d80000,0x00000000dbe00000)
  from space 12288K, 88% used [0x00000000dbe00000,0x00000000dc8993d0,0x00000000dca00000)
  to   space 11264K, 0% used [0x00000000dca00000,0x00000000dca00000,0x00000000dd500000)
 ParOldGen       total 70656K, used 11394K [0x0000000081800000, 0x0000000085d00000, 0x00000000d5d80000)
  object space 70656K, 16% used [0x0000000081800000,0x0000000082320840,0x0000000085d00000)
 Metaspace       used 32210K, capacity 32556K, committed 32896K, reserved 1077248K
  class space    used 4004K, capacity 4101K, committed 4224K, reserved 1048576K
}

Deoptimization events (10 events):
Event: 6.184 Thread 0x000000001cab1000 Uncommon trap: reason=unstable_if action=reinterpret pc=0x000000000237ba74 method=java.util.Properties$LineReader.readLine()I @ 180
Event: 6.202 Thread 0x000000001cab1000 Uncommon trap: reason=unstable_if action=reinterpret pc=0x00000000028f32cc method=org.springframework.util.ConcurrentReferenceHashMap$Segment.findInChain(Lorg/springframework/util/ConcurrentReferenceHashMap$Reference;Ljava/lang/Object;I)Lorg/springframewo
Event: 6.203 Thread 0x000000001cab1000 Uncommon trap: reason=unstable_if action=reinterpret pc=0x00000000028f2ad0 method=org.springframework.util.ConcurrentReferenceHashMap$Segment.findInChain(Lorg/springframework/util/ConcurrentReferenceHashMap$Reference;Ljava/lang/Object;I)Lorg/springframewo
Event: 6.381 Thread 0x0000000019a49800 Uncommon trap: reason=bimorphic action=maybe_recompile pc=0x0000000002814d90 method=java.util.Hashtable.get(Ljava/lang/Object;)Ljava/lang/Object; @ 6
Event: 6.382 Thread 0x0000000019a49800 Uncommon trap: reason=bimorphic action=maybe_recompile pc=0x0000000002814d90 method=java.util.Hashtable.get(Ljava/lang/Object;)Ljava/lang/Object; @ 6
Event: 6.487 Thread 0x0000000019a49800 Uncommon trap: reason=bimorphic action=maybe_recompile pc=0x0000000002bc3818 method=java.lang.Throwable.<init>(Ljava/lang/String;Ljava/lang/Throwable;)V @ 24
Event: 6.499 Thread 0x0000000019a49800 Uncommon trap: reason=unstable_if action=reinterpret pc=0x000000000268b330 method=java.util.regex.Pattern$CharProperty$1.isSatisfiedBy(I)Z @ 8
Event: 6.776 Thread 0x0000000019a49800 Uncommon trap: reason=unstable_if action=reinterpret pc=0x0000000002c8bd70 method=java.util.HashMap.putMapEntries(Ljava/util/Map;Z)V @ 15
Event: 6.805 Thread 0x0000000019a49800 Uncommon trap: reason=unstable_if action=reinterpret pc=0x0000000002d39d8c method=java.net.URL.<init>(Ljava/net/URL;Ljava/lang/String;Ljava/net/URLStreamHandler;)V @ 57
Event: 6.805 Thread 0x0000000019a49800 Uncommon trap: reason=unstable_if action=reinterpret pc=0x000000000258e4fc method=java.net.URLStreamHandler.parseURL(Ljava/net/URL;Ljava/lang/String;II)V @ 57

Classes redefined (0 events):
No events

Internal exceptions (10 events):
Event: 6.784 Thread 0x0000000019a49800 Exception <a 'java/lang/ClassNotFoundException': org/springframework/context/weaving/LoadTimeWeaverAwareCustomizer> (0x00000000d6133458) thrown at [C:\re\workspace\8-2-build-windows-amd64-cygwin\jdk8u211\12973\hotspot\src\share\vm\classfile\systemDictiona
Event: 6.784 Thread 0x0000000019a49800 Exception <a 'java/lang/ClassNotFoundException': org/springframework/beans/factory/FactoryBeanCustomizer> (0x00000000d6149de0) thrown at [C:\re\workspace\8-2-build-windows-amd64-cygwin\jdk8u211\12973\hotspot\src\share\vm\classfile\systemDictionary.cpp, li
Event: 6.785 Thread 0x0000000019a49800 Exception <a 'java/lang/ClassNotFoundException': org/springframework/beans/factory/BeanClassLoaderAwareCustomizer> (0x00000000d61658c0) thrown at [C:\re\workspace\8-2-build-windows-amd64-cygwin\jdk8u211\12973\hotspot\src\share\vm\classfile\systemDictionar
Event: 6.786 Thread 0x0000000019a49800 Exception <a 'java/lang/ClassNotFoundException': org/springframework/beans/factory/BeanFactoryAwareCustomizer> (0x00000000d617d518) thrown at [C:\re\workspace\8-2-build-windows-amd64-cygwin\jdk8u211\12973\hotspot\src\share\vm\classfile\systemDictionary.cp
Event: 6.786 Thread 0x0000000019a49800 Exception <a 'java/lang/ClassNotFoundException': org/springframework/beans/factory/BeanNameAwareCustomizer> (0x00000000d61947c8) thrown at [C:\re\workspace\8-2-build-windows-amd64-cygwin\jdk8u211\12973\hotspot\src\share\vm\classfile\systemDictionary.cpp, 
Event: 6.787 Thread 0x0000000019a49800 Exception <a 'java/lang/ClassNotFoundException': org/springframework/beans/factory/InitializingBeanCustomizer> (0x00000000d61ac340) thrown at [C:\re\workspace\8-2-build-windows-amd64-cygwin\jdk8u211\12973\hotspot\src\share\vm\classfile\systemDictionary.cp
Event: 6.787 Thread 0x0000000019a49800 Exception <a 'java/lang/ClassNotFoundException': org/springframework/beans/factory/DisposableBeanCustomizer> (0x00000000d61c27c8) thrown at [C:\re\workspace\8-2-build-windows-amd64-cygwin\jdk8u211\12973\hotspot\src\share\vm\classfile\systemDictionary.cpp,
Event: 6.788 Thread 0x0000000019a49800 Exception <a 'java/lang/ClassNotFoundException': org/springframework/orm/jpa/EntityManagerFactoryInfoCustomizer> (0x00000000d61da0f8) thrown at [C:\re\workspace\8-2-build-windows-amd64-cygwin\jdk8u211\12973\hotspot\src\share\vm\classfile\systemDictionary.
Event: 6.789 Thread 0x0000000019a49800 Exception <a 'java/lang/ClassNotFoundException': org/springframework/dao/support/PersistenceExceptionTranslatorCustomizer> (0x00000000d61fd7f0) thrown at [C:\re\workspace\8-2-build-windows-amd64-cygwin\jdk8u211\12973\hotspot\src\share\vm\classfile\systemD
Event: 6.789 Thread 0x0000000019a49800 Exception <a 'java/lang/ClassNotFoundException': java/io/SerializableCustomizer> (0x00000000d6206b38) thrown at [C:\re\workspace\8-2-build-windows-amd64-cygwin\jdk8u211\12973\hotspot\src\share\vm\classfile\systemDictionary.cpp, line 210]

Events (10 events):
Event: 7.016 loading class javax/xml/bind/ValidationEventHandler
Event: 7.016 loading class javax/xml/bind/ValidationEventHandler done
Event: 7.016 loading class org/hibernate/boot/jaxb/internal/stax/JpaOrmXmlEventReader$BadVersionException
Event: 7.016 loading class org/hibernate/boot/jaxb/internal/stax/JpaOrmXmlEventReader$BadVersionException done
Event: 7.023 loading class org/hibernate/boot/UnsupportedOrmXsdVersionException
Event: 7.023 loading class org/hibernate/boot/UnsupportedOrmXsdVersionException done
Event: 7.023 loading class org/dom4j/io/STAXEventReader
Event: 7.023 loading class org/dom4j/io/STAXEventReader done
Event: 7.025 loading class org/hibernate/boot/jaxb/internal/MappingBinder$1
Event: 7.025 loading class org/hibernate/boot/jaxb/internal/MappingBinder$1 done


Dynamic libraries:
0x00007ff748550000 - 0x00007ff748587000 	C:\Program Files\Java\jre1.8.0_211\bin\javaw.exe
0x00007ff913e10000 - 0x00007ff913fbd000 	C:\Windows\SYSTEM32\ntdll.dll
0x00007ff911470000 - 0x00007ff9115af000 	C:\Windows\system32\KERNEL32.DLL
0x00007ff911090000 - 0x00007ff9111a6000 	C:\Windows\system32\KERNELBASE.dll
0x00007ff90fad0000 - 0x00007ff90fb5e000 	C:\Windows\system32\apphelp.dll
0x00007ff8ed700000 - 0x00007ff8ed754000 	C:\Windows\AppPatch\AppPatch64\AcGenral.DLL
0x00007ff9134e0000 - 0x00007ff91358a000 	C:\Windows\system32\msvcrt.dll
0x00007ff9111b0000 - 0x00007ff9111de000 	C:\Windows\system32\SspiCli.dll
0x00007ff912fb0000 - 0x00007ff913004000 	C:\Windows\system32\SHLWAPI.dll
0x00007ff913770000 - 0x00007ff9138e7000 	C:\Windows\system32\USER32.dll
0x00007ff913b80000 - 0x00007ff913d14000 	C:\Windows\system32\ole32.dll
0x00007ff9115b0000 - 0x00007ff912adb000 	C:\Windows\system32\SHELL32.dll
0x00007ff9108e0000 - 0x00007ff910901000 	C:\Windows\SYSTEM32\USERENV.dll
0x00007ff913240000 - 0x00007ff9132ea000 	C:\Windows\system32\ADVAPI32.dll
0x00007ff908da0000 - 0x00007ff908dbe000 	C:\Windows\SYSTEM32\MPR.dll
0x00007ff912c40000 - 0x00007ff912d80000 	C:\Windows\system32\RPCRT4.dll
0x00007ff913470000 - 0x00007ff9134c9000 	C:\Windows\SYSTEM32\sechost.dll
0x00007ff913010000 - 0x00007ff913220000 	C:\Windows\SYSTEM32\combase.dll
0x00007ff912d90000 - 0x00007ff912edc000 	C:\Windows\system32\GDI32.dll
0x00007ff910f10000 - 0x00007ff910f25000 	C:\Windows\SYSTEM32\profapi.dll
0x00007ff90f4a0000 - 0x00007ff90f552000 	C:\Windows\SYSTEM32\SHCORE.dll
0x00007ff9133c0000 - 0x00007ff9133f6000 	C:\Windows\system32\IMM32.DLL
0x00007ff912ae0000 - 0x00007ff912c31000 	C:\Windows\system32\MSCTF.dll
0x00007ff90f020000 - 0x00007ff90f29b000 	C:\Windows\WinSxS\amd64_microsoft.windows.common-controls_6595b64144ccf1df_6.0.9600.19291_none_6248a9f3ecb5e89b\COMCTL32.dll
0x000000005cf40000 - 0x000000005d012000 	C:\Program Files\Java\jre1.8.0_211\bin\msvcr100.dll
0x000000005eaa0000 - 0x000000005f345000 	C:\Program Files\Java\jre1.8.0_211\bin\server\jvm.dll
0x00007ff8facc0000 - 0x00007ff8facc9000 	C:\Windows\SYSTEM32\WSOCK32.dll
0x00007ff902f60000 - 0x00007ff902f82000 	C:\Windows\SYSTEM32\WINMM.dll
0x00007ff909350000 - 0x00007ff90935a000 	C:\Windows\SYSTEM32\VERSION.dll
0x00007ff912fa0000 - 0x00007ff912fa7000 	C:\Windows\system32\PSAPI.DLL
0x00007ff913d20000 - 0x00007ff913d7a000 	C:\Windows\system32\WS2_32.dll
0x00007ff902f30000 - 0x00007ff902f5a000 	C:\Windows\SYSTEM32\WINMMBASE.dll
0x00007ff9134d0000 - 0x00007ff9134d9000 	C:\Windows\system32\NSI.dll
0x00007ff911240000 - 0x00007ff91128f000 	C:\Windows\SYSTEM32\cfgmgr32.dll
0x00007ff90fd30000 - 0x00007ff90fd58000 	C:\Windows\SYSTEM32\DEVOBJ.dll
0x00007ff8f89e0000 - 0x00007ff8f89ef000 	C:\Program Files\Java\jre1.8.0_211\bin\verify.dll
0x00007ff8edd80000 - 0x00007ff8edda9000 	C:\Program Files\Java\jre1.8.0_211\bin\java.dll
0x00007ff8f88d0000 - 0x00007ff8f88e6000 	C:\Program Files\Java\jre1.8.0_211\bin\zip.dll
0x00007ff90e800000 - 0x00007ff90e80d000 	C:\Program Files\Java\jre1.8.0_211\bin\management.dll
0x00007ff8ed780000 - 0x00007ff8ed79a000 	C:\Program Files\Java\jre1.8.0_211\bin\net.dll
0x00007ff90b0b0000 - 0x00007ff90b238000 	C:\Windows\SYSTEM32\urlmon.dll
0x00007ff90ade0000 - 0x00007ff90b0aa000 	C:\Windows\SYSTEM32\iertutil.dll
0x00007ff90a930000 - 0x00007ff90addc000 	C:\Windows\SYSTEM32\WININET.dll
0x00007ff910700000 - 0x00007ff910759000 	C:\Windows\system32\mswsock.dll
0x00007ff8fcbd0000 - 0x00007ff8fcbe5000 	C:\Windows\system32\napinsp.dll
0x00007ff8fcbf0000 - 0x00007ff8fcc0a000 	C:\Windows\system32\pnrpnsp.dll
0x00007ff90e2e0000 - 0x00007ff90e2fb000 	C:\Windows\system32\NLAapi.dll
0x00007ff910500000 - 0x00007ff9105a4000 	C:\Windows\SYSTEM32\DNSAPI.dll
0x00007ff8fce30000 - 0x00007ff8fce3d000 	C:\Windows\System32\winrnr.dll
0x00007ff8fcc10000 - 0x00007ff8fcc24000 	C:\Windows\system32\wshbth.dll
0x00007ff8fd920000 - 0x00007ff8fd92a000 	C:\Windows\System32\rasadhlp.dll
0x00007ff90bb60000 - 0x00007ff90bb8a000 	C:\Windows\SYSTEM32\IPHLPAPI.DLL
0x00007ff90bb40000 - 0x00007ff90bb4a000 	C:\Windows\SYSTEM32\WINNSI.DLL
0x00007ff90b730000 - 0x00007ff90b79b000 	C:\Windows\System32\fwpuclnt.dll
0x00007ff8ed760000 - 0x00007ff8ed772000 	C:\Program Files\Java\jre1.8.0_211\bin\nio.dll
0x00007ff910760000 - 0x00007ff910780000 	C:\Windows\SYSTEM32\CRYPTSP.dll
0x00007ff9103b0000 - 0x00007ff9103e6000 	C:\Windows\system32\rsaenh.dll
0x00007ff910a50000 - 0x00007ff910a76000 	C:\Windows\SYSTEM32\bcrypt.dll
0x00007ff910d70000 - 0x00007ff910dd3000 	C:\Windows\system32\bcryptprimitives.dll
0x00007ff910de0000 - 0x00007ff910deb000 	C:\Windows\SYSTEM32\CRYPTBASE.dll
0x00007ff90b570000 - 0x00007ff90b586000 	C:\Windows\SYSTEM32\dhcpcsvc6.DLL
0x00007ff90b810000 - 0x00007ff90b82a000 	C:\Windows\SYSTEM32\dhcpcsvc.DLL

VM Arguments:
jvm_args: -Dfile.encoding=UTF-8 
java_command: org.opendevup.TpSpringMvcApplication
java_class_path (initial): C:\Program Files\Java\jre1.8.0_211\lib\resources.jar;C:\Program Files\Java\jre1.8.0_211\lib\rt.jar;C:\Program Files\Java\jre1.8.0_211\lib\jsse.jar;C:\Program Files\Java\jre1.8.0_211\lib\jce.jar;C:\Program Files\Java\jre1.8.0_211\lib\charsets.jar;C:\Program Files\Java\jre1.8.0_211\lib\jfr.jar;C:\Program Files\Java\jre1.8.0_211\lib\ext\access-bridge-64.jar;C:\Program Files\Java\jre1.8.0_211\lib\ext\cldrdata.jar;C:\Program Files\Java\jre1.8.0_211\lib\ext\dnsns.jar;C:\Program Files\Java\jre1.8.0_211\lib\ext\jaccess.jar;C:\Program Files\Java\jre1.8.0_211\lib\ext\jfxrt.jar;C:\Program Files\Java\jre1.8.0_211\lib\ext\localedata.jar;C:\Program Files\Java\jre1.8.0_211\lib\ext\nashorn.jar;C:\Program Files\Java\jre1.8.0_211\lib\ext\sunec.jar;C:\Program Files\Java\jre1.8.0_211\lib\ext\sunjce_provider.jar;C:\Program Files\Java\jre1.8.0_211\lib\ext\sunmscapi.jar;C:\Program Files\Java\jre1.8.0_211\lib\ext\sunpkcs11.jar;C:\Program Files\Java\jre1.8.0_211\lib\ext\zipfs.jar;C:\Users\HP NOTEBOOK\Documents\workspace-sts-3.9.4.RELEASE\tp-spring-mvc\target\classes;C:\Users\HP NOTEBOOK\.m2\repository\org\springframework\boot\spring-boot-starter-data-jpa\1.4.3.RELEASE\spring-boot-starter-data-jpa-1.4.3.RELEASE.jar;C:\Users\HP NOTEBOOK\.m2\repository\org\springframework\boot\spring-boot-starter\1.4.3.RELEASE\spring-boot-starter-1.4.3.RELEASE.jar;C:\Users\HP NOTEBOOK\.m2\repository\org\springframework\boot\spring-boot-starter-logging\1.4.3.RELEASE\spring-boot-starter-logging-1.4.3.RELEASE.jar;C:\Users\HP NOTEBOOK\.m2\repository\ch\qos\logback\logback-classic\1.1.8\logback-classic-1.1.8.jar;C:\Users\HP NOTEBOOK\.m2\repository\ch\qos\logback\logback-core\1.1.8\logback-core-1.1.8.jar;C:\Users\HP NOTEBOOK\.m2\repository\org\slf4j\jul-to-slf4j\1.7.22\jul-to-slf4j-1.7.22.jar;C:\Users\HP NOTEBOOK\.m2\repository\org\slf4j\log4j-over-slf4j\1.7.22\log4j-over-slf4j-1.7.22.jar;C:\Users\HP NOTEBOOK\.m2\repository\org\yaml\snakeyaml\1.17\snakeyaml-1.17.jar;C:\Users\HP NOTEBOOK\
Launcher Type: SUN_STANDARD

Environment Variables:
JAVA_HOME=C:\Program Files\Java\jdk-10.0.1
PATH=C:/Program Files/Java/jre1.8.0_211/bin/server;C:/Program Files/Java/jre1.8.0_211/bin;C:/Program Files/Java/jre1.8.0_211/lib/amd64;C:\Program Files (x86)\Common Files\Oracle\Java\javapath;C:\ProgramData\Oracle\Java\javapath;C:\Program Files (x86)\Intel\iCLS Client\;C:\Program Files\Intel\iCLS Client\;C:\Windows\system32;C:\Windows;C:\Windows\System32\Wbem;C:\Windows\System32\WindowsPowerShell\v1.0\;C:\Program Files (x86)\Intel\Intel(R) Management Engine Components\DAL;C:\Program Files\Intel\Intel(R) Management Engine Components\DAL;C:\Program Files (x86)\Intel\Intel(R) Management Engine Components\IPT;C:\Program Files\Intel\Intel(R) Management Engine Components\IPT;C:\Program Files (x86)\ATI Technologies\ATI.ACE\Core-Static;C:\Program Files (x86)\Windows Live\Shared;C:\Program Files\Microsoft SQL Server\130\Tools\Binn\;C:\Program Files\dotnet\;C:\Program Files\nodejs\;C:\Program Files\Microsoft SQL Server\Client SDK\ODBC\130\Tools\Binn\;C:\Program Files (x86)\Microsoft SQL Server\130\Tools\Binn\;C:\Program Files\Microsoft SQL Server\130\DTS\Binn\;;C:\Program Files (x86)\Microsoft VS Code\bin;C:\Users\HP NOTEBOOK\AppData\Roaming\npm;C:\Users\HP NOTEBOOK\AppData\Local\Programs\Microsoft VS Code\bin;C:\Users\HP NOTEBOOK\Downloads\Compressed\spring-tool-suite-3.9.4.RELEASE-e4.7.3a-win32-x86_64_2\sts-bundle\sts-3.9.4.RELEASE;
USERNAME=HP NOTEBOOK
OS=Windows_NT
PROCESSOR_IDENTIFIER=Intel64 Family 6 Model 78 Stepping 3, GenuineIntel



---------------  S Y S T E M  ---------------

OS: Windows 8.1 , 64 bit Build 9600 (6.3.9600.19326)

CPU:total 4 (initial active 4) (2 cores per cpu, 2 threads per core) family 6 model 78 stepping 3, cmov, cx8, fxsr, mmx, sse, sse2, sse3, ssse3, sse4.1, sse4.2, popcnt, avx, avx2, aes, clmul, erms, 3dnowpref, lzcnt, ht, tsc, tscinvbit, bmi1, bmi2, adx

Memory: 4k page, physical 8285184k(2218104k free), swap 8809472k(5744k free)

vm_info: Java HotSpot(TM) 64-Bit Server VM (25.211-b12) for windows-amd64 JRE (1.8.0_211-b12), built on Apr  1 2019 20:53:26 by "java_re" with MS VC++ 10.0 (VS2010)

time: Wed May 08 23:41:36 2019
timezone: Paris, Madrid
elapsed time: 7 seconds (0d 0h 0m 7s)

