#
# There is insufficient memory for the Java Runtime Environment to continue.
# Native memory allocation (malloc) failed to allocate 131088 bytes for Chunk::new
# Possible reasons:
#   The system is out of physical RAM or swap space
#   The process is running with CompressedOops enabled, and the Java Heap may be blocking the growth of the native heap
# Possible solutions:
#   Reduce memory load on the system
#   Increase physical memory or swap space
#   Check if swap backing store is full
#   Decrease Java heap size (-Xmx/-Xms)
#   Decrease number of Java threads
#   Decrease Java thread stack sizes (-Xss)
#   Set larger code cache with -XX:ReservedCodeCacheSize=
#   JVM is running with Unscaled Compressed Oops mode in which the Java heap is
#     placed in the first 4GB address space. The Java Heap base address is the
#     maximum limit for the native heap growth. Please use -XX:HeapBaseMinAddress
#     to set the Java Heap base and to place the Java Heap above 4GB virtual address.
# This output file may be truncated or incomplete.
#
#  Out of Memory Error (allocation.cpp:389), pid=14984, tid=0x0000000000000d58
#
# JRE version: Java(TM) SE Runtime Environment (8.0_221-b11) (build 1.8.0_221-b11)
# Java VM: Java HotSpot(TM) 64-Bit Server VM (25.221-b11 mixed mode windows-amd64 compressed oops)
# Failed to write core dump. Minidumps are not enabled by default on client versions of Windows
#

---------------  T H R E A D  ---------------

Current thread (0x0000000017311000):  JavaThread "C2 CompilerThread0" daemon [_thread_in_native, id=3416, stack(0x0000000018920000,0x0000000018a20000)]

Stack: [0x0000000018920000,0x0000000018a20000]
[error occurred during error reporting (printing stack bounds), id 0xc0000005]

Native frames: (J=compiled Java code, j=interpreted, Vv=VM code, C=native code)


Current CompileTask:
C2:6577962 7261       4       org.springframework.web.servlet.mvc.method.RequestMappingInfo::getMatchingCondition (134 bytes)


---------------  P R O C E S S  ---------------

Java Threads: ( => current thread )
  0x000000001dab3800 JavaThread "http-nio-8080-exec-10" daemon [_thread_blocked, id=7516, stack(0x0000000024240000,0x0000000024340000)]
  0x000000001daad800 JavaThread "http-nio-8080-exec-9" daemon [_thread_blocked, id=7984, stack(0x0000000023fe0000,0x00000000240e0000)]
  0x000000001dab0800 JavaThread "http-nio-8080-exec-8" daemon [_thread_blocked, id=3124, stack(0x0000000023ee0000,0x0000000023fe0000)]
  0x000000001daaf800 JavaThread "http-nio-8080-exec-7" daemon [_thread_blocked, id=3704, stack(0x0000000023be0000,0x0000000023ce0000)]
  0x000000001daaf000 JavaThread "http-nio-8080-exec-6" daemon [_thread_blocked, id=16276, stack(0x0000000023ae0000,0x0000000023be0000)]
  0x000000001daac000 JavaThread "http-nio-8080-exec-5" daemon [_thread_blocked, id=4404, stack(0x00000000239e0000,0x0000000023ae0000)]
  0x000000001daae000 JavaThread "http-nio-8080-exec-4" daemon [_thread_blocked, id=8148, stack(0x000000001ccb0000,0x000000001cdb0000)]
  0x000000001daab000 JavaThread "http-nio-8080-exec-3" daemon [_thread_blocked, id=4952, stack(0x000000001b1e0000,0x000000001b2e0000)]
  0x000000001daac800 JavaThread "http-nio-8080-exec-2" daemon [_thread_blocked, id=8952, stack(0x000000001ac00000,0x000000001ad00000)]
  0x000000001daaa800 JavaThread "http-nio-8080-exec-1" daemon [_thread_blocked, id=9068, stack(0x000000001ab00000,0x000000001ac00000)]
  0x000000001daa9000 JavaThread "DestroyJavaVM" [_thread_blocked, id=14776, stack(0x0000000002570000,0x0000000002670000)]
  0x000000001daa8000 JavaThread "http-nio-8080-AsyncTimeout" daemon [_thread_blocked, id=15152, stack(0x00000000236e0000,0x00000000237e0000)]
  0x000000001daa9800 JavaThread "http-nio-8080-Acceptor-0" daemon [_thread_in_native, id=6004, stack(0x00000000235e0000,0x00000000236e0000)]
  0x000000001a6ce800 JavaThread "http-nio-8080-ClientPoller-1" daemon [_thread_in_native, id=15104, stack(0x00000000233e0000,0x00000000234e0000)]
  0x000000001a6d1800 JavaThread "http-nio-8080-ClientPoller-0" daemon [_thread_in_native, id=15184, stack(0x0000000023040000,0x0000000023140000)]
  0x000000001a6d1000 JavaThread "NioBlockingSelector.BlockPoller-1" daemon [_thread_in_native, id=15160, stack(0x0000000022720000,0x0000000022820000)]
  0x000000001a6cf800 JavaThread "Live Reload Server" daemon [_thread_in_native, id=15216, stack(0x0000000022c70000,0x0000000022d70000)]
  0x000000001a6d0000 JavaThread "File Watcher" daemon [_thread_blocked, id=14696, stack(0x0000000021420000,0x0000000021520000)]
  0x000000001a6cb800 JavaThread "Abandoned connection cleanup thread" daemon [_thread_blocked, id=16160, stack(0x0000000020f20000,0x0000000021020000)]
  0x000000001a6cc800 JavaThread "Tomcat JDBC Pool Cleaner[705927765:1577350890453]" daemon [_thread_blocked, id=15972, stack(0x0000000020e20000,0x0000000020f20000)]
  0x000000001949e000 JavaThread "container-0" [_thread_blocked, id=8644, stack(0x000000001f880000,0x000000001f980000)]
  0x0000000020a30800 JavaThread "ContainerBackgroundProcessor[StandardEngine[Tomcat]]" daemon [_thread_blocked, id=15040, stack(0x000000001ddd0000,0x000000001ded0000)]
  0x0000000018bac800 JavaThread "Service Thread" daemon [_thread_blocked, id=15108, stack(0x0000000019020000,0x0000000019120000)]
  0x000000001731e000 JavaThread "C1 CompilerThread2" daemon [_thread_blocked, id=16108, stack(0x0000000018f20000,0x0000000019020000)]
  0x0000000017313000 JavaThread "C2 CompilerThread1" daemon [_thread_in_native, id=14720, stack(0x0000000018a20000,0x0000000018b20000)]
=>0x0000000017311000 JavaThread "C2 CompilerThread0" daemon [_thread_in_native, id=3416, stack(0x0000000018920000,0x0000000018a20000)]
  0x000000001730f000 JavaThread "Attach Listener" daemon [_thread_blocked, id=15780, stack(0x0000000018820000,0x0000000018920000)]
  0x000000001730e800 JavaThread "Signal Dispatcher" daemon [_thread_blocked, id=14896, stack(0x0000000018720000,0x0000000018820000)]
  0x000000000276d800 JavaThread "Finalizer" daemon [_thread_blocked, id=8444, stack(0x0000000018520000,0x0000000018620000)]
  0x0000000002764800 JavaThread "Reference Handler" daemon [_thread_blocked, id=868, stack(0x0000000018420000,0x0000000018520000)]

Other Threads:
  0x0000000017288000 VMThread [stack: 0x0000000018320000,0x0000000018420000] [id=5400]
  0x0000000018be1000 WatcherThread [stack: 0x0000000019120000,0x0000000019220000] [id=8364]

VM state:not at safepoint (normal execution)

VM Mutex/Monitor currently owned by a thread: None

heap address: 0x0000000081800000, size: 2024 MB, Compressed Oops mode: 32-bit
Narrow klass base: 0x0000000000000000, Narrow klass shift: 3
Compressed class space size: 1073741824 Address: 0x0000000100000000

Heap:
 PSYoungGen      total 219136K, used 131542K [0x00000000d5d80000, 0x00000000e5780000, 0x0000000100000000)
  eden space 203264K, 57% used [0x00000000d5d80000,0x00000000dcee96b0,0x00000000e2400000)
  from space 15872K, 97% used [0x00000000e4800000,0x00000000e570c290,0x00000000e5780000)
  to   space 24064K, 0% used [0x00000000e2880000,0x00000000e2880000,0x00000000e4000000)
 ParOldGen       total 105984K, used 25520K [0x0000000081800000, 0x0000000087f80000, 0x00000000d5d80000)
  object space 105984K, 24% used [0x0000000081800000,0x00000000830ec320,0x0000000087f80000)
 Metaspace       used 57641K, capacity 58242K, committed 58624K, reserved 1099776K
  class space    used 7241K, capacity 7420K, committed 7424K, reserved 1048576K

Card table byte_map: [0x0000000011b30000,0x0000000011f30000] byte_map_base: 0x0000000011724000

Marking Bits: (ParMarkBitMap*) 0x0000000063605ce0
 Begin Bits: [0x00000000125e0000, 0x0000000014580000)
 End Bits:   [0x0000000014580000, 0x0000000016520000)

Polling page: 0x0000000000a10000

CodeCache: size=245760Kb used=22238Kb max_used=22309Kb free=223521Kb
 bounds [0x0000000002770000, 0x0000000003d60000, 0x0000000011770000]
 total_blobs=6902 nmethods=6113 adapters=701
 compilation: enabled

Compilation events (10 events):
Event: 6575.559 Thread 0x000000001731e000 7258       3       com.sun.org.apache.xerces.internal.utils.XMLSecurityManager::getLimit (10 bytes)
Event: 6575.559 Thread 0x000000001731e000 nmethod 7258 0x00000000029264d0 code [0x0000000002926640, 0x0000000002926850]
Event: 6575.560 Thread 0x0000000017313000 7259       4       org.thymeleaf.templateparser.TemplatePreprocessingReader::removeEntitySubstitutions (80 bytes)
Event: 6575.561 Thread 0x000000001731e000 7260       3       org.springframework.context.support.AbstractApplicationContext::getApplicationEventMulticaster (39 bytes)
Event: 6575.562 Thread 0x000000001731e000 nmethod 7260 0x0000000003d50910 code [0x0000000003d50b00, 0x0000000003d51548]
Event: 6575.563 Thread 0x0000000017313000 nmethod 7259 0x0000000002926050 code [0x00000000029261a0, 0x0000000002926358]
Event: 6575.609 Thread 0x0000000017311000 7261       4       org.springframework.web.servlet.mvc.method.RequestMappingInfo::getMatchingCondition (134 bytes)
Event: 6575.609 Thread 0x0000000017313000 7262       4       org.springframework.web.servlet.mvc.method.RequestMappingInfoHandlerMapping::getMatchingMapping (10 bytes)
Event: 6575.631 Thread 0x000000001731e000 7264       3       org.springframework.context.event.AbstractApplicationEventMulticaster$ListenerCacheKey::hashCode (19 bytes)
Event: 6575.631 Thread 0x000000001731e000 nmethod 7264 0x0000000002925c50 code [0x0000000002925dc0, 0x0000000002925f98]

GC Heap History (10 events):
Event: 8.238 GC heap before
{Heap before GC invocations=12 (full 2):
 PSYoungGen      total 197120K, used 12741K [0x00000000d5d80000, 0x00000000e2e80000, 0x0000000100000000)
  eden space 182784K, 0% used [0x00000000d5d80000,0x00000000d5d80000,0x00000000e1000000)
  from space 14336K, 88% used [0x00000000e1f00000,0x00000000e2b715e0,0x00000000e2d00000)
  to   space 15360K, 0% used [0x00000000e1000000,0x00000000e1000000,0x00000000e1f00000)
 ParOldGen       total 66560K, used 11441K [0x0000000081800000, 0x0000000085900000, 0x00000000d5d80000)
  object space 66560K, 17% used [0x0000000081800000,0x000000008232c478,0x0000000085900000)
 Metaspace       used 34782K, capacity 35218K, committed 35496K, reserved 1081344K
  class space    used 4405K, capacity 4518K, committed 4608K, reserved 1048576K
Event: 8.351 GC heap after
Heap after GC invocations=12 (full 2):
 PSYoungGen      total 197120K, used 0K [0x00000000d5d80000, 0x00000000e2e80000, 0x0000000100000000)
  eden space 182784K, 0% used [0x00000000d5d80000,0x00000000d5d80000,0x00000000e1000000)
  from space 14336K, 0% used [0x00000000e1f00000,0x00000000e1f00000,0x00000000e2d00000)
  to   space 15360K, 0% used [0x00000000e1000000,0x00000000e1000000,0x00000000e1f00000)
 ParOldGen       total 105984K, used 22268K [0x0000000081800000, 0x0000000087f80000, 0x00000000d5d80000)
  object space 105984K, 21% used [0x0000000081800000,0x0000000082dbf2c8,0x0000000087f80000)
 Metaspace       used 34782K, capacity 35218K, committed 35496K, reserved 1081344K
  class space    used 4405K, capacity 4518K, committed 4608K, reserved 1048576K
}
Event: 11.404 GC heap before
{Heap before GC invocations=13 (full 2):
 PSYoungGen      total 197120K, used 182784K [0x00000000d5d80000, 0x00000000e2e80000, 0x0000000100000000)
  eden space 182784K, 100% used [0x00000000d5d80000,0x00000000e1000000,0x00000000e1000000)
  from space 14336K, 0% used [0x00000000e1f00000,0x00000000e1f00000,0x00000000e2d00000)
  to   space 15360K, 0% used [0x00000000e1000000,0x00000000e1000000,0x00000000e1f00000)
 ParOldGen       total 105984K, used 22268K [0x0000000081800000, 0x0000000087f80000, 0x00000000d5d80000)
  object space 105984K, 21% used [0x0000000081800000,0x0000000082dbf2c8,0x0000000087f80000)
 Metaspace       used 48203K, capacity 48662K, committed 49152K, reserved 1091584K
  class space    used 6221K, capacity 6362K, committed 6400K, reserved 1048576K
Event: 11.430 GC heap after
Heap after GC invocations=13 (full 2):
 PSYoungGen      total 198144K, used 15357K [0x00000000d5d80000, 0x00000000e5e80000, 0x0000000100000000)
  eden space 182784K, 0% used [0x00000000d5d80000,0x00000000d5d80000,0x00000000e1000000)
  from space 15360K, 99% used [0x00000000e1000000,0x00000000e1eff598,0x00000000e1f00000)
  to   space 18944K, 0% used [0x00000000e4c00000,0x00000000e4c00000,0x00000000e5e80000)
 ParOldGen       total 105984K, used 25496K [0x0000000081800000, 0x0000000087f80000, 0x00000000d5d80000)
  object space 105984K, 24% used [0x0000000081800000,0x00000000830e6320,0x0000000087f80000)
 Metaspace       used 48203K, capacity 48662K, committed 49152K, reserved 1091584K
  class space    used 6221K, capacity 6362K, committed 6400K, reserved 1048576K
}
Event: 158.214 GC heap before
{Heap before GC invocations=14 (full 2):
 PSYoungGen      total 198144K, used 198141K [0x00000000d5d80000, 0x00000000e5e80000, 0x0000000100000000)
  eden space 182784K, 100% used [0x00000000d5d80000,0x00000000e1000000,0x00000000e1000000)
  from space 15360K, 99% used [0x00000000e1000000,0x00000000e1eff598,0x00000000e1f00000)
  to   space 18944K, 0% used [0x00000000e4c00000,0x00000000e4c00000,0x00000000e5e80000)
 ParOldGen       total 105984K, used 25496K [0x0000000081800000, 0x0000000087f80000, 0x00000000d5d80000)
  object space 105984K, 24% used [0x0000000081800000,0x00000000830e6320,0x0000000087f80000)
 Metaspace       used 53514K, capacity 54054K, committed 54400K, reserved 1097728K
  class space    used 6837K, capacity 7000K, committed 7040K, reserved 1048576K
Event: 158.250 GC heap after
Heap after GC invocations=14 (full 2):
 PSYoungGen      total 237056K, used 18708K [0x00000000d5d80000, 0x00000000e5e80000, 0x0000000100000000)
  eden space 218112K, 0% used [0x00000000d5d80000,0x00000000d5d80000,0x00000000e3280000)
  from space 18944K, 98% used [0x00000000e4c00000,0x00000000e5e45238,0x00000000e5e80000)
  to   space 21504K, 0% used [0x00000000e3480000,0x00000000e3480000,0x00000000e4980000)
 ParOldGen       total 105984K, used 25504K [0x0000000081800000, 0x0000000087f80000, 0x00000000d5d80000)
  object space 105984K, 24% used [0x0000000081800000,0x00000000830e8320,0x0000000087f80000)
 Metaspace       used 53514K, capacity 54054K, committed 54400K, reserved 1097728K
  class space    used 6837K, capacity 7000K, committed 7040K, reserved 1048576K
}
Event: 2801.875 GC heap before
{Heap before GC invocations=15 (full 2):
 PSYoungGen      total 237056K, used 236820K [0x00000000d5d80000, 0x00000000e5e80000, 0x0000000100000000)
  eden space 218112K, 100% used [0x00000000d5d80000,0x00000000e3280000,0x00000000e3280000)
  from space 18944K, 98% used [0x00000000e4c00000,0x00000000e5e45238,0x00000000e5e80000)
  to   space 21504K, 0% used [0x00000000e3480000,0x00000000e3480000,0x00000000e4980000)
 ParOldGen       total 105984K, used 25504K [0x0000000081800000, 0x0000000087f80000, 0x00000000d5d80000)
  object space 105984K, 24% used [0x0000000081800000,0x00000000830e8320,0x0000000087f80000)
 Metaspace       used 56717K, capacity 57268K, committed 57600K, reserved 1099776K
  class space    used 7224K, capacity 7397K, committed 7424K, reserved 1048576K
Event: 2801.917 GC heap after
Heap after GC invocations=15 (full 2):
 PSYoungGen      total 230400K, used 19488K [0x00000000d5d80000, 0x00000000e5a00000, 0x0000000100000000)
  eden space 210432K, 0% used [0x00000000d5d80000,0x00000000d5d80000,0x00000000e2b00000)
  from space 19968K, 97% used [0x00000000e3480000,0x00000000e4788040,0x00000000e4800000)
  to   space 18432K, 0% used [0x00000000e4800000,0x00000000e4800000,0x00000000e5a00000)
 ParOldGen       total 105984K, used 25512K [0x0000000081800000, 0x0000000087f80000, 0x00000000d5d80000)
  object space 105984K, 24% used [0x0000000081800000,0x00000000830ea320,0x0000000087f80000)
 Metaspace       used 56717K, capacity 57268K, committed 57600K, reserved 1099776K
  class space    used 7224K, capacity 7397K, committed 7424K, reserved 1048576K
}
Event: 5252.649 GC heap before
{Heap before GC invocations=16 (full 2):
 PSYoungGen      total 230400K, used 229920K [0x00000000d5d80000, 0x00000000e5a00000, 0x0000000100000000)
  eden space 210432K, 100% used [0x00000000d5d80000,0x00000000e2b00000,0x00000000e2b00000)
  from space 19968K, 97% used [0x00000000e3480000,0x00000000e4788040,0x00000000e4800000)
  to   space 18432K, 0% used [0x00000000e4800000,0x00000000e4800000,0x00000000e5a00000)
 ParOldGen       total 105984K, used 25512K [0x0000000081800000, 0x0000000087f80000, 0x00000000d5d80000)
  object space 105984K, 24% used [0x0000000081800000,0x00000000830ea320,0x0000000087f80000)
 Metaspace       used 57459K, capacity 58086K, committed 58368K, reserved 1099776K
  class space    used 7238K, capacity 7416K, committed 7424K, reserved 1048576K
Event: 5252.671 GC heap after
Heap after GC invocations=16 (full 2):
 PSYoungGen      total 219136K, used 15408K [0x00000000d5d80000, 0x00000000e5780000, 0x0000000100000000)
  eden space 203264K, 0% used [0x00000000d5d80000,0x00000000d5d80000,0x00000000e2400000)
  from space 15872K, 97% used [0x00000000e4800000,0x00000000e570c290,0x00000000e5780000)
  to   space 24064K, 0% used [0x00000000e2880000,0x00000000e2880000,0x00000000e4000000)
 ParOldGen       total 105984K, used 25520K [0x0000000081800000, 0x0000000087f80000, 0x00000000d5d80000)
  object space 105984K, 24% used [0x0000000081800000,0x00000000830ec320,0x0000000087f80000)
 Metaspace       used 57459K, capacity 58086K, committed 58368K, reserved 1099776K
  class space    used 7238K, capacity 7416K, committed 7424K, reserved 1048576K
}

Deoptimization events (10 events):
Event: 3643.867 Thread 0x000000001daab000 Uncommon trap: reason=class_check action=maybe_recompile pc=0x0000000003997f2c method=java.util.Collections$UnmodifiableMap$UnmodifiableEntrySet$UnmodifiableEntry.<init>(Ljava/util/Map$Entry;)V @ 9
Event: 3643.868 Thread 0x000000001daab000 Uncommon trap: reason=class_check action=maybe_recompile pc=0x0000000003997f2c method=java.util.Collections$UnmodifiableMap$UnmodifiableEntrySet$UnmodifiableEntry.<init>(Ljava/util/Map$Entry;)V @ 9
Event: 3643.868 Thread 0x000000001daab000 Uncommon trap: reason=class_check action=maybe_recompile pc=0x0000000003997f2c method=java.util.Collections$UnmodifiableMap$UnmodifiableEntrySet$UnmodifiableEntry.<init>(Ljava/util/Map$Entry;)V @ 9
Event: 3643.868 Thread 0x000000001daab000 Uncommon trap: reason=class_check action=maybe_recompile pc=0x0000000003997f2c method=java.util.Collections$UnmodifiableMap$UnmodifiableEntrySet$UnmodifiableEntry.<init>(Ljava/util/Map$Entry;)V @ 9
Event: 3940.373 Thread 0x000000001dab3800 Uncommon trap: reason=unstable_if action=reinterpret pc=0x000000000319830c method=java.util.concurrent.ConcurrentHashMap.addCount(JI)V @ 34
Event: 3940.386 Thread 0x000000001dab3800 Uncommon trap: reason=unstable_if action=reinterpret pc=0x000000000325a9fc method=java.util.concurrent.ConcurrentHashMap.addCount(JI)V @ 7
Event: 4157.326 Thread 0x000000001daaf800 Uncommon trap: reason=unstable_if action=reinterpret pc=0x00000000039db510 method=com.sun.org.apache.xerces.internal.impl.XMLDocumentFragmentScannerImpl$FragmentContentDriver.next()I @ 971
Event: 4251.648 Thread 0x000000001daac800 Uncommon trap: reason=unstable_if action=reinterpret pc=0x0000000002c033f8 method=com.sun.org.apache.xerces.internal.impl.XMLEntityScanner.peekChar()I @ 14
Event: 5091.367 Thread 0x000000001a6d0000 Uncommon trap: reason=unstable_if action=reinterpret pc=0x00000000039ad860 method=java.util.AbstractSet.equals(Ljava/lang/Object;)Z @ 31
Event: 5535.888 Thread 0x000000001daad800 Uncommon trap: reason=unstable_if action=reinterpret pc=0x0000000003893f5c method=org.springframework.util.ConcurrentReferenceHashMap$Segment.doTask(ILjava/lang/Object;Lorg/springframework/util/ConcurrentReferenceHashMap$Task;)Ljava/lang/Object; @ 86

Classes redefined (0 events):
No events

Internal exceptions (10 events):
Event: 158.284 Thread 0x000000001daaa800 Exception <a 'java/lang/ClassNotFoundException': org/thymeleaf/spring4/view/AbstractThymeleafViewCustomizer> (0x00000000d5fffcf0) thrown at [C:\re\workspace\8-2-build-windows-amd64-cygwin\jdk8u221\13320\hotspot\src\share\vm\classfile\systemDictionary.cpp,
Event: 158.286 Thread 0x000000001daaa800 Exception <a 'java/lang/ClassNotFoundException': org/thymeleaf/spring4/view/ThymeleafViewCustomizer> (0x00000000d6026a38) thrown at [C:\re\workspace\8-2-build-windows-amd64-cygwin\jdk8u221\13320\hotspot\src\share\vm\classfile\systemDictionary.cpp, line 21
Event: 158.288 Thread 0x000000001daaa800 Exception <a 'java/lang/ClassNotFoundException': org/springframework/web/servlet/ViewCustomizer> (0x00000000d6049a20) thrown at [C:\re\workspace\8-2-build-windows-amd64-cygwin\jdk8u221\13320\hotspot\src\share\vm\classfile\systemDictionary.cpp, line 210]
Event: 158.290 Thread 0x000000001daaa800 Exception <a 'java/lang/ClassNotFoundException': org/springframework/beans/factory/BeanNameAwareCustomizer> (0x00000000d6065708) thrown at [C:\re\workspace\8-2-build-windows-amd64-cygwin\jdk8u221\13320\hotspot\src\share\vm\classfile\systemDictionary.cpp, 
Event: 158.291 Thread 0x000000001daaa800 Exception <a 'java/lang/ClassNotFoundException': org/springframework/web/context/ServletContextAwareCustomizer> (0x00000000d6080868) thrown at [C:\re\workspace\8-2-build-windows-amd64-cygwin\jdk8u221\13320\hotspot\src\share\vm\classfile\systemDictionary.c
Event: 158.292 Thread 0x000000001daaa800 Exception <a 'java/lang/ClassNotFoundException': org/springframework/context/ApplicationContextAwareCustomizer> (0x00000000d6123f88) thrown at [C:\re\workspace\8-2-build-windows-amd64-cygwin\jdk8u221\13320\hotspot\src\share\vm\classfile\systemDictionary.c
Event: 163.732 Thread 0x000000001daaf000 Exception <a 'java/io/FileNotFoundException'> (0x00000000d791cf88) thrown at [C:\re\workspace\8-2-build-windows-amd64-cygwin\jdk8u221\13320\hotspot\src\share\vm\prims\jni.cpp, line 710]
Event: 163.732 Thread 0x000000001daaf000 Exception <a 'java/io/FileNotFoundException'> (0x00000000d791db60) thrown at [C:\re\workspace\8-2-build-windows-amd64-cygwin\jdk8u221\13320\hotspot\src\share\vm\prims\jni.cpp, line 710]
Event: 187.391 Thread 0x000000001daaa800 Exception <a 'java/lang/ClassNotFoundException': java/lang/ObjectCustomizer> (0x00000000d883c060) thrown at [C:\re\workspace\8-2-build-windows-amd64-cygwin\jdk8u221\13320\hotspot\src\share\vm\classfile\systemDictionary.cpp, line 210]
Event: 187.392 Thread 0x000000001daaa800 Exception <a 'java/lang/ClassNotFoundException': org/opendevup/entities/AthleteCustomizer> (0x00000000d8856910) thrown at [C:\re\workspace\8-2-build-windows-amd64-cygwin\jdk8u221\13320\hotspot\src\share\vm\classfile\systemDictionary.cpp, line 210]

Events (10 events):
Event: 6575.559 Thread 0x000000001731e000 flushing nmethod 0x0000000002925c50
Event: 6575.560 Thread 0x000000001731e000 flushing nmethod 0x000000000297aad0
Event: 6575.560 Thread 0x000000001731e000 flushing nmethod 0x0000000002a08dd0
Event: 6575.562 Thread 0x000000001731e000 flushing nmethod 0x0000000002ad8bd0
Event: 6575.563 Thread 0x0000000017313000 flushing nmethod 0x0000000002b3ea90
Event: 6575.563 Thread 0x0000000017313000 flushing nmethod 0x0000000002b5ae10
Event: 6575.563 Thread 0x0000000017313000 flushing nmethod 0x0000000002b6a690
Event: 6575.563 Thread 0x0000000017313000 flushing nmethod 0x0000000002bf5750
Event: 6575.631 Thread 0x000000001731e000 flushing nmethod 0x0000000002c92b10
Event: 6575.632 Thread 0x000000001731e000 flushing nmethod 0x0000000002d50c90


Dynamic libraries:
0x00007ff74d2e0000 - 0x00007ff74d317000 	C:\Program Files\Java\jre1.8.0_221\bin\javaw.exe
0x00007ff9f9820000 - 0x00007ff9f99cd000 	C:\Windows\SYSTEM32\ntdll.dll
0x00007ff9f85a0000 - 0x00007ff9f86df000 	C:\Windows\system32\KERNEL32.DLL
0x00007ff9f6d30000 - 0x00007ff9f6e46000 	C:\Windows\system32\KERNELBASE.dll
0x00007ff9f5510000 - 0x00007ff9f559e000 	C:\Windows\system32\apphelp.dll
0x00007ff9d67e0000 - 0x00007ff9d6835000 	C:\Windows\AppPatch\AppPatch64\AcGenral.DLL
0x00007ff9f8d20000 - 0x00007ff9f8dca000 	C:\Windows\system32\msvcrt.dll
0x00007ff9f6a20000 - 0x00007ff9f6a4e000 	C:\Windows\system32\SspiCli.dll
0x00007ff9f91d0000 - 0x00007ff9f9224000 	C:\Windows\system32\SHLWAPI.dll
0x00007ff9f86e0000 - 0x00007ff9f8857000 	C:\Windows\system32\USER32.dll
0x00007ff9f93b0000 - 0x00007ff9f9544000 	C:\Windows\system32\ole32.dll
0x00007ff9f6eb0000 - 0x00007ff9f83db000 	C:\Windows\system32\SHELL32.dll
0x00007ff9f5f70000 - 0x00007ff9f5f91000 	C:\Windows\SYSTEM32\USERENV.dll
0x00007ff9f9230000 - 0x00007ff9f92da000 	C:\Windows\system32\ADVAPI32.dll
0x00007ff9ee6a0000 - 0x00007ff9ee6be000 	C:\Windows\SYSTEM32\MPR.dll
0x00007ff9f8860000 - 0x00007ff9f89a0000 	C:\Windows\system32\RPCRT4.dll
0x00007ff9f9760000 - 0x00007ff9f97b9000 	C:\Windows\SYSTEM32\sechost.dll
0x00007ff9f9550000 - 0x00007ff9f9760000 	C:\Windows\SYSTEM32\combase.dll
0x00007ff9f8b00000 - 0x00007ff9f8c4c000 	C:\Windows\system32\GDI32.dll
0x00007ff9f6950000 - 0x00007ff9f6965000 	C:\Windows\SYSTEM32\profapi.dll
0x00007ff9f4c30000 - 0x00007ff9f4ce2000 	C:\Windows\SYSTEM32\SHCORE.dll
0x00007ff9f9350000 - 0x00007ff9f9386000 	C:\Windows\system32\IMM32.DLL
0x00007ff9f89a0000 - 0x00007ff9f8af2000 	C:\Windows\system32\MSCTF.dll
0x00007ff9f45c0000 - 0x00007ff9f483b000 	C:\Windows\WinSxS\amd64_microsoft.windows.common-controls_6595b64144ccf1df_6.0.9600.19394_none_62486577ecb635cf\COMCTL32.dll
0x0000000062d00000 - 0x0000000062dd2000 	C:\Program Files\Java\jre1.8.0_221\bin\msvcr100.dll
0x0000000062de0000 - 0x0000000063685000 	C:\Program Files\Java\jre1.8.0_221\bin\server\jvm.dll
0x00007ff9e0890000 - 0x00007ff9e0899000 	C:\Windows\SYSTEM32\WSOCK32.dll
0x00007ff9e8950000 - 0x00007ff9e8972000 	C:\Windows\SYSTEM32\WINMM.dll
0x00007ff9eed80000 - 0x00007ff9eed8a000 	C:\Windows\SYSTEM32\VERSION.dll
0x00007ff9f8dd0000 - 0x00007ff9f8dd7000 	C:\Windows\system32\PSAPI.DLL
0x00007ff9f97c0000 - 0x00007ff9f981a000 	C:\Windows\system32\WS2_32.dll
0x00007ff9e8920000 - 0x00007ff9e894a000 	C:\Windows\SYSTEM32\WINMMBASE.dll
0x00007ff9f8d10000 - 0x00007ff9f8d19000 	C:\Windows\system32\NSI.dll
0x00007ff9f6ce0000 - 0x00007ff9f6d2f000 	C:\Windows\SYSTEM32\cfgmgr32.dll
0x00007ff9f5770000 - 0x00007ff9f5798000 	C:\Windows\SYSTEM32\DEVOBJ.dll
0x00007ff9df110000 - 0x00007ff9df11f000 	C:\Program Files\Java\jre1.8.0_221\bin\verify.dll
0x00007ff9dabe0000 - 0x00007ff9dac09000 	C:\Program Files\Java\jre1.8.0_221\bin\java.dll
0x00007ff9de570000 - 0x00007ff9de586000 	C:\Program Files\Java\jre1.8.0_221\bin\zip.dll
0x00007ff9f3bd0000 - 0x00007ff9f3bdd000 	C:\Program Files\Java\jre1.8.0_221\bin\management.dll
0x00007ff9dabc0000 - 0x00007ff9dabda000 	C:\Program Files\Java\jre1.8.0_221\bin\net.dll
0x00007ff9f04f0000 - 0x00007ff9f067a000 	C:\Windows\SYSTEM32\urlmon.dll
0x00007ff9f0220000 - 0x00007ff9f04ec000 	C:\Windows\SYSTEM32\iertutil.dll
0x00007ff9efd70000 - 0x00007ff9f021c000 	C:\Windows\SYSTEM32\WININET.dll
0x00007ff9f61e0000 - 0x00007ff9f6239000 	C:\Windows\system32\mswsock.dll
0x00007ff9e2f80000 - 0x00007ff9e2f95000 	C:\Windows\system32\napinsp.dll
0x00007ff9e2fa0000 - 0x00007ff9e2fba000 	C:\Windows\system32\pnrpnsp.dll
0x00007ff9f3a90000 - 0x00007ff9f3aab000 	C:\Windows\system32\NLAapi.dll
0x00007ff9f5fe0000 - 0x00007ff9f6084000 	C:\Windows\SYSTEM32\DNSAPI.dll
0x00007ff9e2fc0000 - 0x00007ff9e2fcd000 	C:\Windows\System32\winrnr.dll
0x00007ff9e2fd0000 - 0x00007ff9e2fe4000 	C:\Windows\system32\wshbth.dll
0x00007ff9e37e0000 - 0x00007ff9e37ea000 	C:\Windows\System32\rasadhlp.dll
0x00007ff9f0f60000 - 0x00007ff9f0f8a000 	C:\Windows\SYSTEM32\IPHLPAPI.DLL
0x00007ff9f0f40000 - 0x00007ff9f0f4a000 	C:\Windows\SYSTEM32\WINNSI.DLL
0x00007ff9f0c80000 - 0x00007ff9f0ceb000 	C:\Windows\System32\fwpuclnt.dll
0x00007ff9d68b0000 - 0x00007ff9d68c2000 	C:\Program Files\Java\jre1.8.0_221\bin\nio.dll
0x00007ff9f6240000 - 0x00007ff9f6260000 	C:\Windows\SYSTEM32\CRYPTSP.dll
0x00007ff9f5e60000 - 0x00007ff9f5e96000 	C:\Windows\system32\rsaenh.dll
0x00007ff9f6490000 - 0x00007ff9f64b6000 	C:\Windows\SYSTEM32\bcrypt.dll
0x00007ff9f6820000 - 0x00007ff9f6883000 	C:\Windows\system32\bcryptprimitives.dll
0x00007ff9f6890000 - 0x00007ff9f689b000 	C:\Windows\SYSTEM32\CRYPTBASE.dll
0x00007ff9f0ad0000 - 0x00007ff9f0ae6000 	C:\Windows\SYSTEM32\dhcpcsvc6.DLL
0x00007ff9f0ab0000 - 0x00007ff9f0aca000 	C:\Windows\SYSTEM32\dhcpcsvc.DLL

VM Arguments:
jvm_args: -Dfile.encoding=UTF-8 
java_command: org.opendevup.TpSpringMvcApplication
java_class_path (initial): C:\Program Files\Java\jre1.8.0_221\lib\resources.jar;C:\Program Files\Java\jre1.8.0_221\lib\rt.jar;C:\Program Files\Java\jre1.8.0_221\lib\jsse.jar;C:\Program Files\Java\jre1.8.0_221\lib\jce.jar;C:\Program Files\Java\jre1.8.0_221\lib\charsets.jar;C:\Program Files\Java\jre1.8.0_221\lib\jfr.jar;C:\Program Files\Java\jre1.8.0_221\lib\ext\access-bridge-64.jar;C:\Program Files\Java\jre1.8.0_221\lib\ext\cldrdata.jar;C:\Program Files\Java\jre1.8.0_221\lib\ext\dnsns.jar;C:\Program Files\Java\jre1.8.0_221\lib\ext\jaccess.jar;C:\Program Files\Java\jre1.8.0_221\lib\ext\jfxrt.jar;C:\Program Files\Java\jre1.8.0_221\lib\ext\localedata.jar;C:\Program Files\Java\jre1.8.0_221\lib\ext\nashorn.jar;C:\Program Files\Java\jre1.8.0_221\lib\ext\sunec.jar;C:\Program Files\Java\jre1.8.0_221\lib\ext\sunjce_provider.jar;C:\Program Files\Java\jre1.8.0_221\lib\ext\sunmscapi.jar;C:\Program Files\Java\jre1.8.0_221\lib\ext\sunpkcs11.jar;C:\Program Files\Java\jre1.8.0_221\lib\ext\zipfs.jar;C:\Users\HP NOTEBOOK\Documents\workspace-sts-3.9.4.RELEASE\tp-spring-mvc\target\classes;C:\Users\HP NOTEBOOK\.m2\repository\org\springframework\boot\spring-boot-starter-data-jpa\1.4.3.RELEASE\spring-boot-starter-data-jpa-1.4.3.RELEASE.jar;C:\Users\HP NOTEBOOK\.m2\repository\org\springframework\boot\spring-boot-starter\1.4.3.RELEASE\spring-boot-starter-1.4.3.RELEASE.jar;C:\Users\HP NOTEBOOK\.m2\repository\org\springframework\boot\spring-boot-starter-logging\1.4.3.RELEASE\spring-boot-starter-logging-1.4.3.RELEASE.jar;C:\Users\HP NOTEBOOK\.m2\repository\ch\qos\logback\logback-classic\1.1.8\logback-classic-1.1.8.jar;C:\Users\HP NOTEBOOK\.m2\repository\ch\qos\logback\logback-core\1.1.8\logback-core-1.1.8.jar;C:\Users\HP NOTEBOOK\.m2\repository\org\slf4j\jul-to-slf4j\1.7.22\jul-to-slf4j-1.7.22.jar;C:\Users\HP NOTEBOOK\.m2\repository\org\slf4j\log4j-over-slf4j\1.7.22\log4j-over-slf4j-1.7.22.jar;C:\Users\HP NOTEBOOK\.m2\repository\org\yaml\snakeyaml\1.17\snakeyaml-1.17.jar;C:\Users\HP NOTEBOOK\
Launcher Type: SUN_STANDARD

Environment Variables:
JAVA_HOME=C:\Program Files\Java\jdk-10.0.1
PATH=C:/Program Files/Java/jre1.8.0_221/bin/server;C:/Program Files/Java/jre1.8.0_221/bin;C:/Program Files/Java/jre1.8.0_221/lib/amd64;C:\Program Files (x86)\Common Files\Oracle\Java\javapath;C:\cygwin64\bin;C:\Program Files\Microsoft SQL Server\130\Tools\Binn\;C:\Program Files\Microsoft SQL Server\Client SDK\ODBC\130\Tools\Binn\;C:\Program Files\Microsoft SQL Server\130\DTS\Binn\;;C:\Program Files (x86)\Microsoft VS Code\bin;C:\Users\HP NOTEBOOK\AppData\Roaming\npm;C:\Users\HP NOTEBOOK\AppData\Local\Programs\Microsoft VS Code\bin;C:\Users\HP NOTEBOOK\Downloads\Compressed\spring-tool-suite-3.9.4.RELEASE-e4.7.3a-win32-x86_64_2\sts-bundle\sts-3.9.4.RELEASE;
USERNAME=HP NOTEBOOK
OS=Windows_NT
PROCESSOR_IDENTIFIER=Intel64 Family 6 Model 78 Stepping 3, GenuineIntel



---------------  S Y S T E M  ---------------

OS: Windows 8.1 , 64 bit Build 9600 (6.3.9600.19538)

CPU:total 4 (initial active 4) (2 cores per cpu, 2 threads per core) family 6 model 78 stepping 3, cmov, cx8, fxsr, mmx, sse, sse2, sse3, ssse3, sse4.1, sse4.2, popcnt, avx, avx2, aes, clmul, erms, 3dnowpref, lzcnt, ht, tsc, tscinvbit, bmi1, bmi2, adx

Memory: 4k page, physical 8285184k(2295576k free), swap 8809472k(22040k free)

vm_info: Java HotSpot(TM) 64-Bit Server VM (25.221-b11) for windows-amd64 JRE (1.8.0_221-b11), built on Jul  4 2019 04:39:29 by "java_re" with MS VC++ 10.0 (VS2010)

time: Thu Dec 26 11:50:57 2019
timezone: Paris, Madrid
elapsed time: 6575 seconds (0d 1h 49m 35s)

