#
# There is insufficient memory for the Java Runtime Environment to continue.
# Native memory allocation (malloc) failed to allocate 763296 bytes for Chunk::new
# Possible reasons:
#   The system is out of physical RAM or swap space
#   The process is running with CompressedOops enabled, and the Java Heap may be blocking the growth of the native heap
# Possible solutions:
#   Reduce memory load on the system
#   Increase physical memory or swap space
#   Check if swap backing store is full
#   Decrease Java heap size (-Xmx/-Xms)
#   Decrease number of Java threads
#   Decrease Java thread stack sizes (-Xss)
#   Set larger code cache with -XX:ReservedCodeCacheSize=
#   JVM is running with Unscaled Compressed Oops mode in which the Java heap is
#     placed in the first 4GB address space. The Java Heap base address is the
#     maximum limit for the native heap growth. Please use -XX:HeapBaseMinAddress
#     to set the Java Heap base and to place the Java Heap above 4GB virtual address.
# This output file may be truncated or incomplete.
#
#  Out of Memory Error (allocation.cpp:389), pid=11140, tid=0x0000000000003290
#
# JRE version: Java(TM) SE Runtime Environment (8.0_221-b11) (build 1.8.0_221-b11)
# Java VM: Java HotSpot(TM) 64-Bit Server VM (25.221-b11 mixed mode windows-amd64 compressed oops)
# Failed to write core dump. Minidumps are not enabled by default on client versions of Windows
#

---------------  T H R E A D  ---------------

Current thread (0x00000000172ce000):  JavaThread "C2 CompilerThread1" daemon [_thread_in_native, id=12944, stack(0x0000000018dc0000,0x0000000018ec0000)]

Stack: [0x0000000018dc0000,0x0000000018ec0000]
[error occurred during error reporting (printing stack bounds), id 0xc0000005]

Native frames: (J=compiled Java code, j=interpreted, Vv=VM code, C=native code)


Current CompileTask:
C2:3602403 7245       4       java.lang.Class::getMethod (64 bytes)


---------------  P R O C E S S  ---------------

Java Threads: ( => current thread )
  0x000000001d0f0800 JavaThread "restartedMain" [_thread_in_vm, id=8056, stack(0x000000001aaa0000,0x000000001aba0000)]
  0x000000001d0f7000 JavaThread "Thread-6" [_thread_blocked, id=14412, stack(0x0000000023ee0000,0x0000000023fe0000)]
  0x000000001d0f1000 JavaThread "DestroyJavaVM" [_thread_blocked, id=12620, stack(0x0000000002460000,0x0000000002560000)]
  0x000000001eba7000 JavaThread "http-nio-8080-AsyncTimeout" daemon [_thread_blocked, id=13684, stack(0x00000000238e0000,0x00000000239e0000)]
  0x000000001eba4000 JavaThread "Live Reload Server" daemon [_thread_in_native, id=12796, stack(0x0000000022f70000,0x0000000023070000)]
  0x000000001eba1000 JavaThread "Abandoned connection cleanup thread" daemon [_thread_blocked, id=11112, stack(0x0000000020a80000,0x0000000020b80000)]
  0x0000000018a18800 JavaThread "Service Thread" daemon [_thread_blocked, id=7896, stack(0x0000000018fc0000,0x00000000190c0000)]
  0x0000000018a13000 JavaThread "C1 CompilerThread2" daemon [_thread_in_native, id=7944, stack(0x0000000018ec0000,0x0000000018fc0000)]
=>0x00000000172ce000 JavaThread "C2 CompilerThread1" daemon [_thread_in_native, id=12944, stack(0x0000000018dc0000,0x0000000018ec0000)]
  0x00000000172c3000 JavaThread "C2 CompilerThread0" daemon [_thread_blocked, id=11812, stack(0x00000000188c0000,0x00000000189c0000)]
  0x00000000172c1000 JavaThread "Attach Listener" daemon [_thread_blocked, id=12816, stack(0x00000000187c0000,0x00000000188c0000)]
  0x00000000172c0800 JavaThread "Signal Dispatcher" daemon [_thread_blocked, id=4852, stack(0x00000000186c0000,0x00000000187c0000)]
  0x000000001725c000 JavaThread "Finalizer" daemon [_thread_blocked, id=4080, stack(0x00000000184c0000,0x00000000185c0000)]
  0x0000000002714800 JavaThread "Reference Handler" daemon [_thread_blocked, id=6156, stack(0x00000000183c0000,0x00000000184c0000)]

Other Threads:
  0x0000000017238000 VMThread [stack: 0x00000000182c0000,0x00000000183c0000] [id=10132]
  0x0000000018a64800 WatcherThread [stack: 0x00000000190c0000,0x00000000191c0000] [id=4388]

VM state:not at safepoint (normal execution)

VM Mutex/Monitor currently owned by a thread: None

heap address: 0x0000000081800000, size: 2024 MB, Compressed Oops mode: 32-bit
Narrow klass base: 0x0000000000000000, Narrow klass shift: 3
Compressed class space size: 1073741824 Address: 0x0000000100000000

Heap:
 PSYoungGen      total 316928K, used 18517K [0x00000000d5d80000, 0x00000000eb800000, 0x0000000100000000)
  eden space 315904K, 5% used [0x00000000d5d80000,0x00000000d6f955c8,0x00000000e9200000)
  from space 1024K, 0% used [0x00000000e9400000,0x00000000e9400000,0x00000000e9500000)
  to   space 19456K, 0% used [0x00000000ea500000,0x00000000ea500000,0x00000000eb800000)
 ParOldGen       total 87040K, used 25922K [0x0000000081800000, 0x0000000086d00000, 0x00000000d5d80000)
  object space 87040K, 29% used [0x0000000081800000,0x0000000083150a88,0x0000000086d00000)
 Metaspace       used 57493K, capacity 57994K, committed 58752K, reserved 1099776K
  class space    used 7220K, capacity 7353K, committed 7552K, reserved 1048576K

Card table byte_map: [0x0000000011ae0000,0x0000000011ee0000] byte_map_base: 0x00000000116d4000

Marking Bits: (ParMarkBitMap*) 0x0000000056035ce0
 Begin Bits: [0x0000000012590000, 0x0000000014530000)
 End Bits:   [0x0000000014530000, 0x00000000164d0000)

Polling page: 0x0000000000ac0000

CodeCache: size=245760Kb used=23824Kb max_used=23843Kb free=221935Kb
 bounds [0x0000000002720000, 0x0000000003e90000, 0x0000000011720000]
 total_blobs=6851 nmethods=6062 adapters=701
 compilation: enabled

Compilation events (10 events):
Event: 3601.098 Thread 0x0000000018a13000 nmethod 7253 0x00000000030f6110 code [0x00000000030f62c0, 0x00000000030f6938]
Event: 3601.100 Thread 0x0000000018a13000 7254   !   3       com.sun.proxy.$Proxy16::equals (39 bytes)
Event: 3601.100 Thread 0x0000000018a13000 nmethod 7254 0x0000000003e54bd0 code [0x0000000003e54d80, 0x0000000003e553f8]
Event: 3601.111 Thread 0x0000000018a13000 7257       3       sun.reflect.Reflection::filterMethods (31 bytes)
Event: 3601.111 Thread 0x0000000018a13000 nmethod 7257 0x0000000002e09cd0 code [0x0000000002e09e60, 0x0000000002e0a2d8]
Event: 3601.113 Thread 0x00000000172c3000 nmethod 7247 0x0000000003e59350 code [0x0000000003e59580, 0x0000000003e5a580]
Event: 3601.114 Thread 0x00000000172c3000 7249 %     4       org.springframework.core.annotation.AnnotatedElementUtils::searchWithGetSemanticsInAnnotations @ 227 (339 bytes)
Event: 3601.116 Thread 0x0000000018a13000 7258 %     3       org.springframework.asm.ClassReader::readCode @ 74 (3343 bytes)
Event: 3601.150 Thread 0x0000000018a13000 nmethod 7258% 0x0000000003e5b550 code [0x0000000003e5c800, 0x0000000003e6c1f8]
Event: 3601.154 Thread 0x0000000018a13000 7259       3       org.springframework.asm.ClassReader::readCode (3343 bytes)

GC Heap History (10 events):
Event: 17.151 GC heap before
{Heap before GC invocations=12 (full 2):
 PSYoungGen      total 251392K, used 7767K [0x00000000d5d80000, 0x00000000e6900000, 0x0000000100000000)
  eden space 236032K, 0% used [0x00000000d5d80000,0x00000000d5d80000,0x00000000e4400000)
  from space 15360K, 50% used [0x00000000e5280000,0x00000000e5a15c80,0x00000000e6180000)
  to   space 14848K, 0% used [0x00000000e4400000,0x00000000e4400000,0x00000000e5280000)
 ParOldGen       total 60416K, used 17103K [0x0000000081800000, 0x0000000085300000, 0x00000000d5d80000)
  object space 60416K, 28% used [0x0000000081800000,0x00000000828b3f00,0x0000000085300000)
 Metaspace       used 34794K, capacity 35218K, committed 35496K, reserved 1081344K
  class space    used 4403K, capacity 4518K, committed 4608K, reserved 1048576K
Event: 17.316 GC heap after
Heap after GC invocations=12 (full 2):
 PSYoungGen      total 251392K, used 0K [0x00000000d5d80000, 0x00000000e6900000, 0x0000000100000000)
  eden space 236032K, 0% used [0x00000000d5d80000,0x00000000d5d80000,0x00000000e4400000)
  from space 15360K, 0% used [0x00000000e5280000,0x00000000e5280000,0x00000000e6180000)
  to   space 14848K, 0% used [0x00000000e4400000,0x00000000e4400000,0x00000000e5280000)
 ParOldGen       total 87040K, used 21879K [0x0000000081800000, 0x0000000086d00000, 0x00000000d5d80000)
  object space 87040K, 25% used [0x0000000081800000,0x0000000082d5dec8,0x0000000086d00000)
 Metaspace       used 34794K, capacity 35218K, committed 35496K, reserved 1081344K
  class space    used 4403K, capacity 4518K, committed 4608K, reserved 1048576K
}
Event: 23.449 GC heap before
{Heap before GC invocations=13 (full 2):
 PSYoungGen      total 251392K, used 236032K [0x00000000d5d80000, 0x00000000e6900000, 0x0000000100000000)
  eden space 236032K, 100% used [0x00000000d5d80000,0x00000000e4400000,0x00000000e4400000)
  from space 15360K, 0% used [0x00000000e5280000,0x00000000e5280000,0x00000000e6180000)
  to   space 14848K, 0% used [0x00000000e4400000,0x00000000e4400000,0x00000000e5280000)
 ParOldGen       total 87040K, used 21879K [0x0000000081800000, 0x0000000086d00000, 0x00000000d5d80000)
  object space 87040K, 25% used [0x0000000081800000,0x0000000082d5dec8,0x0000000086d00000)
 Metaspace       used 50492K, capacity 51010K, committed 51456K, reserved 1093632K
  class space    used 6433K, capacity 6569K, committed 6656K, reserved 1048576K
Event: 23.556 GC heap after
Heap after GC invocations=13 (full 2):
 PSYoungGen      total 250880K, used 14817K [0x00000000d5d80000, 0x00000000ec180000, 0x0000000100000000)
  eden space 236032K, 0% used [0x00000000d5d80000,0x00000000d5d80000,0x00000000e4400000)
  from space 14848K, 99% used [0x00000000e4400000,0x00000000e52786a0,0x00000000e5280000)
  to   space 19456K, 0% used [0x00000000eae80000,0x00000000eae80000,0x00000000ec180000)
 ParOldGen       total 87040K, used 29701K [0x0000000081800000, 0x0000000086d00000, 0x00000000d5d80000)
  object space 87040K, 34% used [0x0000000081800000,0x0000000083501590,0x0000000086d00000)
 Metaspace       used 50492K, capacity 51010K, committed 51456K, reserved 1093632K
  class space    used 6433K, capacity 6569K, committed 6656K, reserved 1048576K
}
Event: 1196.337 GC heap before
{Heap before GC invocations=14 (full 2):
 PSYoungGen      total 250880K, used 250849K [0x00000000d5d80000, 0x00000000ec180000, 0x0000000100000000)
  eden space 236032K, 100% used [0x00000000d5d80000,0x00000000e4400000,0x00000000e4400000)
  from space 14848K, 99% used [0x00000000e4400000,0x00000000e52786a0,0x00000000e5280000)
  to   space 19456K, 0% used [0x00000000eae80000,0x00000000eae80000,0x00000000ec180000)
 ParOldGen       total 87040K, used 29701K [0x0000000081800000, 0x0000000086d00000, 0x00000000d5d80000)
  object space 87040K, 34% used [0x0000000081800000,0x0000000083501590,0x0000000086d00000)
 Metaspace       used 56170K, capacity 56676K, committed 57216K, reserved 1099776K
  class space    used 7167K, capacity 7293K, committed 7296K, reserved 1048576K
Event: 1196.381 GC heap after
Heap after GC invocations=14 (full 2):
 PSYoungGen      total 326656K, used 10493K [0x00000000d5d80000, 0x00000000eb900000, 0x0000000100000000)
  eden space 315904K, 0% used [0x00000000d5d80000,0x00000000d5d80000,0x00000000e9200000)
  from space 10752K, 97% used [0x00000000eae80000,0x00000000eb8bf7f0,0x00000000eb900000)
  to   space 18944K, 0% used [0x00000000e9400000,0x00000000e9400000,0x00000000ea680000)
 ParOldGen       total 87040K, used 40264K [0x0000000081800000, 0x0000000086d00000, 0x00000000d5d80000)
  object space 87040K, 46% used [0x0000000081800000,0x0000000083f52060,0x0000000086d00000)
 Metaspace       used 56170K, capacity 56676K, committed 57216K, reserved 1099776K
  class space    used 7167K, capacity 7293K, committed 7296K, reserved 1048576K
}
Event: 3600.691 GC heap before
{Heap before GC invocations=15 (full 2):
 PSYoungGen      total 326656K, used 235670K [0x00000000d5d80000, 0x00000000eb900000, 0x0000000100000000)
  eden space 315904K, 71% used [0x00000000d5d80000,0x00000000e39661c0,0x00000000e9200000)
  from space 10752K, 97% used [0x00000000eae80000,0x00000000eb8bf7f0,0x00000000eb900000)
  to   space 18944K, 0% used [0x00000000e9400000,0x00000000e9400000,0x00000000ea680000)
 ParOldGen       total 87040K, used 40264K [0x0000000081800000, 0x0000000086d00000, 0x00000000d5d80000)
  object space 87040K, 46% used [0x0000000081800000,0x0000000083f52060,0x0000000086d00000)
 Metaspace       used 57742K, capacity 58362K, committed 58752K, reserved 1099776K
  class space    used 7262K, capacity 7431K, committed 7552K, reserved 1048576K
Event: 3600.721 GC heap after
Heap after GC invocations=15 (full 2):
 PSYoungGen      total 316928K, used 880K [0x00000000d5d80000, 0x00000000eb800000, 0x0000000100000000)
  eden space 315904K, 0% used [0x00000000d5d80000,0x00000000d5d80000,0x00000000e9200000)
  from space 1024K, 85% used [0x00000000e9400000,0x00000000e94dc010,0x00000000e9500000)
  to   space 19456K, 0% used [0x00000000ea500000,0x00000000ea500000,0x00000000eb800000)
 ParOldGen       total 87040K, used 46114K [0x0000000081800000, 0x0000000086d00000, 0x00000000d5d80000)
  object space 87040K, 52% used [0x0000000081800000,0x00000000845089f0,0x0000000086d00000)
 Metaspace       used 57742K, capacity 58362K, committed 58752K, reserved 1099776K
  class space    used 7262K, capacity 7431K, committed 7552K, reserved 1048576K
}
Event: 3600.721 GC heap before
{Heap before GC invocations=16 (full 3):
 PSYoungGen      total 316928K, used 880K [0x00000000d5d80000, 0x00000000eb800000, 0x0000000100000000)
  eden space 315904K, 0% used [0x00000000d5d80000,0x00000000d5d80000,0x00000000e9200000)
  from space 1024K, 85% used [0x00000000e9400000,0x00000000e94dc010,0x00000000e9500000)
  to   space 19456K, 0% used [0x00000000ea500000,0x00000000ea500000,0x00000000eb800000)
 ParOldGen       total 87040K, used 46114K [0x0000000081800000, 0x0000000086d00000, 0x00000000d5d80000)
  object space 87040K, 52% used [0x0000000081800000,0x00000000845089f0,0x0000000086d00000)
 Metaspace       used 57742K, capacity 58362K, committed 58752K, reserved 1099776K
  class space    used 7262K, capacity 7431K, committed 7552K, reserved 1048576K
Event: 3600.923 GC heap after
Heap after GC invocations=16 (full 3):
 PSYoungGen      total 316928K, used 0K [0x00000000d5d80000, 0x00000000eb800000, 0x0000000100000000)
  eden space 315904K, 0% used [0x00000000d5d80000,0x00000000d5d80000,0x00000000e9200000)
  from space 1024K, 0% used [0x00000000e9400000,0x00000000e9400000,0x00000000e9500000)
  to   space 19456K, 0% used [0x00000000ea500000,0x00000000ea500000,0x00000000eb800000)
 ParOldGen       total 87040K, used 25922K [0x0000000081800000, 0x0000000086d00000, 0x00000000d5d80000)
  object space 87040K, 29% used [0x0000000081800000,0x0000000083150a88,0x0000000086d00000)
 Metaspace       used 57477K, capacity 57918K, committed 58752K, reserved 1099776K
  class space    used 7218K, capacity 7350K, committed 7552K, reserved 1048576K
}

Deoptimization events (10 events):
Event: 3600.949 Thread 0x000000001d0f0800 Uncommon trap: reason=bimorphic action=maybe_recompile pc=0x0000000002fd2750 method=java.util.AbstractSet.equals(Ljava/lang/Object;)Z @ 22
Event: 3600.949 Thread 0x000000001d0f0800 Uncommon trap: reason=bimorphic action=maybe_recompile pc=0x0000000003b14df8 method=java.util.AbstractCollection.containsAll(Ljava/util/Collection;)Z @ 1
Event: 3601.065 Thread 0x000000001d0f0800 Uncommon trap: reason=bimorphic action=maybe_recompile pc=0x0000000002fd2750 method=java.util.AbstractSet.equals(Ljava/lang/Object;)Z @ 22
Event: 3601.065 Thread 0x000000001d0f0800 Uncommon trap: reason=bimorphic action=maybe_recompile pc=0x0000000003b14df8 method=java.util.AbstractCollection.containsAll(Ljava/util/Collection;)Z @ 1
Event: 3601.067 Thread 0x000000001d0f0800 Uncommon trap: reason=unstable_if action=reinterpret pc=0x0000000003882d7c method=java.lang.ref.SoftReference.get()Ljava/lang/Object; @ 6
Event: 3601.076 Thread 0x000000001d0ee000 Uncommon trap: reason=unstable_if action=reinterpret pc=0x00000000038cf310 method=java.lang.ref.SoftReference.get()Ljava/lang/Object; @ 6
Event: 3601.088 Thread 0x000000001d0f0800 Uncommon trap: reason=bimorphic action=maybe_recompile pc=0x0000000003915f24 method=org.springframework.core.annotation.AnnotatedElementUtils.searchWithGetSemanticsInAnnotations(Ljava/lang/reflect/AnnotatedElement;Ljava/util/List;Ljava/lang/Class;Ljava/la
Event: 3601.088 Thread 0x000000001d0f0800 Uncommon trap: reason=bimorphic action=maybe_recompile pc=0x0000000003915f24 method=org.springframework.core.annotation.AnnotatedElementUtils.searchWithGetSemanticsInAnnotations(Ljava/lang/reflect/AnnotatedElement;Ljava/util/List;Ljava/lang/Class;Ljava/la
Event: 3601.088 Thread 0x000000001d0f0800 Uncommon trap: reason=bimorphic action=maybe_recompile pc=0x0000000003915f24 method=org.springframework.core.annotation.AnnotatedElementUtils.searchWithGetSemanticsInAnnotations(Ljava/lang/reflect/AnnotatedElement;Ljava/util/List;Ljava/lang/Class;Ljava/la
Event: 3601.088 Thread 0x000000001d0f0800 Uncommon trap: reason=bimorphic action=maybe_recompile pc=0x0000000003915f24 method=org.springframework.core.annotation.AnnotatedElementUtils.searchWithGetSemanticsInAnnotations(Ljava/lang/reflect/AnnotatedElement;Ljava/util/List;Ljava/lang/Class;Ljava/la

Classes redefined (0 events):
No events

Internal exceptions (10 events):
Event: 3600.937 Thread 0x000000001d0f0800 Implicit null exception at 0x0000000002ba5fb8 to 0x0000000002ba6559
Event: 3600.945 Thread 0x000000001d0f0800 Exception <a 'java/io/FileNotFoundException'> (0x00000000d658b740) thrown at [C:\re\workspace\8-2-build-windows-amd64-cygwin\jdk8u221\13320\hotspot\src\share\vm\prims\jni.cpp, line 710]
Event: 3601.067 Thread 0x000000001d0f0800 Implicit null exception at 0x000000000387d89d to 0x0000000003882d25
Event: 3601.076 Thread 0x000000001d0ee000 Implicit null exception at 0x00000000038c828f to 0x00000000038cf2d5
Event: 3601.077 Thread 0x000000001d0f0800 Exception <a 'java/lang/ClassNotFoundException': org/springframework/beans/factory/groovy/GroovyBeanDefinitionReaderBeanInfo> (0x00000000d6c8f5e8) thrown at [C:\re\workspace\8-2-build-windows-amd64-cygwin\jdk8u221\13320\hotspot\src\share\vm\classfile\syst
Event: 3601.078 Thread 0x000000001d0f0800 Exception <a 'java/lang/ClassNotFoundException': org/springframework/beans/factory/support/AbstractBeanDefinitionReaderBeanInfo> (0x00000000d6caa358) thrown at [C:\re\workspace\8-2-build-windows-amd64-cygwin\jdk8u221\13320\hotspot\src\share\vm\classfile\s
Event: 3601.078 Thread 0x000000001d0f0800 Exception <a 'java/lang/ClassNotFoundException': java/lang/ObjectBeanInfo> (0x00000000d6cb1cb8) thrown at [C:\re\workspace\8-2-build-windows-amd64-cygwin\jdk8u221\13320\hotspot\src\share\vm\classfile\systemDictionary.cpp, line 210]
Event: 3601.078 Thread 0x000000001d0f0800 Exception <a 'java/lang/ClassNotFoundException': java/lang/ObjectCustomizer> (0x00000000d6cb95f0) thrown at [C:\re\workspace\8-2-build-windows-amd64-cygwin\jdk8u221\13320\hotspot\src\share\vm\classfile\systemDictionary.cpp, line 210]
Event: 3601.079 Thread 0x000000001d0f0800 Exception <a 'java/lang/ClassNotFoundException': org/springframework/beans/factory/support/AbstractBeanDefinitionReaderCustomizer> (0x00000000d6cd99e8) thrown at [C:\re\workspace\8-2-build-windows-amd64-cygwin\jdk8u221\13320\hotspot\src\share\vm\classfile
Event: 3601.080 Thread 0x000000001d0f0800 Exception <a 'java/lang/ClassNotFoundException': org/springframework/beans/factory/groovy/GroovyBeanDefinitionReaderCustomizer> (0x00000000d6d08978) thrown at [C:\re\workspace\8-2-build-windows-amd64-cygwin\jdk8u221\13320\hotspot\src\share\vm\classfile\sy

Events (10 events):
Event: 3601.088 Thread 0x000000001d0f0800 DEOPT PACKING pc=0x0000000003915f24 sp=0x000000001ab9dc70
Event: 3601.088 Thread 0x000000001d0f0800 DEOPT UNPACKING pc=0x000000000276583b sp=0x000000001ab9dc70 mode 2
Event: 3601.090 Thread 0x0000000018a13000 flushing nmethod 0x0000000002e09cd0
Event: 3601.093 Thread 0x0000000018a13000 flushing nmethod 0x0000000003063ad0
Event: 3601.097 Thread 0x0000000018a13000 flushing nmethod 0x00000000030f5e50
Event: 3601.101 loading class javax/inject/Named
Event: 3601.101 loading class javax/inject/Named done
Event: 3601.101 loading class javax/inject$Named
Event: 3601.101 loading class javax/inject$Named done
Event: 3601.112 Thread 0x0000000018a13000 flushing nmethod 0x00000000035563d0


Dynamic libraries:
0x00007ff7d3ef0000 - 0x00007ff7d3f27000 	C:\Program Files\Java\jre1.8.0_221\bin\javaw.exe
0x00007ff926800000 - 0x00007ff9269ad000 	C:\Windows\SYSTEM32\ntdll.dll
0x00007ff925fb0000 - 0x00007ff9260ef000 	C:\Windows\system32\KERNEL32.DLL
0x00007ff923d40000 - 0x00007ff923e56000 	C:\Windows\system32\KERNELBASE.dll
0x00007ff9224f0000 - 0x00007ff92257e000 	C:\Windows\system32\apphelp.dll
0x00007ff90dd90000 - 0x00007ff90dde5000 	C:\Windows\AppPatch\AppPatch64\AcGenral.DLL
0x00007ff926380000 - 0x00007ff92642a000 	C:\Windows\system32\msvcrt.dll
0x00007ff923e60000 - 0x00007ff923e8e000 	C:\Windows\system32\SspiCli.dll
0x00007ff9264a0000 - 0x00007ff9264f4000 	C:\Windows\system32\SHLWAPI.dll
0x00007ff924390000 - 0x00007ff924507000 	C:\Windows\system32\USER32.dll
0x00007ff923e90000 - 0x00007ff924024000 	C:\Windows\system32\ole32.dll
0x00007ff924510000 - 0x00007ff925a3b000 	C:\Windows\system32\SHELL32.dll
0x00007ff922f50000 - 0x00007ff922f71000 	C:\Windows\SYSTEM32\USERENV.dll
0x00007ff924110000 - 0x00007ff9241ba000 	C:\Windows\system32\ADVAPI32.dll
0x00007ff91b670000 - 0x00007ff91b68e000 	C:\Windows\SYSTEM32\MPR.dll
0x00007ff925e60000 - 0x00007ff925fa0000 	C:\Windows\system32\RPCRT4.dll
0x00007ff924070000 - 0x00007ff9240c9000 	C:\Windows\SYSTEM32\sechost.dll
0x00007ff925a40000 - 0x00007ff925c50000 	C:\Windows\SYSTEM32\combase.dll
0x00007ff925c50000 - 0x00007ff925d9c000 	C:\Windows\system32\GDI32.dll
0x00007ff923930000 - 0x00007ff923945000 	C:\Windows\SYSTEM32\profapi.dll
0x00007ff921fa0000 - 0x00007ff922052000 	C:\Windows\SYSTEM32\SHCORE.dll
0x00007ff9240d0000 - 0x00007ff924106000 	C:\Windows\system32\IMM32.DLL
0x00007ff9241c0000 - 0x00007ff924312000 	C:\Windows\system32\MSCTF.dll
0x00007ff921b20000 - 0x00007ff921d9b000 	C:\Windows\WinSxS\amd64_microsoft.windows.common-controls_6595b64144ccf1df_6.0.9600.19394_none_62486577ecb635cf\COMCTL32.dll
0x0000000055730000 - 0x0000000055802000 	C:\Program Files\Java\jre1.8.0_221\bin\msvcr100.dll
0x0000000055810000 - 0x00000000560b5000 	C:\Program Files\Java\jre1.8.0_221\bin\server\jvm.dll
0x00007ff90dad0000 - 0x00007ff90dad9000 	C:\Windows\SYSTEM32\WSOCK32.dll
0x00007ff915990000 - 0x00007ff9159b2000 	C:\Windows\SYSTEM32\WINMM.dll
0x00007ff91bdd0000 - 0x00007ff91bdda000 	C:\Windows\SYSTEM32\VERSION.dll
0x00007ff926430000 - 0x00007ff926437000 	C:\Windows\system32\PSAPI.DLL
0x00007ff926440000 - 0x00007ff92649a000 	C:\Windows\system32\WS2_32.dll
0x00007ff915960000 - 0x00007ff91598a000 	C:\Windows\SYSTEM32\WINMMBASE.dll
0x00007ff924060000 - 0x00007ff924069000 	C:\Windows\system32\NSI.dll
0x00007ff923cf0000 - 0x00007ff923d3f000 	C:\Windows\SYSTEM32\cfgmgr32.dll
0x00007ff922740000 - 0x00007ff922768000 	C:\Windows\SYSTEM32\DEVOBJ.dll
0x00007ff91bf90000 - 0x00007ff91bf9f000 	C:\Program Files\Java\jre1.8.0_221\bin\verify.dll
0x00007ff9045a0000 - 0x00007ff9045c9000 	C:\Program Files\Java\jre1.8.0_221\bin\java.dll
0x00007ff90fcb0000 - 0x00007ff90fcc6000 	C:\Program Files\Java\jre1.8.0_221\bin\zip.dll
0x00007ff90fce0000 - 0x00007ff90fced000 	C:\Program Files\Java\jre1.8.0_221\bin\management.dll
0x00007ff9044a0000 - 0x00007ff9044ba000 	C:\Program Files\Java\jre1.8.0_221\bin\net.dll
0x00007ff91d540000 - 0x00007ff91d6ca000 	C:\Windows\SYSTEM32\urlmon.dll
0x00007ff91d270000 - 0x00007ff91d53c000 	C:\Windows\SYSTEM32\iertutil.dll
0x00007ff91cdb0000 - 0x00007ff91d25c000 	C:\Windows\SYSTEM32\WININET.dll
0x00007ff9231e0000 - 0x00007ff923239000 	C:\Windows\system32\mswsock.dll
0x00007ff90fdd0000 - 0x00007ff90fde5000 	C:\Windows\system32\napinsp.dll
0x00007ff90fdf0000 - 0x00007ff90fe0a000 	C:\Windows\system32\pnrpnsp.dll
0x00007ff9205a0000 - 0x00007ff9205bb000 	C:\Windows\system32\NLAapi.dll
0x00007ff922fc0000 - 0x00007ff923064000 	C:\Windows\SYSTEM32\DNSAPI.dll
0x00007ff90fe10000 - 0x00007ff90fe1d000 	C:\Windows\System32\winrnr.dll
0x00007ff90fe20000 - 0x00007ff90fe34000 	C:\Windows\system32\wshbth.dll
0x00007ff915700000 - 0x00007ff91570a000 	C:\Windows\System32\rasadhlp.dll
0x00007ff91df00000 - 0x00007ff91df2a000 	C:\Windows\SYSTEM32\IPHLPAPI.DLL
0x00007ff91dee0000 - 0x00007ff91deea000 	C:\Windows\SYSTEM32\WINNSI.DLL
0x00007ff91ddc0000 - 0x00007ff91de2b000 	C:\Windows\System32\fwpuclnt.dll
0x00007ff904310000 - 0x00007ff904322000 	C:\Program Files\Java\jre1.8.0_221\bin\nio.dll
0x00007ff923240000 - 0x00007ff923260000 	C:\Windows\SYSTEM32\CRYPTSP.dll
0x00007ff922e40000 - 0x00007ff922e76000 	C:\Windows\system32\rsaenh.dll
0x00007ff923490000 - 0x00007ff9234b6000 	C:\Windows\SYSTEM32\bcrypt.dll
0x00007ff923800000 - 0x00007ff923863000 	C:\Windows\system32\bcryptprimitives.dll
0x00007ff923870000 - 0x00007ff92387b000 	C:\Windows\SYSTEM32\CRYPTBASE.dll
0x00007ff91cd90000 - 0x00007ff91cda6000 	C:\Windows\SYSTEM32\dhcpcsvc6.DLL
0x00007ff91db50000 - 0x00007ff91db6a000 	C:\Windows\SYSTEM32\dhcpcsvc.DLL

VM Arguments:
jvm_args: -Dfile.encoding=UTF-8 
java_command: org.opendevup.TpSpringMvcApplication
java_class_path (initial): C:\Program Files\Java\jre1.8.0_221\lib\resources.jar;C:\Program Files\Java\jre1.8.0_221\lib\rt.jar;C:\Program Files\Java\jre1.8.0_221\lib\jsse.jar;C:\Program Files\Java\jre1.8.0_221\lib\jce.jar;C:\Program Files\Java\jre1.8.0_221\lib\charsets.jar;C:\Program Files\Java\jre1.8.0_221\lib\jfr.jar;C:\Program Files\Java\jre1.8.0_221\lib\ext\access-bridge-64.jar;C:\Program Files\Java\jre1.8.0_221\lib\ext\cldrdata.jar;C:\Program Files\Java\jre1.8.0_221\lib\ext\dnsns.jar;C:\Program Files\Java\jre1.8.0_221\lib\ext\jaccess.jar;C:\Program Files\Java\jre1.8.0_221\lib\ext\jfxrt.jar;C:\Program Files\Java\jre1.8.0_221\lib\ext\localedata.jar;C:\Program Files\Java\jre1.8.0_221\lib\ext\nashorn.jar;C:\Program Files\Java\jre1.8.0_221\lib\ext\sunec.jar;C:\Program Files\Java\jre1.8.0_221\lib\ext\sunjce_provider.jar;C:\Program Files\Java\jre1.8.0_221\lib\ext\sunmscapi.jar;C:\Program Files\Java\jre1.8.0_221\lib\ext\sunpkcs11.jar;C:\Program Files\Java\jre1.8.0_221\lib\ext\zipfs.jar;C:\Users\HP NOTEBOOK\Documents\workspace-sts-3.9.4.RELEASE\tp-spring-mvc\target\classes;C:\Users\HP NOTEBOOK\.m2\repository\org\springframework\boot\spring-boot-starter-data-jpa\1.4.3.RELEASE\spring-boot-starter-data-jpa-1.4.3.RELEASE.jar;C:\Users\HP NOTEBOOK\.m2\repository\org\springframework\boot\spring-boot-starter\1.4.3.RELEASE\spring-boot-starter-1.4.3.RELEASE.jar;C:\Users\HP NOTEBOOK\.m2\repository\org\springframework\boot\spring-boot-starter-logging\1.4.3.RELEASE\spring-boot-starter-logging-1.4.3.RELEASE.jar;C:\Users\HP NOTEBOOK\.m2\repository\ch\qos\logback\logback-classic\1.1.8\logback-classic-1.1.8.jar;C:\Users\HP NOTEBOOK\.m2\repository\ch\qos\logback\logback-core\1.1.8\logback-core-1.1.8.jar;C:\Users\HP NOTEBOOK\.m2\repository\org\slf4j\jul-to-slf4j\1.7.22\jul-to-slf4j-1.7.22.jar;C:\Users\HP NOTEBOOK\.m2\repository\org\slf4j\log4j-over-slf4j\1.7.22\log4j-over-slf4j-1.7.22.jar;C:\Users\HP NOTEBOOK\.m2\repository\org\yaml\snakeyaml\1.17\snakeyaml-1.17.jar;C:\Users\HP NOTEBOOK\
Launcher Type: SUN_STANDARD

Environment Variables:
JAVA_HOME=C:\Program Files\Java\jdk-10.0.1
PATH=C:/Program Files/Java/jre1.8.0_221/bin/server;C:/Program Files/Java/jre1.8.0_221/bin;C:/Program Files/Java/jre1.8.0_221/lib/amd64;C:\Program Files (x86)\Common Files\Oracle\Java\javapath;C:\cygwin64\bin;C:\Program Files\Microsoft SQL Server\130\Tools\Binn\;C:\Program Files\Microsoft SQL Server\Client SDK\ODBC\130\Tools\Binn\;C:\Program Files\Microsoft SQL Server\130\DTS\Binn\;;C:\Program Files (x86)\Microsoft VS Code\bin;C:\Users\HP NOTEBOOK\AppData\Roaming\npm;C:\Users\HP NOTEBOOK\AppData\Local\Programs\Microsoft VS Code\bin;C:\Users\HP NOTEBOOK\Downloads\Compressed\spring-tool-suite-3.9.4.RELEASE-e4.7.3a-win32-x86_64_2\sts-bundle\sts-3.9.4.RELEASE;
USERNAME=HP NOTEBOOK
OS=Windows_NT
PROCESSOR_IDENTIFIER=Intel64 Family 6 Model 78 Stepping 3, GenuineIntel



---------------  S Y S T E M  ---------------

OS: Windows 8.1 , 64 bit Build 9600 (6.3.9600.19538)

CPU:total 4 (initial active 4) (2 cores per cpu, 2 threads per core) family 6 model 78 stepping 3, cmov, cx8, fxsr, mmx, sse, sse2, sse3, ssse3, sse4.1, sse4.2, popcnt, avx, avx2, aes, clmul, erms, 3dnowpref, lzcnt, ht, tsc, tscinvbit, bmi1, bmi2, adx

Memory: 4k page, physical 8285184k(1585832k free), swap 8809472k(6660k free)

vm_info: Java HotSpot(TM) 64-Bit Server VM (25.221-b11) for windows-amd64 JRE (1.8.0_221-b11), built on Jul  4 2019 04:39:29 by "java_re" with MS VC++ 10.0 (VS2010)

time: Mon Dec 23 12:29:43 2019
timezone: Paris, Madrid
elapsed time: 3601 seconds (0d 1h 0m 1s)

