#
# There is insufficient memory for the Java Runtime Environment to continue.
# Native memory allocation (malloc) failed to allocate 1048576 bytes for AllocateHeap
# Possible reasons:
#   The system is out of physical RAM or swap space
#   The process is running with CompressedOops enabled, and the Java Heap may be blocking the growth of the native heap
# Possible solutions:
#   Reduce memory load on the system
#   Increase physical memory or swap space
#   Check if swap backing store is full
#   Decrease Java heap size (-Xmx/-Xms)
#   Decrease number of Java threads
#   Decrease Java thread stack sizes (-Xss)
#   Set larger code cache with -XX:ReservedCodeCacheSize=
#   JVM is running with Unscaled Compressed Oops mode in which the Java heap is
#     placed in the first 4GB address space. The Java Heap base address is the
#     maximum limit for the native heap growth. Please use -XX:HeapBaseMinAddress
#     to set the Java Heap base and to place the Java Heap above 4GB virtual address.
# This output file may be truncated or incomplete.
#
#  Out of Memory Error (memory/allocation.inline.hpp:61), pid=13428, tid=0x0000000000003084
#
# JRE version:  (8.0_201-b09) (build )
# Java VM: Java HotSpot(TM) 64-Bit Server VM (25.201-b09 mixed mode windows-amd64 compressed oops)
# Failed to write core dump. Minidumps are not enabled by default on client versions of Windows
#

---------------  T H R E A D  ---------------

Current thread (0x0000000001f75800):  JavaThread "Unknown thread" [_thread_in_vm, id=12420, stack(0x0000000001de0000,0x0000000001ee0000)]

Stack: [0x0000000001de0000,0x0000000001ee0000]
[error occurred during error reporting (printing stack bounds), id 0xc0000005]

Native frames: (J=compiled Java code, j=interpreted, Vv=VM code, C=native code)


---------------  P R O C E S S  ---------------

Java Threads: ( => current thread )

Other Threads:

=>0x0000000001f75800 (exited) JavaThread "Unknown thread" [_thread_in_vm, id=12420, stack(0x0000000001de0000,0x0000000001ee0000)]

VM state:not at safepoint (normal execution)

VM Mutex/Monitor currently owned by a thread: None

heap address: 0x0000000081800000, size: 2024 MB, Compressed Oops mode: 32-bit
Narrow klass base: 0x0000000000000000, Narrow klass shift: 3
Compressed class space size: 1073741824 Address: 0x0000000100000000

Heap:
 PSYoungGen      total 38400K, used 665K [0x00000000d5d80000, 0x00000000d8800000, 0x0000000100000000)
  eden space 33280K, 2% used [0x00000000d5d80000,0x00000000d5e26670,0x00000000d7e00000)
  from space 5120K, 0% used [0x00000000d8300000,0x00000000d8300000,0x00000000d8800000)
  to   space 5120K, 0% used [0x00000000d7e00000,0x00000000d7e00000,0x00000000d8300000)
 ParOldGen       total 87552K, used 0K [0x0000000081800000, 0x0000000086d80000, 0x00000000d5d80000)
  object space 87552K, 0% used [0x0000000081800000,0x0000000081800000,0x0000000086d80000)
 Metaspace       used 751K, capacity 4480K, committed 4480K, reserved 1056768K
  class space    used 76K, capacity 384K, committed 384K, reserved 1048576K

Card table byte_map: [0x0000000011430000,0x0000000011830000] byte_map_base: 0x0000000011024000

Marking Bits: (ParMarkBitMap*) 0x0000000073244ce0
 Begin Bits: [0x0000000011ee0000, 0x0000000013e80000)
 End Bits:   [0x0000000013e80000, 0x0000000015e20000)

Polling page: 0x0000000000420000

CodeCache: size=245760Kb used=328Kb max_used=328Kb free=245431Kb
 bounds [0x0000000002070000, 0x00000000022e0000, 0x0000000011070000]
 total_blobs=58 nmethods=0 adapters=38
 compilation: enabled

Compilation events (0 events):
No events

GC Heap History (0 events):
No events

Deoptimization events (0 events):
No events

Classes redefined (0 events):
No events

Internal exceptions (0 events):
No events

Events (10 events):
Event: 0.038 loading class java/lang/Short
Event: 0.038 loading class java/lang/Short done
Event: 0.038 loading class java/lang/Integer
Event: 0.038 loading class java/lang/Integer done
Event: 0.038 loading class java/lang/Long
Event: 0.038 loading class java/lang/Long done
Event: 0.039 loading class java/lang/NullPointerException
Event: 0.039 loading class java/lang/NullPointerException done
Event: 0.039 loading class java/lang/ArithmeticException
Event: 0.039 loading class java/lang/ArithmeticException done


Dynamic libraries:
0x00007ff78ec50000 - 0x00007ff78ec87000 	C:\Program Files\Java\jre1.8.0_201\bin\javaw.exe
0x00007ffbb66a0000 - 0x00007ffbb684d000 	C:\Windows\SYSTEM32\ntdll.dll
0x00007ffbb5ad0000 - 0x00007ffbb5c0f000 	C:\Windows\system32\KERNEL32.DLL
0x00007ffbb38a0000 - 0x00007ffbb39b6000 	C:\Windows\system32\KERNELBASE.dll
0x00007ffbb21b0000 - 0x00007ffbb223e000 	C:\Windows\system32\apphelp.dll
0x00007ffb9e820000 - 0x00007ffb9e874000 	C:\Windows\AppPatch\AppPatch64\AcGenral.DLL
0x00007ffbb5720000 - 0x00007ffbb57ca000 	C:\Windows\system32\msvcrt.dll
0x00007ffbb3870000 - 0x00007ffbb389e000 	C:\Windows\system32\SspiCli.dll
0x00007ffbb5c70000 - 0x00007ffbb5cc4000 	C:\Windows\system32\SHLWAPI.dll
0x00007ffbb3d00000 - 0x00007ffbb3e77000 	C:\Windows\system32\USER32.dll
0x00007ffbb63b0000 - 0x00007ffbb6544000 	C:\Windows\system32\ole32.dll
0x00007ffbb3f50000 - 0x00007ffbb547b000 	C:\Windows\system32\SHELL32.dll
0x00007ffbb2d60000 - 0x00007ffbb2d81000 	C:\Windows\SYSTEM32\USERENV.dll
0x00007ffbb5660000 - 0x00007ffbb570a000 	C:\Windows\system32\ADVAPI32.dll
0x00007ffbabda0000 - 0x00007ffbabdbe000 	C:\Windows\SYSTEM32\MPR.dll
0x00007ffbb5990000 - 0x00007ffbb5ad0000 	C:\Windows\system32\RPCRT4.dll
0x00007ffbb6610000 - 0x00007ffbb6669000 	C:\Windows\SYSTEM32\sechost.dll
0x00007ffbb5f60000 - 0x00007ffbb6170000 	C:\Windows\SYSTEM32\combase.dll
0x00007ffbb6180000 - 0x00007ffbb62cc000 	C:\Windows\system32\GDI32.dll
0x00007ffbb37a0000 - 0x00007ffbb37b5000 	C:\Windows\SYSTEM32\profapi.dll
0x00007ffbb18c0000 - 0x00007ffbb1972000 	C:\Windows\SYSTEM32\SHCORE.dll
0x00007ffbb5c30000 - 0x00007ffbb5c66000 	C:\Windows\system32\IMM32.DLL
0x00007ffbb5830000 - 0x00007ffbb5981000 	C:\Windows\system32\MSCTF.dll
0x00007ffbb10d0000 - 0x00007ffbb134b000 	C:\Windows\WinSxS\amd64_microsoft.windows.common-controls_6595b64144ccf1df_6.0.9600.19291_none_6248a9f3ecb5e89b\COMCTL32.dll
0x0000000076340000 - 0x0000000076411000 	C:\Program Files\Java\jre1.8.0_201\bin\msvcr100.dll
0x0000000072a20000 - 0x00000000732c4000 	C:\Program Files\Java\jre1.8.0_201\bin\server\jvm.dll
0x00007ffb9d4a0000 - 0x00007ffb9d4a9000 	C:\Windows\SYSTEM32\WSOCK32.dll
0x00007ffba5840000 - 0x00007ffba5862000 	C:\Windows\SYSTEM32\WINMM.dll
0x00007ffbabd90000 - 0x00007ffbabd9a000 	C:\Windows\SYSTEM32\VERSION.dll
0x00007ffbb62d0000 - 0x00007ffbb62d7000 	C:\Windows\system32\PSAPI.DLL
0x00007ffbb57d0000 - 0x00007ffbb582a000 	C:\Windows\system32\WS2_32.dll
0x00007ffba5810000 - 0x00007ffba583a000 	C:\Windows\SYSTEM32\WINMMBASE.dll
0x00007ffbb6170000 - 0x00007ffbb6179000 	C:\Windows\system32\NSI.dll
0x00007ffbb3ba0000 - 0x00007ffbb3bef000 	C:\Windows\SYSTEM32\cfgmgr32.dll
0x00007ffbb25d0000 - 0x00007ffbb25f8000 	C:\Windows\SYSTEM32\DEVOBJ.dll
0x00007ffb7c4c0000 - 0x00007ffb7c4cf000 	C:\Program Files\Java\jre1.8.0_201\bin\verify.dll
0x00007ffb7c490000 - 0x00007ffb7c4b9000 	C:\Program Files\Java\jre1.8.0_201\bin\java.dll
0x00007ffb7c470000 - 0x00007ffb7c486000 	C:\Program Files\Java\jre1.8.0_201\bin\zip.dll

VM Arguments:
jvm_args: -Dcom.sun.management.jmxremote -Dcom.sun.management.jmxremote.port=50856 -Dcom.sun.management.jmxremote.authenticate=false -Dcom.sun.management.jmxremote.ssl=false -Djava.rmi.server.hostname=localhost -Dspring.liveBeansView.mbeanDomain -Dspring.application.admin.enabled=true -Xverify:none -XX:TieredStopAtLevel=1 -Dfile.encoding=UTF-8 
java_command: org.opendevup.TpSpringMvcApplication --spring.output.ansi.enabled=always
java_class_path (initial): C:\Program Files\Java\jre1.8.0_201\lib\resources.jar;C:\Program Files\Java\jre1.8.0_201\lib\rt.jar;C:\Program Files\Java\jre1.8.0_201\lib\jsse.jar;C:\Program Files\Java\jre1.8.0_201\lib\jce.jar;C:\Program Files\Java\jre1.8.0_201\lib\charsets.jar;C:\Program Files\Java\jre1.8.0_201\lib\jfr.jar;C:\Program Files\Java\jre1.8.0_201\lib\ext\access-bridge-64.jar;C:\Program Files\Java\jre1.8.0_201\lib\ext\cldrdata.jar;C:\Program Files\Java\jre1.8.0_201\lib\ext\dnsns.jar;C:\Program Files\Java\jre1.8.0_201\lib\ext\jaccess.jar;C:\Program Files\Java\jre1.8.0_201\lib\ext\jfxrt.jar;C:\Program Files\Java\jre1.8.0_201\lib\ext\localedata.jar;C:\Program Files\Java\jre1.8.0_201\lib\ext\nashorn.jar;C:\Program Files\Java\jre1.8.0_201\lib\ext\sunec.jar;C:\Program Files\Java\jre1.8.0_201\lib\ext\sunjce_provider.jar;C:\Program Files\Java\jre1.8.0_201\lib\ext\sunmscapi.jar;C:\Program Files\Java\jre1.8.0_201\lib\ext\sunpkcs11.jar;C:\Program Files\Java\jre1.8.0_201\lib\ext\zipfs.jar;C:\Users\HP NOTEBOOK\Documents\workspace-sts-3.9.4.RELEASE\tp-spring-mvc\target\classes;C:\Users\HP NOTEBOOK\.m2\repository\org\springframework\boot\spring-boot-starter-data-jpa\1.4.3.RELEASE\spring-boot-starter-data-jpa-1.4.3.RELEASE.jar;C:\Users\HP NOTEBOOK\.m2\repository\org\springframework\boot\spring-boot-starter\1.4.3.RELEASE\spring-boot-starter-1.4.3.RELEASE.jar;C:\Users\HP NOTEBOOK\.m2\repository\org\springframework\boot\spring-boot-starter-logging\1.4.3.RELEASE\spring-boot-starter-logging-1.4.3.RELEASE.jar;C:\Users\HP NOTEBOOK\.m2\repository\ch\qos\logback\logback-classic\1.1.8\logback-classic-1.1.8.jar;C:\Users\HP NOTEBOOK\.m2\repository\ch\qos\logback\logback-core\1.1.8\logback-core-1.1.8.jar;C:\Users\HP NOTEBOOK\.m2\repository\org\slf4j\jul-to-slf4j\1.7.22\jul-to-slf4j-1.7.22.jar;C:\Users\HP NOTEBOOK\.m2\repository\org\slf4j\log4j-over-slf4j\1.7.22\log4j-over-slf4j-1.7.22.jar;C:\Users\HP NOTEBOOK\.m2\repository\org\yaml\snakeyaml\1.17\snakeyaml-1.17.jar;C:\Users\HP NOTEBOOK\
Launcher Type: SUN_STANDARD

Environment Variables:
JAVA_HOME=C:\Program Files\Java\jdk-10.0.1
PATH=C:/Program Files/Java/jre1.8.0_201/bin/server;C:/Program Files/Java/jre1.8.0_201/bin;C:/Program Files/Java/jre1.8.0_201/lib/amd64;C:\Program Files (x86)\Common Files\Oracle\Java\javapath;C:\ProgramData\Oracle\Java\javapath;C:\Program Files (x86)\Intel\iCLS Client\;C:\Program Files\Intel\iCLS Client\;C:\Windows\system32;C:\Windows;C:\Windows\System32\Wbem;C:\Windows\System32\WindowsPowerShell\v1.0\;C:\Program Files (x86)\Intel\Intel(R) Management Engine Components\DAL;C:\Program Files\Intel\Intel(R) Management Engine Components\DAL;C:\Program Files (x86)\Intel\Intel(R) Management Engine Components\IPT;C:\Program Files\Intel\Intel(R) Management Engine Components\IPT;C:\Program Files (x86)\ATI Technologies\ATI.ACE\Core-Static;C:\Program Files (x86)\Windows Live\Shared;C:\Program Files\Microsoft SQL Server\130\Tools\Binn\;C:\Program Files\dotnet\;C:\Program Files\nodejs\;C:\Program Files\Microsoft SQL Server\Client SDK\ODBC\130\Tools\Binn\;C:\Program Files (x86)\Microsoft SQL Server\130\Tools\Binn\;C:\Program Files\Microsoft SQL Server\130\DTS\Binn\;;C:\Program Files (x86)\Microsoft VS Code\bin;C:\Users\HP NOTEBOOK\AppData\Roaming\npm;C:\Users\HP NOTEBOOK\AppData\Local\Programs\Microsoft VS Code\bin;C:\Users\HP NOTEBOOK\Downloads\Compressed\spring-tool-suite-3.9.4.RELEASE-e4.7.3a-win32-x86_64_2\sts-bundle\sts-3.9.4.RELEASE;
USERNAME=HP NOTEBOOK
OS=Windows_NT
PROCESSOR_IDENTIFIER=Intel64 Family 6 Model 78 Stepping 3, GenuineIntel



---------------  S Y S T E M  ---------------

OS: Windows 8.1 , 64 bit Build 9600 (6.3.9600.19326)

CPU:total 4 (initial active 4) (2 cores per cpu, 2 threads per core) family 6 model 78 stepping 3, cmov, cx8, fxsr, mmx, sse, sse2, sse3, ssse3, sse4.1, sse4.2, popcnt, avx, avx2, aes, clmul, erms, 3dnowpref, lzcnt, ht, tsc, tscinvbit, bmi1, bmi2, adx

Memory: 4k page, physical 8285184k(2027260k free), swap 8809472k(5360k free)

vm_info: Java HotSpot(TM) 64-Bit Server VM (25.201-b09) for windows-amd64 JRE (1.8.0_201-b09), built on Dec 15 2018 18:36:39 by "java_re" with MS VC++ 10.0 (VS2010)

time: Sat Apr 20 15:04:51 2019
timezone: Paris, Madrid
elapsed time: 0 seconds (0d 0h 0m 0s)

