#
# There is insufficient memory for the Java Runtime Environment to continue.
# Native memory allocation (malloc) failed to allocate 1081824 bytes for Chunk::new
# Possible reasons:
#   The system is out of physical RAM or swap space
#   The process is running with CompressedOops enabled, and the Java Heap may be blocking the growth of the native heap
# Possible solutions:
#   Reduce memory load on the system
#   Increase physical memory or swap space
#   Check if swap backing store is full
#   Decrease Java heap size (-Xmx/-Xms)
#   Decrease number of Java threads
#   Decrease Java thread stack sizes (-Xss)
#   Set larger code cache with -XX:ReservedCodeCacheSize=
#   JVM is running with Unscaled Compressed Oops mode in which the Java heap is
#     placed in the first 4GB address space. The Java Heap base address is the
#     maximum limit for the native heap growth. Please use -XX:HeapBaseMinAddress
#     to set the Java Heap base and to place the Java Heap above 4GB virtual address.
# This output file may be truncated or incomplete.
#
#  Out of Memory Error (allocation.cpp:389), pid=15368, tid=0x0000000000001aa4
#
# JRE version: Java(TM) SE Runtime Environment (8.0_221-b11) (build 1.8.0_221-b11)
# Java VM: Java HotSpot(TM) 64-Bit Server VM (25.221-b11 mixed mode windows-amd64 compressed oops)
# Failed to write core dump. Minidumps are not enabled by default on client versions of Windows
#

---------------  T H R E A D  ---------------

Current thread (0x000000001747e800):  JavaThread "C2 CompilerThread1" daemon [_thread_in_native, id=6820, stack(0x0000000018bc0000,0x0000000018cc0000)]

Stack: [0x0000000018bc0000,0x0000000018cc0000]
[error occurred during error reporting (printing stack bounds), id 0xc0000005]

Native frames: (J=compiled Java code, j=interpreted, Vv=VM code, C=native code)


Current CompileTask:
C2:   9161 4082       4       java.security.SecureClassLoader::defineClass (16 bytes)


---------------  P R O C E S S  ---------------

Java Threads: ( => current thread )
  0x000000001da31000 JavaThread "Abandoned connection cleanup thread" daemon [_thread_blocked, id=6556, stack(0x0000000021040000,0x0000000021140000)]
  0x000000001da31800 JavaThread "Tomcat JDBC Pool Cleaner[705927765:1577960357901]" daemon [_thread_blocked, id=13424, stack(0x0000000020c50000,0x0000000020d50000)]
  0x0000000018e90000 JavaThread "container-0" [_thread_blocked, id=13392, stack(0x000000001f720000,0x000000001f820000)]
  0x000000001a1f2800 JavaThread "ContainerBackgroundProcessor[StandardEngine[Tomcat]]" daemon [_thread_blocked, id=9092, stack(0x000000001ce50000,0x000000001cf50000)]
  0x000000001eb67000 JavaThread "localhost-startStop-1" daemon [_thread_blocked, id=7460, stack(0x000000001f620000,0x000000001f720000)]
  0x00000000190d2800 JavaThread "Tomcat-startStop-1" daemon [_thread_blocked, id=15852, stack(0x000000001b380000,0x000000001b480000)]
  0x0000000019b1f800 JavaThread "restartedMain" [_thread_in_native, id=9016, stack(0x000000001ada0000,0x000000001aea0000)]
  0x00000000198dc000 JavaThread "Thread-0" [_thread_blocked, id=8788, stack(0x000000001aca0000,0x000000001ada0000)]
  0x0000000018e45000 JavaThread "Service Thread" daemon [_thread_blocked, id=3356, stack(0x00000000191c0000,0x00000000192c0000)]
  0x0000000017481800 JavaThread "C1 CompilerThread2" daemon [_thread_blocked, id=3876, stack(0x0000000018cc0000,0x0000000018dc0000)]
=>0x000000001747e800 JavaThread "C2 CompilerThread1" daemon [_thread_in_native, id=6820, stack(0x0000000018bc0000,0x0000000018cc0000)]
  0x000000001747d000 JavaThread "C2 CompilerThread0" daemon [_thread_blocked, id=9304, stack(0x0000000018ac0000,0x0000000018bc0000)]
  0x000000001747b800 JavaThread "Attach Listener" daemon [_thread_blocked, id=9156, stack(0x00000000189c0000,0x0000000018ac0000)]
  0x00000000174c7800 JavaThread "Signal Dispatcher" daemon [_thread_blocked, id=10096, stack(0x00000000188c0000,0x00000000189c0000)]
  0x000000001745c800 JavaThread "Finalizer" daemon [_thread_blocked, id=14908, stack(0x00000000186c0000,0x00000000187c0000)]
  0x0000000017439000 JavaThread "Reference Handler" daemon [_thread_blocked, id=11076, stack(0x00000000185c0000,0x00000000186c0000)]
  0x0000000002825800 JavaThread "main" [_thread_blocked, id=11428, stack(0x0000000002720000,0x0000000002820000)]

Other Threads:
  0x0000000017437800 VMThread [stack: 0x00000000184c0000,0x00000000185c0000] [id=15340]
  0x0000000018e71000 WatcherThread [stack: 0x00000000192c0000,0x00000000193c0000] [id=13632]

VM state:not at safepoint (normal execution)

VM Mutex/Monitor currently owned by a thread: None

heap address: 0x0000000081800000, size: 2024 MB, Compressed Oops mode: 32-bit
Narrow klass base: 0x0000000000000000, Narrow klass shift: 3
Compressed class space size: 1073741824 Address: 0x0000000100000000

Heap:
 PSYoungGen      total 178688K, used 62850K [0x00000000d5d80000, 0x00000000e1d80000, 0x0000000100000000)
  eden space 164352K, 38% used [0x00000000d5d80000,0x00000000d9ae0bd0,0x00000000dfe00000)
  from space 14336K, 0% used [0x00000000e0d00000,0x00000000e0d00000,0x00000000e1b00000)
  to   space 15360K, 0% used [0x00000000dfe00000,0x00000000dfe00000,0x00000000e0d00000)
 ParOldGen       total 108544K, used 22601K [0x0000000081800000, 0x0000000088200000, 0x00000000d5d80000)
  object space 108544K, 20% used [0x0000000081800000,0x0000000082e12400,0x0000000088200000)
 Metaspace       used 42623K, capacity 42982K, committed 43264K, reserved 1087488K
  class space    used 5475K, capacity 5547K, committed 5632K, reserved 1048576K

Card table byte_map: [0x0000000011ce0000,0x00000000120e0000] byte_map_base: 0x00000000118d4000

Marking Bits: (ParMarkBitMap*) 0x00000000756f5ce0
 Begin Bits: [0x0000000012790000, 0x0000000014730000)
 End Bits:   [0x0000000014730000, 0x00000000166d0000)

Polling page: 0x0000000000cb0000

CodeCache: size=245760Kb used=13230Kb max_used=13266Kb free=232529Kb
 bounds [0x0000000002920000, 0x0000000003630000, 0x0000000011920000]
 total_blobs=4068 nmethods=3560 adapters=420
 compilation: enabled

Compilation events (10 events):
Event: 8.886 Thread 0x0000000017481800 4079       1       org.hibernate.loader.plan.build.internal.spaces.EntityQuerySpaceImpl::getEntityPersister (5 bytes)
Event: 8.886 Thread 0x0000000017481800 nmethod 4079 0x00000000035fffd0 code [0x0000000003600120, 0x0000000003600230]
Event: 8.896 Thread 0x000000001747e800 4081   !   4       sun.misc.Resource::getBytes (242 bytes)
Event: 8.912 Thread 0x0000000017481800 4083       3       ch.qos.logback.core.pattern.Converter::write (11 bytes)
Event: 8.913 Thread 0x0000000017481800 nmethod 4083 0x0000000002f8aa90 code [0x0000000002f8ac00, 0x0000000002f8af38]
Event: 8.913 Thread 0x0000000017481800 4084       3       ch.qos.logback.core.pattern.LiteralConverter::convert (5 bytes)
Event: 8.913 Thread 0x0000000017481800 nmethod 4084 0x0000000002f8a750 code [0x0000000002f8a8a0, 0x0000000002f8a9f0]
Event: 8.918 Thread 0x000000001747e800 nmethod 4081 0x000000000360be90 code [0x000000000360c0a0, 0x000000000360cf70]
Event: 8.918 Thread 0x000000001747e800 4082       4       java.security.SecureClassLoader::defineClass (16 bytes)
Event: 8.972 Thread 0x000000001747d000 nmethod 4023 0x00000000036155d0 code [0x0000000003615ac0, 0x000000000361be58]

GC Heap History (10 events):
Event: 3.565 GC heap before
{Heap before GC invocations=8 (full 1):
 PSYoungGen      total 96768K, used 96565K [0x00000000d5d80000, 0x00000000ded00000, 0x0000000100000000)
  eden space 94720K, 100% used [0x00000000d5d80000,0x00000000dba00000,0x00000000dba00000)
  from space 2048K, 90% used [0x00000000deb00000,0x00000000deccd540,0x00000000ded00000)
  to   space 12288K, 0% used [0x00000000dd500000,0x00000000dd500000,0x00000000de100000)
 ParOldGen       total 68608K, used 11396K [0x0000000081800000, 0x0000000085b00000, 0x00000000d5d80000)
  object space 68608K, 16% used [0x0000000081800000,0x0000000082321100,0x0000000085b00000)
 Metaspace       used 22111K, capacity 22428K, committed 22704K, reserved 1069056K
  class space    used 2713K, capacity 2796K, committed 2816K, reserved 1048576K
Event: 3.578 GC heap after
Heap after GC invocations=8 (full 1):
 PSYoungGen      total 134656K, used 9143K [0x00000000d5d80000, 0x00000000df980000, 0x0000000100000000)
  eden space 122368K, 0% used [0x00000000d5d80000,0x00000000d5d80000,0x00000000dd500000)
  from space 12288K, 74% used [0x00000000dd500000,0x00000000dddedc30,0x00000000de100000)
  to   space 12800K, 0% used [0x00000000ded00000,0x00000000ded00000,0x00000000df980000)
 ParOldGen       total 68608K, used 11404K [0x0000000081800000, 0x0000000085b00000, 0x00000000d5d80000)
  object space 68608K, 16% used [0x0000000081800000,0x0000000082323100,0x0000000085b00000)
 Metaspace       used 22111K, capacity 22428K, committed 22704K, reserved 1069056K
  class space    used 2713K, capacity 2796K, committed 2816K, reserved 1048576K
}
Event: 5.140 GC heap before
{Heap before GC invocations=9 (full 1):
 PSYoungGen      total 134656K, used 131511K [0x00000000d5d80000, 0x00000000df980000, 0x0000000100000000)
  eden space 122368K, 100% used [0x00000000d5d80000,0x00000000dd500000,0x00000000dd500000)
  from space 12288K, 74% used [0x00000000dd500000,0x00000000dddedc30,0x00000000de100000)
  to   space 12800K, 0% used [0x00000000ded00000,0x00000000ded00000,0x00000000df980000)
 ParOldGen       total 68608K, used 11404K [0x0000000081800000, 0x0000000085b00000, 0x00000000d5d80000)
  object space 68608K, 16% used [0x0000000081800000,0x0000000082323100,0x0000000085b00000)
 Metaspace       used 26154K, capacity 26606K, committed 27008K, reserved 1073152K
  class space    used 3264K, capacity 3360K, committed 3456K, reserved 1048576K
Event: 5.158 GC heap after
Heap after GC invocations=9 (full 1):
 PSYoungGen      total 146432K, used 8714K [0x00000000d5d80000, 0x00000000e1e00000, 0x0000000100000000)
  eden space 133632K, 0% used [0x00000000d5d80000,0x00000000d5d80000,0x00000000de000000)
  from space 12800K, 68% used [0x00000000ded00000,0x00000000df5828c0,0x00000000df980000)
  to   space 13312K, 0% used [0x00000000de000000,0x00000000de000000,0x00000000ded00000)
 ParOldGen       total 68608K, used 11412K [0x0000000081800000, 0x0000000085b00000, 0x00000000d5d80000)
  object space 68608K, 16% used [0x0000000081800000,0x0000000082325100,0x0000000085b00000)
 Metaspace       used 26154K, capacity 26606K, committed 27008K, reserved 1073152K
  class space    used 3264K, capacity 3360K, committed 3456K, reserved 1048576K
}
Event: 6.579 GC heap before
{Heap before GC invocations=10 (full 1):
 PSYoungGen      total 146432K, used 142346K [0x00000000d5d80000, 0x00000000e1e00000, 0x0000000100000000)
  eden space 133632K, 100% used [0x00000000d5d80000,0x00000000de000000,0x00000000de000000)
  from space 12800K, 68% used [0x00000000ded00000,0x00000000df5828c0,0x00000000df980000)
  to   space 13312K, 0% used [0x00000000de000000,0x00000000de000000,0x00000000ded00000)
 ParOldGen       total 68608K, used 11412K [0x0000000081800000, 0x0000000085b00000, 0x00000000d5d80000)
  object space 68608K, 16% used [0x0000000081800000,0x0000000082325100,0x0000000085b00000)
 Metaspace       used 31186K, capacity 31572K, committed 32000K, reserved 1077248K
  class space    used 3881K, capacity 3969K, committed 4096K, reserved 1048576K
Event: 6.602 GC heap after
Heap after GC invocations=10 (full 1):
 PSYoungGen      total 146944K, used 11055K [0x00000000d5d80000, 0x00000000e1b00000, 0x0000000100000000)
  eden space 133632K, 0% used [0x00000000d5d80000,0x00000000d5d80000,0x00000000de000000)
  from space 13312K, 83% used [0x00000000de000000,0x00000000deacbce8,0x00000000ded00000)
  to   space 14336K, 0% used [0x00000000e0d00000,0x00000000e0d00000,0x00000000e1b00000)
 ParOldGen       total 68608K, used 11420K [0x0000000081800000, 0x0000000085b00000, 0x00000000d5d80000)
  object space 68608K, 16% used [0x0000000081800000,0x0000000082327100,0x0000000085b00000)
 Metaspace       used 31186K, capacity 31572K, committed 32000K, reserved 1077248K
  class space    used 3881K, capacity 3969K, committed 4096K, reserved 1048576K
}
Event: 7.657 GC heap before
{Heap before GC invocations=11 (full 1):
 PSYoungGen      total 146944K, used 87011K [0x00000000d5d80000, 0x00000000e1b00000, 0x0000000100000000)
  eden space 133632K, 56% used [0x00000000d5d80000,0x00000000da7ad300,0x00000000de000000)
  from space 13312K, 83% used [0x00000000de000000,0x00000000deacbce8,0x00000000ded00000)
  to   space 14336K, 0% used [0x00000000e0d00000,0x00000000e0d00000,0x00000000e1b00000)
 ParOldGen       total 68608K, used 11420K [0x0000000081800000, 0x0000000085b00000, 0x00000000d5d80000)
  object space 68608K, 16% used [0x0000000081800000,0x0000000082327100,0x0000000085b00000)
 Metaspace       used 34832K, capacity 35218K, committed 35496K, reserved 1081344K
  class space    used 4416K, capacity 4518K, committed 4608K, reserved 1048576K
Event: 7.674 GC heap after
Heap after GC invocations=11 (full 1):
 PSYoungGen      total 178688K, used 13057K [0x00000000d5d80000, 0x00000000e1d80000, 0x0000000100000000)
  eden space 164352K, 0% used [0x00000000d5d80000,0x00000000d5d80000,0x00000000dfe00000)
  from space 14336K, 91% used [0x00000000e0d00000,0x00000000e19c0658,0x00000000e1b00000)
  to   space 15360K, 0% used [0x00000000dfe00000,0x00000000dfe00000,0x00000000e0d00000)
 ParOldGen       total 68608K, used 11428K [0x0000000081800000, 0x0000000085b00000, 0x00000000d5d80000)
  object space 68608K, 16% used [0x0000000081800000,0x0000000082329100,0x0000000085b00000)
 Metaspace       used 34832K, capacity 35218K, committed 35496K, reserved 1081344K
  class space    used 4416K, capacity 4518K, committed 4608K, reserved 1048576K
}
Event: 7.674 GC heap before
{Heap before GC invocations=12 (full 2):
 PSYoungGen      total 178688K, used 13057K [0x00000000d5d80000, 0x00000000e1d80000, 0x0000000100000000)
  eden space 164352K, 0% used [0x00000000d5d80000,0x00000000d5d80000,0x00000000dfe00000)
  from space 14336K, 91% used [0x00000000e0d00000,0x00000000e19c0658,0x00000000e1b00000)
  to   space 15360K, 0% used [0x00000000dfe00000,0x00000000dfe00000,0x00000000e0d00000)
 ParOldGen       total 68608K, used 11428K [0x0000000081800000, 0x0000000085b00000, 0x00000000d5d80000)
  object space 68608K, 16% used [0x0000000081800000,0x0000000082329100,0x0000000085b00000)
 Metaspace       used 34832K, capacity 35218K, committed 35496K, reserved 1081344K
  class space    used 4416K, capacity 4518K, committed 4608K, reserved 1048576K
Event: 7.781 GC heap after
Heap after GC invocations=12 (full 2):
 PSYoungGen      total 178688K, used 0K [0x00000000d5d80000, 0x00000000e1d80000, 0x0000000100000000)
  eden space 164352K, 0% used [0x00000000d5d80000,0x00000000d5d80000,0x00000000dfe00000)
  from space 14336K, 0% used [0x00000000e0d00000,0x00000000e0d00000,0x00000000e1b00000)
  to   space 15360K, 0% used [0x00000000dfe00000,0x00000000dfe00000,0x00000000e0d00000)
 ParOldGen       total 108544K, used 22601K [0x0000000081800000, 0x0000000088200000, 0x00000000d5d80000)
  object space 108544K, 20% used [0x0000000081800000,0x0000000082e12400,0x0000000088200000)
 Metaspace       used 34832K, capacity 35218K, committed 35496K, reserved 1081344K
  class space    used 4416K, capacity 4518K, committed 4608K, reserved 1048576K
}

Deoptimization events (10 events):
Event: 8.262 Thread 0x0000000019b1f800 Uncommon trap: reason=bimorphic action=maybe_recompile pc=0x00000000031e95dc method=java.lang.ClassLoader.loadClass(Ljava/lang/String;Z)Ljava/lang/Class; @ 2
Event: 8.327 Thread 0x0000000019b1f800 Uncommon trap: reason=predicate action=maybe_recompile pc=0x0000000003077c90 method=java.util.AbstractCollection.addAll(Ljava/util/Collection;)Z @ 18
Event: 8.433 Thread 0x0000000019b1f800 Uncommon trap: reason=bimorphic action=maybe_recompile pc=0x00000000031e95dc method=java.lang.ClassLoader.loadClass(Ljava/lang/String;Z)Ljava/lang/Class; @ 2
Event: 8.538 Thread 0x0000000019b1f800 Uncommon trap: reason=null_check action=make_not_entrant pc=0x00000000035932a0 method=java.lang.Class.createAnnotationData(I)Ljava/lang/Class$AnnotationData; @ 14
Event: 8.673 Thread 0x0000000019b1f800 Uncommon trap: reason=unstable_if action=reinterpret pc=0x0000000003073164 method=java.lang.reflect.Method.invoke(Ljava/lang/Object;[Ljava/lang/Object;)Ljava/lang/Object; @ 18
Event: 8.676 Thread 0x0000000019b1f800 Uncommon trap: reason=bimorphic action=maybe_recompile pc=0x0000000003389198 method=java.lang.Throwable.<init>(Ljava/lang/String;Ljava/lang/Throwable;)V @ 24
Event: 8.786 Thread 0x0000000019b1f800 Uncommon trap: reason=unstable_if action=reinterpret pc=0x0000000002ec3d4c method=java.util.HashMap.putVal(ILjava/lang/Object;Ljava/lang/Object;ZZ)Ljava/lang/Object; @ 162
Event: 8.787 Thread 0x0000000019b1f800 Uncommon trap: reason=unstable_if action=reinterpret pc=0x0000000002de62ec method=java.util.HashMap.getNode(ILjava/lang/Object;)Ljava/util/HashMap$Node; @ 84
Event: 8.787 Thread 0x0000000019b1f800 Uncommon trap: reason=unstable_if action=reinterpret pc=0x0000000002e33074 method=java.util.HashMap.resize()[Ljava/util/HashMap$Node; @ 206
Event: 8.787 Thread 0x0000000019b1f800 Uncommon trap: reason=unstable_if action=reinterpret pc=0x0000000002b47a1c method=java.util.HashMap.getNode(ILjava/lang/Object;)Ljava/util/HashMap$Node; @ 84

Classes redefined (0 events):
No events

Internal exceptions (10 events):
Event: 7.343 Thread 0x0000000019b1f800 Exception <a 'java/lang/ClassNotFoundException': org/springframework/context/weaving/LoadTimeWeaverAwareCustomizer> (0x00000000d93f24e8) thrown at [C:\re\workspace\8-2-build-windows-amd64-cygwin\jdk8u221\13320\hotspot\src\share\vm\classfile\systemDictiona
Event: 7.343 Thread 0x0000000019b1f800 Exception <a 'java/lang/ClassNotFoundException': org/springframework/beans/factory/FactoryBeanCustomizer> (0x00000000d94091c0) thrown at [C:\re\workspace\8-2-build-windows-amd64-cygwin\jdk8u221\13320\hotspot\src\share\vm\classfile\systemDictionary.cpp, li
Event: 7.343 Thread 0x0000000019b1f800 Exception <a 'java/lang/ClassNotFoundException': org/springframework/beans/factory/BeanClassLoaderAwareCustomizer> (0x00000000d9425060) thrown at [C:\re\workspace\8-2-build-windows-amd64-cygwin\jdk8u221\13320\hotspot\src\share\vm\classfile\systemDictionar
Event: 7.344 Thread 0x0000000019b1f800 Exception <a 'java/lang/ClassNotFoundException': org/springframework/beans/factory/BeanFactoryAwareCustomizer> (0x00000000d943cf20) thrown at [C:\re\workspace\8-2-build-windows-amd64-cygwin\jdk8u221\13320\hotspot\src\share\vm\classfile\systemDictionary.cp
Event: 7.345 Thread 0x0000000019b1f800 Exception <a 'java/lang/ClassNotFoundException': org/springframework/beans/factory/BeanNameAwareCustomizer> (0x00000000d9454408) thrown at [C:\re\workspace\8-2-build-windows-amd64-cygwin\jdk8u221\13320\hotspot\src\share\vm\classfile\systemDictionary.cpp, 
Event: 7.345 Thread 0x0000000019b1f800 Exception <a 'java/lang/ClassNotFoundException': org/springframework/beans/factory/InitializingBeanCustomizer> (0x00000000d946c1e8) thrown at [C:\re\workspace\8-2-build-windows-amd64-cygwin\jdk8u221\13320\hotspot\src\share\vm\classfile\systemDictionary.cp
Event: 7.346 Thread 0x0000000019b1f800 Exception <a 'java/lang/ClassNotFoundException': org/springframework/beans/factory/DisposableBeanCustomizer> (0x00000000d94828a8) thrown at [C:\re\workspace\8-2-build-windows-amd64-cygwin\jdk8u221\13320\hotspot\src\share\vm\classfile\systemDictionary.cpp,
Event: 7.346 Thread 0x0000000019b1f800 Exception <a 'java/lang/ClassNotFoundException': org/springframework/orm/jpa/EntityManagerFactoryInfoCustomizer> (0x00000000d949a450) thrown at [C:\re\workspace\8-2-build-windows-amd64-cygwin\jdk8u221\13320\hotspot\src\share\vm\classfile\systemDictionary.
Event: 7.347 Thread 0x0000000019b1f800 Exception <a 'java/lang/ClassNotFoundException': org/springframework/dao/support/PersistenceExceptionTranslatorCustomizer> (0x00000000d94bdf68) thrown at [C:\re\workspace\8-2-build-windows-amd64-cygwin\jdk8u221\13320\hotspot\src\share\vm\classfile\systemD
Event: 7.348 Thread 0x0000000019b1f800 Exception <a 'java/lang/ClassNotFoundException': java/io/SerializableCustomizer> (0x00000000d94c7388) thrown at [C:\re\workspace\8-2-build-windows-amd64-cygwin\jdk8u221\13320\hotspot\src\share\vm\classfile\systemDictionary.cpp, line 210]

Events (10 events):
Event: 8.925 loading class org/hibernate/internal/CoreMessageLogger_$logger_fr_FR
Event: 8.925 loading class org/hibernate/internal/CoreMessageLogger_$logger_fr_FR done
Event: 8.925 loading class org/hibernate/internal/CoreMessageLogger_$logger_fr
Event: 8.925 loading class org/hibernate/internal/CoreMessageLogger_$logger_fr done
Event: 8.925 loading class org/hibernate/tool/schema/extract/internal/SequenceInformationExtractorNoOpImpl
Event: 8.925 loading class org/hibernate/tool/schema/extract/internal/SequenceInformationExtractorNoOpImpl done
Event: 8.926 loading class org/hibernate/engine/jdbc/env/internal/NormalizingIdentifierHelperImpl$1
Event: 8.926 loading class org/hibernate/engine/jdbc/env/internal/NormalizingIdentifierHelperImpl$1 done
Event: 8.927 loading class com/mysql/jdbc/DatabaseMetaData$9
Event: 8.927 loading class com/mysql/jdbc/DatabaseMetaData$9 done


Dynamic libraries:
0x00007ff6df3e0000 - 0x00007ff6df417000 	C:\Program Files\Java\jre1.8.0_221\bin\javaw.exe
0x00007ffa25910000 - 0x00007ffa25abd000 	C:\Windows\SYSTEM32\ntdll.dll
0x00007ffa25100000 - 0x00007ffa2523f000 	C:\Windows\system32\KERNEL32.DLL
0x00007ffa22e80000 - 0x00007ffa22f96000 	C:\Windows\system32\KERNELBASE.dll
0x00007ffa21600000 - 0x00007ffa2168e000 	C:\Windows\system32\apphelp.dll
0x00007ffa0d6c0000 - 0x00007ffa0d715000 	C:\Windows\AppPatch\AppPatch64\AcGenral.DLL
0x00007ffa24bd0000 - 0x00007ffa24c7a000 	C:\Windows\system32\msvcrt.dll
0x00007ffa22b70000 - 0x00007ffa22b9e000 	C:\Windows\system32\SspiCli.dll
0x00007ffa24c80000 - 0x00007ffa24cd4000 	C:\Windows\system32\SHLWAPI.dll
0x00007ffa24f80000 - 0x00007ffa250f7000 	C:\Windows\system32\USER32.dll
0x00007ffa256f0000 - 0x00007ffa25884000 	C:\Windows\system32\ole32.dll
0x00007ffa22fa0000 - 0x00007ffa244cb000 	C:\Windows\system32\SHELL32.dll
0x00007ffa22060000 - 0x00007ffa22081000 	C:\Windows\SYSTEM32\USERENV.dll
0x00007ffa24ec0000 - 0x00007ffa24f6a000 	C:\Windows\system32\ADVAPI32.dll
0x00007ffa1a740000 - 0x00007ffa1a75e000 	C:\Windows\SYSTEM32\MPR.dll
0x00007ffa248a0000 - 0x00007ffa249e0000 	C:\Windows\system32\RPCRT4.dll
0x00007ffa24da0000 - 0x00007ffa24df9000 	C:\Windows\SYSTEM32\sechost.dll
0x00007ffa254c0000 - 0x00007ffa256d0000 	C:\Windows\SYSTEM32\combase.dll
0x00007ffa25240000 - 0x00007ffa2538c000 	C:\Windows\system32\GDI32.dll
0x00007ffa22a40000 - 0x00007ffa22a55000 	C:\Windows\SYSTEM32\profapi.dll
0x00007ffa20e10000 - 0x00007ffa20ec2000 	C:\Windows\SYSTEM32\SHCORE.dll
0x00007ffa246a0000 - 0x00007ffa246d6000 	C:\Windows\system32\IMM32.DLL
0x00007ffa244d0000 - 0x00007ffa24622000 	C:\Windows\system32\MSCTF.dll
0x00007ffa20400000 - 0x00007ffa2067b000 	C:\Windows\WinSxS\amd64_microsoft.windows.common-controls_6595b64144ccf1df_6.0.9600.19394_none_62486577ecb635cf\COMCTL32.dll
0x0000000072ec0000 - 0x0000000072f92000 	C:\Program Files\Java\jre1.8.0_221\bin\msvcr100.dll
0x0000000074ed0000 - 0x0000000075775000 	C:\Program Files\Java\jre1.8.0_221\bin\server\jvm.dll
0x00007ffa0c900000 - 0x00007ffa0c909000 	C:\Windows\SYSTEM32\WSOCK32.dll
0x00007ffa14a50000 - 0x00007ffa14a72000 	C:\Windows\SYSTEM32\WINMM.dll
0x00007ffa1af00000 - 0x00007ffa1af0a000 	C:\Windows\SYSTEM32\VERSION.dll
0x00007ffa25900000 - 0x00007ffa25907000 	C:\Windows\system32\PSAPI.DLL
0x00007ffa25460000 - 0x00007ffa254ba000 	C:\Windows\system32\WS2_32.dll
0x00007ffa14a20000 - 0x00007ffa14a4a000 	C:\Windows\SYSTEM32\WINMMBASE.dll
0x00007ffa249e0000 - 0x00007ffa249e9000 	C:\Windows\system32\NSI.dll
0x00007ffa22ba0000 - 0x00007ffa22bef000 	C:\Windows\SYSTEM32\cfgmgr32.dll
0x00007ffa21880000 - 0x00007ffa218a8000 	C:\Windows\SYSTEM32\DEVOBJ.dll
0x00007ffa200e0000 - 0x00007ffa200ef000 	C:\Program Files\Java\jre1.8.0_221\bin\verify.dll
0x00007ffa1db00000 - 0x00007ffa1db29000 	C:\Program Files\Java\jre1.8.0_221\bin\java.dll
0x00007ffa20030000 - 0x00007ffa20046000 	C:\Program Files\Java\jre1.8.0_221\bin\zip.dll
0x00007ffa1d8f0000 - 0x00007ffa1d8fd000 	C:\Program Files\Java\jre1.8.0_221\bin\management.dll
0x00007ffa1fd40000 - 0x00007ffa1fd5a000 	C:\Program Files\Java\jre1.8.0_221\bin\net.dll
0x00007ffa1c5e0000 - 0x00007ffa1c76a000 	C:\Windows\SYSTEM32\urlmon.dll
0x00007ffa1c240000 - 0x00007ffa1c50c000 	C:\Windows\SYSTEM32\iertutil.dll
0x00007ffa1bd90000 - 0x00007ffa1c23c000 	C:\Windows\SYSTEM32\WININET.dll
0x00007ffa222d0000 - 0x00007ffa22329000 	C:\Windows\system32\mswsock.dll
0x00007ffa0f030000 - 0x00007ffa0f045000 	C:\Windows\system32\napinsp.dll
0x00007ffa0f050000 - 0x00007ffa0f06a000 	C:\Windows\system32\pnrpnsp.dll
0x00007ffa1db40000 - 0x00007ffa1db5b000 	C:\Windows\system32\NLAapi.dll
0x00007ffa220d0000 - 0x00007ffa22174000 	C:\Windows\SYSTEM32\DNSAPI.dll
0x00007ffa0f070000 - 0x00007ffa0f07d000 	C:\Windows\System32\winrnr.dll
0x00007ffa0f080000 - 0x00007ffa0f094000 	C:\Windows\system32\wshbth.dll
0x00007ffa14800000 - 0x00007ffa1480a000 	C:\Windows\System32\rasadhlp.dll
0x00007ffa1d690000 - 0x00007ffa1d6ba000 	C:\Windows\SYSTEM32\IPHLPAPI.DLL
0x00007ffa1d670000 - 0x00007ffa1d67a000 	C:\Windows\SYSTEM32\WINNSI.DLL
0x00007ffa1cae0000 - 0x00007ffa1cb4b000 	C:\Windows\System32\fwpuclnt.dll
0x00007ffa0d790000 - 0x00007ffa0d7a2000 	C:\Program Files\Java\jre1.8.0_221\bin\nio.dll
0x00007ffa22330000 - 0x00007ffa22350000 	C:\Windows\SYSTEM32\CRYPTSP.dll
0x00007ffa21f50000 - 0x00007ffa21f86000 	C:\Windows\system32\rsaenh.dll
0x00007ffa225f0000 - 0x00007ffa22616000 	C:\Windows\SYSTEM32\bcrypt.dll
0x00007ffa22910000 - 0x00007ffa22973000 	C:\Windows\system32\bcryptprimitives.dll
0x00007ffa22980000 - 0x00007ffa2298b000 	C:\Windows\SYSTEM32\CRYPTBASE.dll
0x00007ffa1d2b0000 - 0x00007ffa1d2c6000 	C:\Windows\SYSTEM32\dhcpcsvc6.DLL
0x00007ffa1d3e0000 - 0x00007ffa1d3fa000 	C:\Windows\SYSTEM32\dhcpcsvc.DLL

VM Arguments:
jvm_args: -Dfile.encoding=UTF-8 
java_command: org.opendevup.TpSpringMvcApplication
java_class_path (initial): C:\Program Files\Java\jre1.8.0_221\lib\resources.jar;C:\Program Files\Java\jre1.8.0_221\lib\rt.jar;C:\Program Files\Java\jre1.8.0_221\lib\jsse.jar;C:\Program Files\Java\jre1.8.0_221\lib\jce.jar;C:\Program Files\Java\jre1.8.0_221\lib\charsets.jar;C:\Program Files\Java\jre1.8.0_221\lib\jfr.jar;C:\Program Files\Java\jre1.8.0_221\lib\ext\access-bridge-64.jar;C:\Program Files\Java\jre1.8.0_221\lib\ext\cldrdata.jar;C:\Program Files\Java\jre1.8.0_221\lib\ext\dnsns.jar;C:\Program Files\Java\jre1.8.0_221\lib\ext\jaccess.jar;C:\Program Files\Java\jre1.8.0_221\lib\ext\jfxrt.jar;C:\Program Files\Java\jre1.8.0_221\lib\ext\localedata.jar;C:\Program Files\Java\jre1.8.0_221\lib\ext\nashorn.jar;C:\Program Files\Java\jre1.8.0_221\lib\ext\sunec.jar;C:\Program Files\Java\jre1.8.0_221\lib\ext\sunjce_provider.jar;C:\Program Files\Java\jre1.8.0_221\lib\ext\sunmscapi.jar;C:\Program Files\Java\jre1.8.0_221\lib\ext\sunpkcs11.jar;C:\Program Files\Java\jre1.8.0_221\lib\ext\zipfs.jar;C:\Users\HP NOTEBOOK\Documents\workspace-sts-3.9.4.RELEASE\tp-spring-mvc\target\classes;C:\Users\HP NOTEBOOK\.m2\repository\org\springframework\boot\spring-boot-starter-data-jpa\1.4.3.RELEASE\spring-boot-starter-data-jpa-1.4.3.RELEASE.jar;C:\Users\HP NOTEBOOK\.m2\repository\org\springframework\boot\spring-boot-starter\1.4.3.RELEASE\spring-boot-starter-1.4.3.RELEASE.jar;C:\Users\HP NOTEBOOK\.m2\repository\org\springframework\boot\spring-boot-starter-logging\1.4.3.RELEASE\spring-boot-starter-logging-1.4.3.RELEASE.jar;C:\Users\HP NOTEBOOK\.m2\repository\ch\qos\logback\logback-classic\1.1.8\logback-classic-1.1.8.jar;C:\Users\HP NOTEBOOK\.m2\repository\ch\qos\logback\logback-core\1.1.8\logback-core-1.1.8.jar;C:\Users\HP NOTEBOOK\.m2\repository\org\slf4j\jul-to-slf4j\1.7.22\jul-to-slf4j-1.7.22.jar;C:\Users\HP NOTEBOOK\.m2\repository\org\slf4j\log4j-over-slf4j\1.7.22\log4j-over-slf4j-1.7.22.jar;C:\Users\HP NOTEBOOK\.m2\repository\org\yaml\snakeyaml\1.17\snakeyaml-1.17.jar;C:\Users\HP NOTEBOOK\
Launcher Type: SUN_STANDARD

Environment Variables:
JAVA_HOME=C:\Program Files\Java\jdk-10.0.1
PATH=C:/Program Files/Java/jre1.8.0_221/bin/server;C:/Program Files/Java/jre1.8.0_221/bin;C:/Program Files/Java/jre1.8.0_221/lib/amd64;C:\Program Files (x86)\Common Files\Oracle\Java\javapath;C:\cygwin64\bin;C:\Program Files\Microsoft SQL Server\130\Tools\Binn\;C:\Program Files\Microsoft SQL Server\Client SDK\ODBC\130\Tools\Binn\;C:\Program Files\Microsoft SQL Server\130\DTS\Binn\;;C:\Program Files (x86)\Microsoft VS Code\bin;C:\Users\HP NOTEBOOK\AppData\Roaming\npm;C:\Users\HP NOTEBOOK\AppData\Local\Programs\Microsoft VS Code\bin;C:\Users\HP NOTEBOOK\Downloads\Compressed\spring-tool-suite-3.9.4.RELEASE-e4.7.3a-win32-x86_64_2\sts-bundle\sts-3.9.4.RELEASE;
USERNAME=HP NOTEBOOK
OS=Windows_NT
PROCESSOR_IDENTIFIER=Intel64 Family 6 Model 78 Stepping 3, GenuineIntel



---------------  S Y S T E M  ---------------

OS: Windows 8.1 , 64 bit Build 9600 (6.3.9600.19538)

CPU:total 4 (initial active 4) (2 cores per cpu, 2 threads per core) family 6 model 78 stepping 3, cmov, cx8, fxsr, mmx, sse, sse2, sse3, ssse3, sse4.1, sse4.2, popcnt, avx, avx2, aes, clmul, erms, 3dnowpref, lzcnt, ht, tsc, tscinvbit, bmi1, bmi2, adx

Memory: 4k page, physical 8285184k(2193032k free), swap 8809472k(5044k free)

vm_info: Java HotSpot(TM) 64-Bit Server VM (25.221-b11) for windows-amd64 JRE (1.8.0_221-b11), built on Jul  4 2019 04:39:29 by "java_re" with MS VC++ 10.0 (VS2010)

time: Thu Jan 02 11:19:19 2020
timezone: Paris, Madrid
elapsed time: 9 seconds (0d 0h 0m 9s)

